2024-04-11 19:07:09.331 [restartedMain] INFO  c.e.R.RutasMoterasApplication.logStarting - Starting RutasMoterasApplication using Java 21.0.1 with PID 13696 (C:\Users\ivanc\Downloads\RutasMoterasHibernate\RutasMoteras\target\classes started by ivanc in C:\Users\ivanc\Downloads\RutasMoterasHibernate\RutasMoteras)
2024-04-11 19:07:09.353 [restartedMain] INFO  c.e.R.RutasMoterasApplication.logStartupProfileInfo - No active profile set, falling back to 1 default profile: "default"
2024-04-11 19:07:09.477 [restartedMain] INFO  o.s.b.d.e.DevToolsPropertyDefaultsPostProcessor.logTo - Devtools property defaults active! Set 'spring.devtools.add-properties' to 'false' to disable
2024-04-11 19:07:09.479 [restartedMain] INFO  o.s.b.d.e.DevToolsPropertyDefaultsPostProcessor.logTo - For additional web related logging consider setting the 'logging.level.web' property to 'DEBUG'
2024-04-11 19:07:11.303 [restartedMain] INFO  o.s.d.r.c.RepositoryConfigurationDelegate.registerRepositoriesIn - Bootstrapping Spring Data JPA repositories in DEFAULT mode.
2024-04-11 19:07:11.430 [restartedMain] INFO  o.s.d.r.c.RepositoryConfigurationDelegate.registerRepositoriesIn - Finished Spring Data repository scanning in 110 ms. Found 3 JPA repository interfaces.
2024-04-11 19:07:12.648 [restartedMain] INFO  o.s.b.w.e.tomcat.TomcatWebServer.initialize - Tomcat initialized with port 5000 (http)
2024-04-11 19:07:12.670 [restartedMain] INFO  o.a.catalina.core.StandardService.log - Starting service [Tomcat]
2024-04-11 19:07:12.671 [restartedMain] INFO  o.a.catalina.core.StandardEngine.log - Starting Servlet engine: [Apache Tomcat/10.1.18]
2024-04-11 19:07:12.761 [restartedMain] INFO  o.a.c.c.C.[Tomcat].[localhost].[/].log - Initializing Spring embedded WebApplicationContext
2024-04-11 19:07:12.763 [restartedMain] INFO  o.s.b.w.s.c.ServletWebServerApplicationContext.prepareWebApplicationContext - Root WebApplicationContext: initialization completed in 3281 ms
2024-04-11 19:07:13.034 [restartedMain] WARN  o.s.b.a.o.j.JpaBaseConfiguration$JpaWebConfiguration.openEntityManagerInViewInterceptor - spring.jpa.open-in-view is enabled by default. Therefore, database queries may be performed during view rendering. Explicitly configure spring.jpa.open-in-view to disable this warning
2024-04-11 19:07:13.312 [restartedMain] INFO  o.h.jpa.internal.util.LogHelper.logPersistenceUnitInformation - HHH000204: Processing PersistenceUnitInfo [name: default]
2024-04-11 19:07:13.415 [restartedMain] INFO  org.hibernate.Version.logVersion - HHH000412: Hibernate ORM core version 6.4.1.Final
2024-04-11 19:07:13.463 [restartedMain] INFO  o.h.c.i.RegionFactoryInitiator.initiateService - HHH000026: Second-level cache disabled
2024-04-11 19:07:13.781 [restartedMain] INFO  o.s.o.j.p.SpringPersistenceUnitInfo.addTransformer - No LoadTimeWeaver setup: ignoring JPA class transformer
2024-04-11 19:07:13.817 [restartedMain] INFO  com.zaxxer.hikari.HikariDataSource.getConnection - HikariPool-1 - Starting...
2024-04-11 19:07:13.922 [restartedMain] INFO  com.zaxxer.hikari.pool.HikariPool.checkFailFast - HikariPool-1 - Added connection org.mariadb.jdbc.Connection@3dabd082
2024-04-11 19:07:13.924 [restartedMain] INFO  com.zaxxer.hikari.HikariDataSource.getConnection - HikariPool-1 - Start completed.
2024-04-11 19:07:15.219 [restartedMain] INFO  o.h.e.t.j.p.i.JtaPlatformInitiator.initiateService - HHH000489: No JTA platform available (set 'hibernate.transaction.jta.platform' to enable JTA platform integration)
2024-04-11 19:07:15.330 [restartedMain] INFO  o.s.o.j.LocalContainerEntityManagerFactoryBean.buildNativeEntityManagerFactory - Initialized JPA EntityManagerFactory for persistence unit 'default'
2024-04-11 19:07:16.199 [restartedMain] INFO  o.s.d.j.r.query.QueryEnhancerFactory.<clinit> - Hibernate is in classpath; If applicable, HQL parser will be used.
2024-04-11 19:07:17.240 [restartedMain] INFO  o.s.s.web.DefaultSecurityFilterChain.<init> - Will secure any request with [org.springframework.security.web.session.DisableEncodeUrlFilter@7eeef436, org.springframework.security.web.context.request.async.WebAsyncManagerIntegrationFilter@5e4af442, org.springframework.security.web.context.SecurityContextHolderFilter@58f11b22, org.springframework.security.web.header.HeaderWriterFilter@1ed1b845, org.springframework.security.web.authentication.logout.LogoutFilter@c7fbc60, com.example.RutasMoteras.security.JwtAuthenticationFilter@3a811073, org.springframework.security.web.savedrequest.RequestCacheAwareFilter@1a69ed41, org.springframework.security.web.servletapi.SecurityContextHolderAwareRequestFilter@49169218, org.springframework.security.web.authentication.AnonymousAuthenticationFilter@298c59e5, org.springframework.security.web.session.SessionManagementFilter@14fb43a5, org.springframework.security.web.access.ExceptionTranslationFilter@18a1f41b, org.springframework.security.web.access.intercept.AuthorizationFilter@14ecfe9]
2024-04-11 19:07:18.069 [restartedMain] INFO  o.s.b.d.a.OptionalLiveReloadServer.startServer - LiveReload server is running on port 35729
2024-04-11 19:07:18.164 [restartedMain] INFO  o.s.b.w.e.tomcat.TomcatWebServer.start - Tomcat started on port 5000 (http) with context path ''
2024-04-11 19:07:18.179 [restartedMain] INFO  c.e.R.RutasMoterasApplication.logStarted - Started RutasMoterasApplication in 9.673 seconds (process running for 14.575)
2024-04-11 19:08:41.490 [http-nio-5000-exec-1] INFO  o.a.c.c.C.[Tomcat].[localhost].[/].log - Initializing Spring DispatcherServlet 'dispatcherServlet'
2024-04-11 19:08:41.490 [http-nio-5000-exec-1] INFO  o.s.web.servlet.DispatcherServlet.initServletBean - Initializing Servlet 'dispatcherServlet'
2024-04-11 19:08:41.493 [http-nio-5000-exec-1] INFO  o.s.web.servlet.DispatcherServlet.initServletBean - Completed initialization in 2 ms
2024-04-11 19:08:42.063 [http-nio-5000-exec-1] DEBUG org.hibernate.SQL.logStatement - select u1_0.`id`,u1_0.`city`,u1_0.`creation_date`,u1_0.`email`,u1_0.`image`,u1_0.`name`,u1_0.`password`,u1_0.`postal_code`,u1_0.`surname`,u1_0.`username` from `user` u1_0 where u1_0.`username`=?
2024-04-11 19:08:42.109 [http-nio-5000-exec-1] DEBUG org.hibernate.SQL.logStatement - select r1_0.`user_id`,r1_1.`id`,r1_1.`name` from `user_role` r1_0 join `rol` r1_1 on r1_1.`id`=r1_0.`role_id` where r1_0.`user_id`=?
2024-04-11 19:08:42.258 [http-nio-5000-exec-1] DEBUG org.hibernate.SQL.logStatement - select u1_0.`id`,u1_0.`city`,u1_0.`creation_date`,u1_0.`email`,u1_0.`image`,u1_0.`name`,u1_0.`password`,u1_0.`postal_code`,u1_0.`surname`,u1_0.`username` from `user` u1_0 where u1_0.`email`=?
2024-04-11 19:08:42.479 [http-nio-5000-exec-2] DEBUG org.hibernate.SQL.logStatement - select u1_0.`id`,u1_0.`city`,u1_0.`creation_date`,u1_0.`email`,u1_0.`image`,u1_0.`name`,u1_0.`password`,u1_0.`postal_code`,u1_0.`surname`,u1_0.`username` from `user` u1_0 where u1_0.`username`=?
2024-04-11 19:08:42.481 [http-nio-5000-exec-2] DEBUG org.hibernate.SQL.logStatement - select r1_0.`user_id`,r1_1.`id`,r1_1.`name` from `user_role` r1_0 join `rol` r1_1 on r1_1.`id`=r1_0.`role_id` where r1_0.`user_id`=?
2024-04-11 19:08:42.514 [http-nio-5000-exec-2] DEBUG org.hibernate.SQL.logStatement - select u1_0.`id`,u1_0.`city`,u1_0.`creation_date`,u1_0.`email`,u1_0.`image`,u1_0.`name`,u1_0.`password`,u1_0.`postal_code`,u1_0.`surname`,u1_0.`username` from `user` u1_0 where u1_0.`email`=?
2024-04-11 19:08:42.516 [http-nio-5000-exec-2] DEBUG org.hibernate.SQL.logStatement - select r1_0.`user_id`,r1_1.`id`,r1_1.`name` from `user_role` r1_0 join `rol` r1_1 on r1_1.`id`=r1_0.`role_id` where r1_0.`user_id`=?
2024-04-11 19:08:43.233 [http-nio-5000-exec-3] DEBUG org.hibernate.SQL.logStatement - select u1_0.`id`,u1_0.`city`,u1_0.`creation_date`,u1_0.`email`,u1_0.`image`,u1_0.`name`,u1_0.`password`,u1_0.`postal_code`,u1_0.`surname`,u1_0.`username` from `user` u1_0 where u1_0.`username`=?
2024-04-11 19:08:43.235 [http-nio-5000-exec-3] DEBUG org.hibernate.SQL.logStatement - select r1_0.`user_id`,r1_1.`id`,r1_1.`name` from `user_role` r1_0 join `rol` r1_1 on r1_1.`id`=r1_0.`role_id` where r1_0.`user_id`=?
2024-04-11 19:08:43.251 [http-nio-5000-exec-3] DEBUG org.hibernate.SQL.logStatement - select r1_0.`id`,r1_0.`comunidad_autonoma`,r1_0.`tipo_moto`,r1_0.`descripcion`,r1_0.`fecha_creacion`,r1_0.`imageurl`,r1_0.`titulo`,r1_0.`user_id` from `ruta` r1_0
2024-04-11 19:08:49.125 [http-nio-5000-exec-4] DEBUG org.hibernate.SQL.logStatement - select u1_0.`id`,u1_0.`city`,u1_0.`creation_date`,u1_0.`email`,u1_0.`image`,u1_0.`name`,u1_0.`password`,u1_0.`postal_code`,u1_0.`surname`,u1_0.`username` from `user` u1_0 where u1_0.`username`=?
2024-04-11 19:08:49.126 [http-nio-5000-exec-4] DEBUG org.hibernate.SQL.logStatement - select r1_0.`user_id`,r1_1.`id`,r1_1.`name` from `user_role` r1_0 join `rol` r1_1 on r1_1.`id`=r1_0.`role_id` where r1_0.`user_id`=?
2024-04-11 19:08:49.137 [http-nio-5000-exec-4] DEBUG org.hibernate.SQL.logStatement - select r1_0.`id`,r1_0.`comunidad_autonoma`,r1_0.`tipo_moto`,r1_0.`descripcion`,r1_0.`fecha_creacion`,r1_0.`imageurl`,r1_0.`titulo`,r1_0.`user_id` from `ruta` r1_0 where r1_0.`user_id`=?
2024-04-11 19:42:39.456 [http-nio-5000-exec-6] DEBUG org.hibernate.SQL.logStatement - select u1_0.`id`,u1_0.`city`,u1_0.`creation_date`,u1_0.`email`,u1_0.`image`,u1_0.`name`,u1_0.`password`,u1_0.`postal_code`,u1_0.`surname`,u1_0.`username` from `user` u1_0 where u1_0.`username`=?
2024-04-11 19:42:39.459 [http-nio-5000-exec-6] DEBUG org.hibernate.SQL.logStatement - select r1_0.`user_id`,r1_1.`id`,r1_1.`name` from `user_role` r1_0 join `rol` r1_1 on r1_1.`id`=r1_0.`role_id` where r1_0.`user_id`=?
2024-04-11 19:42:39.469 [http-nio-5000-exec-6] DEBUG org.hibernate.SQL.logStatement - select r1_0.`id`,r1_0.`comunidad_autonoma`,r1_0.`tipo_moto`,r1_0.`descripcion`,r1_0.`fecha_creacion`,r1_0.`imageurl`,r1_0.`titulo`,r1_0.`user_id` from `ruta` r1_0
2024-04-11 19:42:42.143 [http-nio-5000-exec-7] DEBUG org.hibernate.SQL.logStatement - select u1_0.`id`,u1_0.`city`,u1_0.`creation_date`,u1_0.`email`,u1_0.`image`,u1_0.`name`,u1_0.`password`,u1_0.`postal_code`,u1_0.`surname`,u1_0.`username` from `user` u1_0 where u1_0.`username`=?
2024-04-11 19:42:42.145 [http-nio-5000-exec-7] DEBUG org.hibernate.SQL.logStatement - select r1_0.`user_id`,r1_1.`id`,r1_1.`name` from `user_role` r1_0 join `rol` r1_1 on r1_1.`id`=r1_0.`role_id` where r1_0.`user_id`=?
2024-04-11 19:42:42.152 [http-nio-5000-exec-7] DEBUG org.hibernate.SQL.logStatement - select r1_0.`id`,r1_0.`comunidad_autonoma`,r1_0.`tipo_moto`,r1_0.`descripcion`,r1_0.`fecha_creacion`,r1_0.`imageurl`,r1_0.`titulo`,r1_0.`user_id` from `ruta` r1_0 where r1_0.`user_id`=?
2024-04-11 19:43:09.585 [http-nio-5000-exec-8] DEBUG org.hibernate.SQL.logStatement - select u1_0.`id`,u1_0.`city`,u1_0.`creation_date`,u1_0.`email`,u1_0.`image`,u1_0.`name`,u1_0.`password`,u1_0.`postal_code`,u1_0.`surname`,u1_0.`username` from `user` u1_0 where u1_0.`username`=?
2024-04-11 19:43:09.587 [http-nio-5000-exec-8] DEBUG org.hibernate.SQL.logStatement - select r1_0.`user_id`,r1_1.`id`,r1_1.`name` from `user_role` r1_0 join `rol` r1_1 on r1_1.`id`=r1_0.`role_id` where r1_0.`user_id`=?
2024-04-11 19:43:09.594 [http-nio-5000-exec-8] DEBUG org.hibernate.SQL.logStatement - select r1_0.`id`,r1_0.`comunidad_autonoma`,r1_0.`tipo_moto`,r1_0.`descripcion`,r1_0.`fecha_creacion`,r1_0.`imageurl`,r1_0.`titulo`,r1_0.`user_id` from `ruta` r1_0
2024-04-11 21:19:27.140 [http-nio-5000-exec-10] DEBUG org.hibernate.SQL.logStatement - select u1_0.`id`,u1_0.`city`,u1_0.`creation_date`,u1_0.`email`,u1_0.`image`,u1_0.`name`,u1_0.`password`,u1_0.`postal_code`,u1_0.`surname`,u1_0.`username` from `user` u1_0 where u1_0.`username`=?
2024-04-11 21:19:27.143 [http-nio-5000-exec-10] DEBUG org.hibernate.SQL.logStatement - select r1_0.`user_id`,r1_1.`id`,r1_1.`name` from `user_role` r1_0 join `rol` r1_1 on r1_1.`id`=r1_0.`role_id` where r1_0.`user_id`=?
2024-04-11 21:19:27.255 [http-nio-5000-exec-10] DEBUG org.hibernate.SQL.logStatement - select u1_0.`id`,u1_0.`city`,u1_0.`creation_date`,u1_0.`email`,u1_0.`image`,u1_0.`name`,u1_0.`password`,u1_0.`postal_code`,u1_0.`surname`,u1_0.`username` from `user` u1_0 where u1_0.`email`=?
2024-04-11 21:19:27.278 [http-nio-5000-exec-1] DEBUG org.hibernate.SQL.logStatement - select u1_0.`id`,u1_0.`city`,u1_0.`creation_date`,u1_0.`email`,u1_0.`image`,u1_0.`name`,u1_0.`password`,u1_0.`postal_code`,u1_0.`surname`,u1_0.`username` from `user` u1_0 where u1_0.`username`=?
2024-04-11 21:19:27.280 [http-nio-5000-exec-1] DEBUG org.hibernate.SQL.logStatement - select r1_0.`user_id`,r1_1.`id`,r1_1.`name` from `user_role` r1_0 join `rol` r1_1 on r1_1.`id`=r1_0.`role_id` where r1_0.`user_id`=?
2024-04-11 21:19:27.287 [http-nio-5000-exec-1] DEBUG org.hibernate.SQL.logStatement - select u1_0.`id`,u1_0.`city`,u1_0.`creation_date`,u1_0.`email`,u1_0.`image`,u1_0.`name`,u1_0.`password`,u1_0.`postal_code`,u1_0.`surname`,u1_0.`username` from `user` u1_0 where u1_0.`email`=?
2024-04-11 21:19:27.290 [http-nio-5000-exec-1] DEBUG org.hibernate.SQL.logStatement - select r1_0.`user_id`,r1_1.`id`,r1_1.`name` from `user_role` r1_0 join `rol` r1_1 on r1_1.`id`=r1_0.`role_id` where r1_0.`user_id`=?
2024-04-11 21:19:27.943 [http-nio-5000-exec-2] DEBUG org.hibernate.SQL.logStatement - select u1_0.`id`,u1_0.`city`,u1_0.`creation_date`,u1_0.`email`,u1_0.`image`,u1_0.`name`,u1_0.`password`,u1_0.`postal_code`,u1_0.`surname`,u1_0.`username` from `user` u1_0 where u1_0.`username`=?
2024-04-11 21:19:27.946 [http-nio-5000-exec-2] DEBUG org.hibernate.SQL.logStatement - select r1_0.`user_id`,r1_1.`id`,r1_1.`name` from `user_role` r1_0 join `rol` r1_1 on r1_1.`id`=r1_0.`role_id` where r1_0.`user_id`=?
2024-04-11 21:19:27.950 [http-nio-5000-exec-2] DEBUG org.hibernate.SQL.logStatement - select r1_0.`id`,r1_0.`comunidad_autonoma`,r1_0.`tipo_moto`,r1_0.`descripcion`,r1_0.`fecha_creacion`,r1_0.`imageurl`,r1_0.`titulo`,r1_0.`user_id` from `ruta` r1_0
2024-04-11 21:19:37.172 [http-nio-5000-exec-3] DEBUG org.hibernate.SQL.logStatement - select u1_0.`id`,u1_0.`city`,u1_0.`creation_date`,u1_0.`email`,u1_0.`image`,u1_0.`name`,u1_0.`password`,u1_0.`postal_code`,u1_0.`surname`,u1_0.`username` from `user` u1_0 where u1_0.`username`=?
2024-04-11 21:19:37.175 [http-nio-5000-exec-3] DEBUG org.hibernate.SQL.logStatement - select r1_0.`user_id`,r1_1.`id`,r1_1.`name` from `user_role` r1_0 join `rol` r1_1 on r1_1.`id`=r1_0.`role_id` where r1_0.`user_id`=?
2024-04-11 21:19:37.179 [http-nio-5000-exec-3] DEBUG org.hibernate.SQL.logStatement - select r1_0.`id`,r1_0.`comunidad_autonoma`,r1_0.`tipo_moto`,r1_0.`descripcion`,r1_0.`fecha_creacion`,r1_0.`imageurl`,r1_0.`titulo`,r1_0.`user_id` from `ruta` r1_0 where r1_0.`user_id`=?
2024-04-11 21:20:05.138 [http-nio-5000-exec-4] DEBUG org.hibernate.SQL.logStatement - select u1_0.`id`,u1_0.`city`,u1_0.`creation_date`,u1_0.`email`,u1_0.`image`,u1_0.`name`,u1_0.`password`,u1_0.`postal_code`,u1_0.`surname`,u1_0.`username` from `user` u1_0 where u1_0.`username`=?
2024-04-11 21:20:05.139 [http-nio-5000-exec-4] DEBUG org.hibernate.SQL.logStatement - select r1_0.`user_id`,r1_1.`id`,r1_1.`name` from `user_role` r1_0 join `rol` r1_1 on r1_1.`id`=r1_0.`role_id` where r1_0.`user_id`=?
2024-04-11 21:20:05.180 [http-nio-5000-exec-4] DEBUG org.hibernate.SQL.logStatement - select r1_0.`id`,r1_0.`comunidad_autonoma`,r1_0.`tipo_moto`,r1_0.`descripcion`,r1_0.`fecha_creacion`,r1_0.`imageurl`,r1_0.`titulo`,r1_0.`user_id` from `ruta` r1_0 where r1_0.`id`=?
2024-04-11 22:11:35.487 [http-nio-5000-exec-6] DEBUG org.hibernate.SQL.logStatement - select u1_0.`id`,u1_0.`city`,u1_0.`creation_date`,u1_0.`email`,u1_0.`image`,u1_0.`name`,u1_0.`password`,u1_0.`postal_code`,u1_0.`surname`,u1_0.`username` from `user` u1_0 where u1_0.`username`=?
2024-04-11 22:11:35.499 [http-nio-5000-exec-6] DEBUG org.hibernate.SQL.logStatement - select r1_0.`user_id`,r1_1.`id`,r1_1.`name` from `user_role` r1_0 join `rol` r1_1 on r1_1.`id`=r1_0.`role_id` where r1_0.`user_id`=?
2024-04-11 22:11:35.518 [http-nio-5000-exec-6] DEBUG org.hibernate.SQL.logStatement - select r1_0.`id`,r1_0.`comunidad_autonoma`,r1_0.`tipo_moto`,r1_0.`descripcion`,r1_0.`fecha_creacion`,r1_0.`imageurl`,r1_0.`titulo`,r1_0.`user_id` from `ruta` r1_0
2024-04-11 22:16:22.165 [http-nio-5000-exec-8] DEBUG org.hibernate.SQL.logStatement - select u1_0.`id`,u1_0.`city`,u1_0.`creation_date`,u1_0.`email`,u1_0.`image`,u1_0.`name`,u1_0.`password`,u1_0.`postal_code`,u1_0.`surname`,u1_0.`username` from `user` u1_0 where u1_0.`username`=?
2024-04-11 22:16:22.171 [http-nio-5000-exec-8] DEBUG org.hibernate.SQL.logStatement - select r1_0.`user_id`,r1_1.`id`,r1_1.`name` from `user_role` r1_0 join `rol` r1_1 on r1_1.`id`=r1_0.`role_id` where r1_0.`user_id`=?
2024-04-11 22:16:22.182 [http-nio-5000-exec-8] DEBUG org.hibernate.SQL.logStatement - select r1_0.`id`,r1_0.`comunidad_autonoma`,r1_0.`tipo_moto`,r1_0.`descripcion`,r1_0.`fecha_creacion`,r1_0.`imageurl`,r1_0.`titulo`,r1_0.`user_id` from `ruta` r1_0
2024-04-11 22:16:25.751 [http-nio-5000-exec-9] DEBUG org.hibernate.SQL.logStatement - select u1_0.`id`,u1_0.`city`,u1_0.`creation_date`,u1_0.`email`,u1_0.`image`,u1_0.`name`,u1_0.`password`,u1_0.`postal_code`,u1_0.`surname`,u1_0.`username` from `user` u1_0 where u1_0.`username`=?
2024-04-11 22:16:25.754 [http-nio-5000-exec-9] DEBUG org.hibernate.SQL.logStatement - select r1_0.`user_id`,r1_1.`id`,r1_1.`name` from `user_role` r1_0 join `rol` r1_1 on r1_1.`id`=r1_0.`role_id` where r1_0.`user_id`=?
2024-04-11 22:16:25.777 [http-nio-5000-exec-9] DEBUG org.hibernate.SQL.logStatement - select r1_0.`id`,r1_0.`comunidad_autonoma`,r1_0.`tipo_moto`,r1_0.`descripcion`,r1_0.`fecha_creacion`,r1_0.`imageurl`,r1_0.`titulo`,r1_0.`user_id` from `ruta` r1_0 where r1_0.`user_id`=?
2024-04-11 22:16:26.420 [http-nio-5000-exec-10] DEBUG org.hibernate.SQL.logStatement - select u1_0.`id`,u1_0.`city`,u1_0.`creation_date`,u1_0.`email`,u1_0.`image`,u1_0.`name`,u1_0.`password`,u1_0.`postal_code`,u1_0.`surname`,u1_0.`username` from `user` u1_0 where u1_0.`username`=?
2024-04-11 22:16:26.422 [http-nio-5000-exec-10] DEBUG org.hibernate.SQL.logStatement - select r1_0.`user_id`,r1_1.`id`,r1_1.`name` from `user_role` r1_0 join `rol` r1_1 on r1_1.`id`=r1_0.`role_id` where r1_0.`user_id`=?
2024-04-11 22:16:26.434 [http-nio-5000-exec-10] DEBUG org.hibernate.SQL.logStatement - select r1_0.`id`,r1_0.`comunidad_autonoma`,r1_0.`tipo_moto`,r1_0.`descripcion`,r1_0.`fecha_creacion`,r1_0.`imageurl`,r1_0.`titulo`,r1_0.`user_id` from `ruta` r1_0 where r1_0.`id`=?
2024-04-11 22:16:28.914 [http-nio-5000-exec-1] DEBUG org.hibernate.SQL.logStatement - select u1_0.`id`,u1_0.`city`,u1_0.`creation_date`,u1_0.`email`,u1_0.`image`,u1_0.`name`,u1_0.`password`,u1_0.`postal_code`,u1_0.`surname`,u1_0.`username` from `user` u1_0 where u1_0.`username`=?
2024-04-11 22:16:28.916 [http-nio-5000-exec-1] DEBUG org.hibernate.SQL.logStatement - select r1_0.`user_id`,r1_1.`id`,r1_1.`name` from `user_role` r1_0 join `rol` r1_1 on r1_1.`id`=r1_0.`role_id` where r1_0.`user_id`=?
2024-04-11 22:16:28.927 [http-nio-5000-exec-1] DEBUG org.hibernate.SQL.logStatement - select r1_0.`id`,r1_0.`comunidad_autonoma`,r1_0.`tipo_moto`,r1_0.`descripcion`,r1_0.`fecha_creacion`,r1_0.`imageurl`,r1_0.`titulo`,r1_0.`user_id` from `ruta` r1_0 where r1_0.`id`=?
2024-04-11 22:16:46.434 [http-nio-5000-exec-2] DEBUG org.hibernate.SQL.logStatement - select u1_0.`id`,u1_0.`city`,u1_0.`creation_date`,u1_0.`email`,u1_0.`image`,u1_0.`name`,u1_0.`password`,u1_0.`postal_code`,u1_0.`surname`,u1_0.`username` from `user` u1_0 where u1_0.`username`=?
2024-04-11 22:16:46.436 [http-nio-5000-exec-2] DEBUG org.hibernate.SQL.logStatement - select r1_0.`user_id`,r1_1.`id`,r1_1.`name` from `user_role` r1_0 join `rol` r1_1 on r1_1.`id`=r1_0.`role_id` where r1_0.`user_id`=?
2024-04-11 22:16:46.514 [http-nio-5000-exec-2] DEBUG org.hibernate.SQL.logStatement - select r1_0.`id`,r1_0.`comunidad_autonoma`,r1_0.`tipo_moto`,r1_0.`descripcion`,r1_0.`fecha_creacion`,r1_0.`imageurl`,r1_0.`titulo`,r1_0.`user_id` from `ruta` r1_0 where r1_0.`id`=?
2024-04-11 22:16:46.617 [http-nio-5000-exec-2] DEBUG org.hibernate.SQL.logStatement - update `ruta` set `comunidad_autonoma`=?,`tipo_moto`=?,`descripcion`=?,`fecha_creacion`=?,`imageurl`=?,`titulo`=?,`user_id`=? where `id`=?
2024-04-11 22:16:46.883 [http-nio-5000-exec-3] DEBUG org.hibernate.SQL.logStatement - select u1_0.`id`,u1_0.`city`,u1_0.`creation_date`,u1_0.`email`,u1_0.`image`,u1_0.`name`,u1_0.`password`,u1_0.`postal_code`,u1_0.`surname`,u1_0.`username` from `user` u1_0 where u1_0.`username`=?
2024-04-11 22:16:46.885 [http-nio-5000-exec-3] DEBUG org.hibernate.SQL.logStatement - select r1_0.`user_id`,r1_1.`id`,r1_1.`name` from `user_role` r1_0 join `rol` r1_1 on r1_1.`id`=r1_0.`role_id` where r1_0.`user_id`=?
2024-04-11 22:16:46.894 [http-nio-5000-exec-3] DEBUG org.hibernate.SQL.logStatement - select r1_0.`id`,r1_0.`comunidad_autonoma`,r1_0.`tipo_moto`,r1_0.`descripcion`,r1_0.`fecha_creacion`,r1_0.`imageurl`,r1_0.`titulo`,r1_0.`user_id` from `ruta` r1_0
2024-04-11 22:16:49.299 [http-nio-5000-exec-4] DEBUG org.hibernate.SQL.logStatement - select u1_0.`id`,u1_0.`city`,u1_0.`creation_date`,u1_0.`email`,u1_0.`image`,u1_0.`name`,u1_0.`password`,u1_0.`postal_code`,u1_0.`surname`,u1_0.`username` from `user` u1_0 where u1_0.`username`=?
2024-04-11 22:16:49.302 [http-nio-5000-exec-4] DEBUG org.hibernate.SQL.logStatement - select r1_0.`user_id`,r1_1.`id`,r1_1.`name` from `user_role` r1_0 join `rol` r1_1 on r1_1.`id`=r1_0.`role_id` where r1_0.`user_id`=?
2024-04-11 22:16:49.315 [http-nio-5000-exec-4] DEBUG org.hibernate.SQL.logStatement - select r1_0.`id`,r1_0.`comunidad_autonoma`,r1_0.`tipo_moto`,r1_0.`descripcion`,r1_0.`fecha_creacion`,r1_0.`imageurl`,r1_0.`titulo`,r1_0.`user_id` from `ruta` r1_0 where r1_0.`user_id`=?
2024-04-11 22:16:51.086 [http-nio-5000-exec-5] DEBUG org.hibernate.SQL.logStatement - select u1_0.`id`,u1_0.`city`,u1_0.`creation_date`,u1_0.`email`,u1_0.`image`,u1_0.`name`,u1_0.`password`,u1_0.`postal_code`,u1_0.`surname`,u1_0.`username` from `user` u1_0 where u1_0.`username`=?
2024-04-11 22:16:51.087 [http-nio-5000-exec-5] DEBUG org.hibernate.SQL.logStatement - select r1_0.`user_id`,r1_1.`id`,r1_1.`name` from `user_role` r1_0 join `rol` r1_1 on r1_1.`id`=r1_0.`role_id` where r1_0.`user_id`=?
2024-04-11 22:16:51.095 [http-nio-5000-exec-5] DEBUG org.hibernate.SQL.logStatement - select r1_0.`id`,r1_0.`comunidad_autonoma`,r1_0.`tipo_moto`,r1_0.`descripcion`,r1_0.`fecha_creacion`,r1_0.`imageurl`,r1_0.`titulo`,r1_0.`user_id` from `ruta` r1_0 where r1_0.`id`=?
2024-04-11 22:16:52.877 [http-nio-5000-exec-6] DEBUG org.hibernate.SQL.logStatement - select u1_0.`id`,u1_0.`city`,u1_0.`creation_date`,u1_0.`email`,u1_0.`image`,u1_0.`name`,u1_0.`password`,u1_0.`postal_code`,u1_0.`surname`,u1_0.`username` from `user` u1_0 where u1_0.`username`=?
2024-04-11 22:16:52.878 [http-nio-5000-exec-6] DEBUG org.hibernate.SQL.logStatement - select r1_0.`user_id`,r1_1.`id`,r1_1.`name` from `user_role` r1_0 join `rol` r1_1 on r1_1.`id`=r1_0.`role_id` where r1_0.`user_id`=?
2024-04-11 22:16:52.884 [http-nio-5000-exec-6] DEBUG org.hibernate.SQL.logStatement - select r1_0.`id`,r1_0.`comunidad_autonoma`,r1_0.`tipo_moto`,r1_0.`descripcion`,r1_0.`fecha_creacion`,r1_0.`imageurl`,r1_0.`titulo`,r1_0.`user_id` from `ruta` r1_0 where r1_0.`id`=?
2024-04-11 22:16:58.833 [http-nio-5000-exec-7] DEBUG org.hibernate.SQL.logStatement - select u1_0.`id`,u1_0.`city`,u1_0.`creation_date`,u1_0.`email`,u1_0.`image`,u1_0.`name`,u1_0.`password`,u1_0.`postal_code`,u1_0.`surname`,u1_0.`username` from `user` u1_0 where u1_0.`username`=?
2024-04-11 22:16:58.835 [http-nio-5000-exec-7] DEBUG org.hibernate.SQL.logStatement - select r1_0.`user_id`,r1_1.`id`,r1_1.`name` from `user_role` r1_0 join `rol` r1_1 on r1_1.`id`=r1_0.`role_id` where r1_0.`user_id`=?
2024-04-11 22:16:58.847 [http-nio-5000-exec-7] DEBUG org.hibernate.SQL.logStatement - select r1_0.`id`,r1_0.`comunidad_autonoma`,r1_0.`tipo_moto`,r1_0.`descripcion`,r1_0.`fecha_creacion`,r1_0.`imageurl`,r1_0.`titulo`,r1_0.`user_id` from `ruta` r1_0 where r1_0.`id`=?
2024-04-11 22:16:58.851 [http-nio-5000-exec-7] DEBUG org.hibernate.SQL.logStatement - update `ruta` set `comunidad_autonoma`=?,`tipo_moto`=?,`descripcion`=?,`fecha_creacion`=?,`imageurl`=?,`titulo`=?,`user_id`=? where `id`=?
2024-04-11 22:16:58.980 [http-nio-5000-exec-8] DEBUG org.hibernate.SQL.logStatement - select u1_0.`id`,u1_0.`city`,u1_0.`creation_date`,u1_0.`email`,u1_0.`image`,u1_0.`name`,u1_0.`password`,u1_0.`postal_code`,u1_0.`surname`,u1_0.`username` from `user` u1_0 where u1_0.`username`=?
2024-04-11 22:16:58.983 [http-nio-5000-exec-8] DEBUG org.hibernate.SQL.logStatement - select r1_0.`user_id`,r1_1.`id`,r1_1.`name` from `user_role` r1_0 join `rol` r1_1 on r1_1.`id`=r1_0.`role_id` where r1_0.`user_id`=?
2024-04-11 22:16:58.994 [http-nio-5000-exec-8] DEBUG org.hibernate.SQL.logStatement - select r1_0.`id`,r1_0.`comunidad_autonoma`,r1_0.`tipo_moto`,r1_0.`descripcion`,r1_0.`fecha_creacion`,r1_0.`imageurl`,r1_0.`titulo`,r1_0.`user_id` from `ruta` r1_0
2024-04-11 22:17:00.179 [http-nio-5000-exec-9] DEBUG org.hibernate.SQL.logStatement - select u1_0.`id`,u1_0.`city`,u1_0.`creation_date`,u1_0.`email`,u1_0.`image`,u1_0.`name`,u1_0.`password`,u1_0.`postal_code`,u1_0.`surname`,u1_0.`username` from `user` u1_0 where u1_0.`username`=?
2024-04-11 22:17:00.181 [http-nio-5000-exec-9] DEBUG org.hibernate.SQL.logStatement - select r1_0.`user_id`,r1_1.`id`,r1_1.`name` from `user_role` r1_0 join `rol` r1_1 on r1_1.`id`=r1_0.`role_id` where r1_0.`user_id`=?
2024-04-11 22:17:00.190 [http-nio-5000-exec-9] DEBUG org.hibernate.SQL.logStatement - select r1_0.`id`,r1_0.`comunidad_autonoma`,r1_0.`tipo_moto`,r1_0.`descripcion`,r1_0.`fecha_creacion`,r1_0.`imageurl`,r1_0.`titulo`,r1_0.`user_id` from `ruta` r1_0 where r1_0.`id`=?
2024-04-11 22:17:03.071 [http-nio-5000-exec-10] DEBUG org.hibernate.SQL.logStatement - select u1_0.`id`,u1_0.`city`,u1_0.`creation_date`,u1_0.`email`,u1_0.`image`,u1_0.`name`,u1_0.`password`,u1_0.`postal_code`,u1_0.`surname`,u1_0.`username` from `user` u1_0 where u1_0.`username`=?
2024-04-11 22:17:03.072 [http-nio-5000-exec-10] DEBUG org.hibernate.SQL.logStatement - select r1_0.`user_id`,r1_1.`id`,r1_1.`name` from `user_role` r1_0 join `rol` r1_1 on r1_1.`id`=r1_0.`role_id` where r1_0.`user_id`=?
2024-04-11 22:17:03.077 [http-nio-5000-exec-10] DEBUG org.hibernate.SQL.logStatement - select r1_0.`id`,r1_0.`comunidad_autonoma`,r1_0.`tipo_moto`,r1_0.`descripcion`,r1_0.`fecha_creacion`,r1_0.`imageurl`,r1_0.`titulo`,r1_0.`user_id` from `ruta` r1_0 where r1_0.`user_id`=?
2024-04-11 22:17:03.868 [http-nio-5000-exec-1] DEBUG org.hibernate.SQL.logStatement - select u1_0.`id`,u1_0.`city`,u1_0.`creation_date`,u1_0.`email`,u1_0.`image`,u1_0.`name`,u1_0.`password`,u1_0.`postal_code`,u1_0.`surname`,u1_0.`username` from `user` u1_0 where u1_0.`username`=?
2024-04-11 22:17:03.869 [http-nio-5000-exec-1] DEBUG org.hibernate.SQL.logStatement - select r1_0.`user_id`,r1_1.`id`,r1_1.`name` from `user_role` r1_0 join `rol` r1_1 on r1_1.`id`=r1_0.`role_id` where r1_0.`user_id`=?
2024-04-11 22:17:03.875 [http-nio-5000-exec-1] DEBUG org.hibernate.SQL.logStatement - select r1_0.`id`,r1_0.`comunidad_autonoma`,r1_0.`tipo_moto`,r1_0.`descripcion`,r1_0.`fecha_creacion`,r1_0.`imageurl`,r1_0.`titulo`,r1_0.`user_id` from `ruta` r1_0 where r1_0.`id`=?
2024-04-11 22:17:04.557 [http-nio-5000-exec-2] DEBUG org.hibernate.SQL.logStatement - select u1_0.`id`,u1_0.`city`,u1_0.`creation_date`,u1_0.`email`,u1_0.`image`,u1_0.`name`,u1_0.`password`,u1_0.`postal_code`,u1_0.`surname`,u1_0.`username` from `user` u1_0 where u1_0.`username`=?
2024-04-11 22:17:04.560 [http-nio-5000-exec-2] DEBUG org.hibernate.SQL.logStatement - select r1_0.`user_id`,r1_1.`id`,r1_1.`name` from `user_role` r1_0 join `rol` r1_1 on r1_1.`id`=r1_0.`role_id` where r1_0.`user_id`=?
2024-04-11 22:17:04.567 [http-nio-5000-exec-2] DEBUG org.hibernate.SQL.logStatement - select r1_0.`id`,r1_0.`comunidad_autonoma`,r1_0.`tipo_moto`,r1_0.`descripcion`,r1_0.`fecha_creacion`,r1_0.`imageurl`,r1_0.`titulo`,r1_0.`user_id` from `ruta` r1_0 where r1_0.`id`=?
2024-04-11 22:17:12.175 [http-nio-5000-exec-3] DEBUG org.hibernate.SQL.logStatement - select u1_0.`id`,u1_0.`city`,u1_0.`creation_date`,u1_0.`email`,u1_0.`image`,u1_0.`name`,u1_0.`password`,u1_0.`postal_code`,u1_0.`surname`,u1_0.`username` from `user` u1_0 where u1_0.`username`=?
2024-04-11 22:17:12.177 [http-nio-5000-exec-3] DEBUG org.hibernate.SQL.logStatement - select r1_0.`user_id`,r1_1.`id`,r1_1.`name` from `user_role` r1_0 join `rol` r1_1 on r1_1.`id`=r1_0.`role_id` where r1_0.`user_id`=?
2024-04-11 22:17:12.185 [http-nio-5000-exec-3] DEBUG org.hibernate.SQL.logStatement - select r1_0.`id`,r1_0.`comunidad_autonoma`,r1_0.`tipo_moto`,r1_0.`descripcion`,r1_0.`fecha_creacion`,r1_0.`imageurl`,r1_0.`titulo`,r1_0.`user_id` from `ruta` r1_0 where r1_0.`id`=?
2024-04-11 22:17:12.189 [http-nio-5000-exec-3] DEBUG org.hibernate.SQL.logStatement - update `ruta` set `comunidad_autonoma`=?,`tipo_moto`=?,`descripcion`=?,`fecha_creacion`=?,`imageurl`=?,`titulo`=?,`user_id`=? where `id`=?
2024-04-11 22:17:12.284 [http-nio-5000-exec-4] DEBUG org.hibernate.SQL.logStatement - select u1_0.`id`,u1_0.`city`,u1_0.`creation_date`,u1_0.`email`,u1_0.`image`,u1_0.`name`,u1_0.`password`,u1_0.`postal_code`,u1_0.`surname`,u1_0.`username` from `user` u1_0 where u1_0.`username`=?
2024-04-11 22:17:12.287 [http-nio-5000-exec-4] DEBUG org.hibernate.SQL.logStatement - select r1_0.`user_id`,r1_1.`id`,r1_1.`name` from `user_role` r1_0 join `rol` r1_1 on r1_1.`id`=r1_0.`role_id` where r1_0.`user_id`=?
2024-04-11 22:17:12.304 [http-nio-5000-exec-4] DEBUG org.hibernate.SQL.logStatement - select r1_0.`id`,r1_0.`comunidad_autonoma`,r1_0.`tipo_moto`,r1_0.`descripcion`,r1_0.`fecha_creacion`,r1_0.`imageurl`,r1_0.`titulo`,r1_0.`user_id` from `ruta` r1_0
2024-04-11 22:17:14.696 [http-nio-5000-exec-5] DEBUG org.hibernate.SQL.logStatement - select u1_0.`id`,u1_0.`city`,u1_0.`creation_date`,u1_0.`email`,u1_0.`image`,u1_0.`name`,u1_0.`password`,u1_0.`postal_code`,u1_0.`surname`,u1_0.`username` from `user` u1_0 where u1_0.`username`=?
2024-04-11 22:17:14.698 [http-nio-5000-exec-5] DEBUG org.hibernate.SQL.logStatement - select r1_0.`user_id`,r1_1.`id`,r1_1.`name` from `user_role` r1_0 join `rol` r1_1 on r1_1.`id`=r1_0.`role_id` where r1_0.`user_id`=?
2024-04-11 22:17:14.702 [http-nio-5000-exec-5] DEBUG org.hibernate.SQL.logStatement - select r1_0.`id`,r1_0.`comunidad_autonoma`,r1_0.`tipo_moto`,r1_0.`descripcion`,r1_0.`fecha_creacion`,r1_0.`imageurl`,r1_0.`titulo`,r1_0.`user_id` from `ruta` r1_0 where r1_0.`user_id`=?
2024-04-11 22:17:16.316 [http-nio-5000-exec-6] DEBUG org.hibernate.SQL.logStatement - select u1_0.`id`,u1_0.`city`,u1_0.`creation_date`,u1_0.`email`,u1_0.`image`,u1_0.`name`,u1_0.`password`,u1_0.`postal_code`,u1_0.`surname`,u1_0.`username` from `user` u1_0 where u1_0.`username`=?
2024-04-11 22:17:16.320 [http-nio-5000-exec-6] DEBUG org.hibernate.SQL.logStatement - select r1_0.`user_id`,r1_1.`id`,r1_1.`name` from `user_role` r1_0 join `rol` r1_1 on r1_1.`id`=r1_0.`role_id` where r1_0.`user_id`=?
2024-04-11 22:17:16.329 [http-nio-5000-exec-6] DEBUG org.hibernate.SQL.logStatement - select r1_0.`id`,r1_0.`comunidad_autonoma`,r1_0.`tipo_moto`,r1_0.`descripcion`,r1_0.`fecha_creacion`,r1_0.`imageurl`,r1_0.`titulo`,r1_0.`user_id` from `ruta` r1_0 where r1_0.`id`=?
2024-04-11 22:17:17.554 [http-nio-5000-exec-7] DEBUG org.hibernate.SQL.logStatement - select u1_0.`id`,u1_0.`city`,u1_0.`creation_date`,u1_0.`email`,u1_0.`image`,u1_0.`name`,u1_0.`password`,u1_0.`postal_code`,u1_0.`surname`,u1_0.`username` from `user` u1_0 where u1_0.`username`=?
2024-04-11 22:17:17.555 [http-nio-5000-exec-7] DEBUG org.hibernate.SQL.logStatement - select r1_0.`user_id`,r1_1.`id`,r1_1.`name` from `user_role` r1_0 join `rol` r1_1 on r1_1.`id`=r1_0.`role_id` where r1_0.`user_id`=?
2024-04-11 22:17:17.564 [http-nio-5000-exec-7] DEBUG org.hibernate.SQL.logStatement - select r1_0.`id`,r1_0.`comunidad_autonoma`,r1_0.`tipo_moto`,r1_0.`descripcion`,r1_0.`fecha_creacion`,r1_0.`imageurl`,r1_0.`titulo`,r1_0.`user_id` from `ruta` r1_0 where r1_0.`id`=?
2024-04-11 22:17:22.659 [http-nio-5000-exec-8] DEBUG org.hibernate.SQL.logStatement - select u1_0.`id`,u1_0.`city`,u1_0.`creation_date`,u1_0.`email`,u1_0.`image`,u1_0.`name`,u1_0.`password`,u1_0.`postal_code`,u1_0.`surname`,u1_0.`username` from `user` u1_0 where u1_0.`username`=?
2024-04-11 22:17:22.660 [http-nio-5000-exec-8] DEBUG org.hibernate.SQL.logStatement - select r1_0.`user_id`,r1_1.`id`,r1_1.`name` from `user_role` r1_0 join `rol` r1_1 on r1_1.`id`=r1_0.`role_id` where r1_0.`user_id`=?
2024-04-11 22:17:22.670 [http-nio-5000-exec-8] DEBUG org.hibernate.SQL.logStatement - select r1_0.`id`,r1_0.`comunidad_autonoma`,r1_0.`tipo_moto`,r1_0.`descripcion`,r1_0.`fecha_creacion`,r1_0.`imageurl`,r1_0.`titulo`,r1_0.`user_id` from `ruta` r1_0 where r1_0.`id`=?
2024-04-11 22:17:22.674 [http-nio-5000-exec-8] DEBUG org.hibernate.SQL.logStatement - update `ruta` set `comunidad_autonoma`=?,`tipo_moto`=?,`descripcion`=?,`fecha_creacion`=?,`imageurl`=?,`titulo`=?,`user_id`=? where `id`=?
2024-04-11 22:17:22.769 [http-nio-5000-exec-9] DEBUG org.hibernate.SQL.logStatement - select u1_0.`id`,u1_0.`city`,u1_0.`creation_date`,u1_0.`email`,u1_0.`image`,u1_0.`name`,u1_0.`password`,u1_0.`postal_code`,u1_0.`surname`,u1_0.`username` from `user` u1_0 where u1_0.`username`=?
2024-04-11 22:17:22.771 [http-nio-5000-exec-9] DEBUG org.hibernate.SQL.logStatement - select r1_0.`user_id`,r1_1.`id`,r1_1.`name` from `user_role` r1_0 join `rol` r1_1 on r1_1.`id`=r1_0.`role_id` where r1_0.`user_id`=?
2024-04-11 22:17:22.777 [http-nio-5000-exec-9] DEBUG org.hibernate.SQL.logStatement - select r1_0.`id`,r1_0.`comunidad_autonoma`,r1_0.`tipo_moto`,r1_0.`descripcion`,r1_0.`fecha_creacion`,r1_0.`imageurl`,r1_0.`titulo`,r1_0.`user_id` from `ruta` r1_0
2024-04-11 22:17:24.486 [http-nio-5000-exec-10] DEBUG org.hibernate.SQL.logStatement - select u1_0.`id`,u1_0.`city`,u1_0.`creation_date`,u1_0.`email`,u1_0.`image`,u1_0.`name`,u1_0.`password`,u1_0.`postal_code`,u1_0.`surname`,u1_0.`username` from `user` u1_0 where u1_0.`username`=?
2024-04-11 22:17:24.488 [http-nio-5000-exec-10] DEBUG org.hibernate.SQL.logStatement - select r1_0.`user_id`,r1_1.`id`,r1_1.`name` from `user_role` r1_0 join `rol` r1_1 on r1_1.`id`=r1_0.`role_id` where r1_0.`user_id`=?
2024-04-11 22:17:24.493 [http-nio-5000-exec-10] DEBUG org.hibernate.SQL.logStatement - select r1_0.`id`,r1_0.`comunidad_autonoma`,r1_0.`tipo_moto`,r1_0.`descripcion`,r1_0.`fecha_creacion`,r1_0.`imageurl`,r1_0.`titulo`,r1_0.`user_id` from `ruta` r1_0 where r1_0.`user_id`=?
2024-04-11 22:17:26.793 [http-nio-5000-exec-1] DEBUG org.hibernate.SQL.logStatement - select u1_0.`id`,u1_0.`city`,u1_0.`creation_date`,u1_0.`email`,u1_0.`image`,u1_0.`name`,u1_0.`password`,u1_0.`postal_code`,u1_0.`surname`,u1_0.`username` from `user` u1_0 where u1_0.`username`=?
2024-04-11 22:17:26.797 [http-nio-5000-exec-1] DEBUG org.hibernate.SQL.logStatement - select r1_0.`user_id`,r1_1.`id`,r1_1.`name` from `user_role` r1_0 join `rol` r1_1 on r1_1.`id`=r1_0.`role_id` where r1_0.`user_id`=?
2024-04-11 22:17:26.807 [http-nio-5000-exec-1] DEBUG org.hibernate.SQL.logStatement - select r1_0.`id`,r1_0.`comunidad_autonoma`,r1_0.`tipo_moto`,r1_0.`descripcion`,r1_0.`fecha_creacion`,r1_0.`imageurl`,r1_0.`titulo`,r1_0.`user_id` from `ruta` r1_0 where r1_0.`id`=?
2024-04-11 22:17:27.715 [http-nio-5000-exec-2] DEBUG org.hibernate.SQL.logStatement - select u1_0.`id`,u1_0.`city`,u1_0.`creation_date`,u1_0.`email`,u1_0.`image`,u1_0.`name`,u1_0.`password`,u1_0.`postal_code`,u1_0.`surname`,u1_0.`username` from `user` u1_0 where u1_0.`username`=?
2024-04-11 22:17:27.718 [http-nio-5000-exec-2] DEBUG org.hibernate.SQL.logStatement - select r1_0.`user_id`,r1_1.`id`,r1_1.`name` from `user_role` r1_0 join `rol` r1_1 on r1_1.`id`=r1_0.`role_id` where r1_0.`user_id`=?
2024-04-11 22:17:27.729 [http-nio-5000-exec-2] DEBUG org.hibernate.SQL.logStatement - select r1_0.`id`,r1_0.`comunidad_autonoma`,r1_0.`tipo_moto`,r1_0.`descripcion`,r1_0.`fecha_creacion`,r1_0.`imageurl`,r1_0.`titulo`,r1_0.`user_id` from `ruta` r1_0 where r1_0.`id`=?
2024-04-11 22:17:33.314 [http-nio-5000-exec-3] DEBUG org.hibernate.SQL.logStatement - select u1_0.`id`,u1_0.`city`,u1_0.`creation_date`,u1_0.`email`,u1_0.`image`,u1_0.`name`,u1_0.`password`,u1_0.`postal_code`,u1_0.`surname`,u1_0.`username` from `user` u1_0 where u1_0.`username`=?
2024-04-11 22:17:33.315 [http-nio-5000-exec-3] DEBUG org.hibernate.SQL.logStatement - select r1_0.`user_id`,r1_1.`id`,r1_1.`name` from `user_role` r1_0 join `rol` r1_1 on r1_1.`id`=r1_0.`role_id` where r1_0.`user_id`=?
2024-04-11 22:17:33.324 [http-nio-5000-exec-3] DEBUG org.hibernate.SQL.logStatement - select r1_0.`id`,r1_0.`comunidad_autonoma`,r1_0.`tipo_moto`,r1_0.`descripcion`,r1_0.`fecha_creacion`,r1_0.`imageurl`,r1_0.`titulo`,r1_0.`user_id` from `ruta` r1_0 where r1_0.`id`=?
2024-04-11 22:17:33.328 [http-nio-5000-exec-3] DEBUG org.hibernate.SQL.logStatement - update `ruta` set `comunidad_autonoma`=?,`tipo_moto`=?,`descripcion`=?,`fecha_creacion`=?,`imageurl`=?,`titulo`=?,`user_id`=? where `id`=?
2024-04-11 22:17:33.437 [http-nio-5000-exec-4] DEBUG org.hibernate.SQL.logStatement - select u1_0.`id`,u1_0.`city`,u1_0.`creation_date`,u1_0.`email`,u1_0.`image`,u1_0.`name`,u1_0.`password`,u1_0.`postal_code`,u1_0.`surname`,u1_0.`username` from `user` u1_0 where u1_0.`username`=?
2024-04-11 22:17:33.440 [http-nio-5000-exec-4] DEBUG org.hibernate.SQL.logStatement - select r1_0.`user_id`,r1_1.`id`,r1_1.`name` from `user_role` r1_0 join `rol` r1_1 on r1_1.`id`=r1_0.`role_id` where r1_0.`user_id`=?
2024-04-11 22:17:33.448 [http-nio-5000-exec-4] DEBUG org.hibernate.SQL.logStatement - select r1_0.`id`,r1_0.`comunidad_autonoma`,r1_0.`tipo_moto`,r1_0.`descripcion`,r1_0.`fecha_creacion`,r1_0.`imageurl`,r1_0.`titulo`,r1_0.`user_id` from `ruta` r1_0
2024-04-11 22:17:35.058 [http-nio-5000-exec-5] DEBUG org.hibernate.SQL.logStatement - select u1_0.`id`,u1_0.`city`,u1_0.`creation_date`,u1_0.`email`,u1_0.`image`,u1_0.`name`,u1_0.`password`,u1_0.`postal_code`,u1_0.`surname`,u1_0.`username` from `user` u1_0 where u1_0.`username`=?
2024-04-11 22:17:35.060 [http-nio-5000-exec-5] DEBUG org.hibernate.SQL.logStatement - select r1_0.`user_id`,r1_1.`id`,r1_1.`name` from `user_role` r1_0 join `rol` r1_1 on r1_1.`id`=r1_0.`role_id` where r1_0.`user_id`=?
2024-04-11 22:17:35.065 [http-nio-5000-exec-5] DEBUG org.hibernate.SQL.logStatement - select r1_0.`id`,r1_0.`comunidad_autonoma`,r1_0.`tipo_moto`,r1_0.`descripcion`,r1_0.`fecha_creacion`,r1_0.`imageurl`,r1_0.`titulo`,r1_0.`user_id` from `ruta` r1_0 where r1_0.`user_id`=?
2024-04-11 22:17:36.519 [http-nio-5000-exec-6] DEBUG org.hibernate.SQL.logStatement - select u1_0.`id`,u1_0.`city`,u1_0.`creation_date`,u1_0.`email`,u1_0.`image`,u1_0.`name`,u1_0.`password`,u1_0.`postal_code`,u1_0.`surname`,u1_0.`username` from `user` u1_0 where u1_0.`username`=?
2024-04-11 22:17:36.523 [http-nio-5000-exec-6] DEBUG org.hibernate.SQL.logStatement - select r1_0.`user_id`,r1_1.`id`,r1_1.`name` from `user_role` r1_0 join `rol` r1_1 on r1_1.`id`=r1_0.`role_id` where r1_0.`user_id`=?
2024-04-11 22:17:36.530 [http-nio-5000-exec-6] DEBUG org.hibernate.SQL.logStatement - select r1_0.`id`,r1_0.`comunidad_autonoma`,r1_0.`tipo_moto`,r1_0.`descripcion`,r1_0.`fecha_creacion`,r1_0.`imageurl`,r1_0.`titulo`,r1_0.`user_id` from `ruta` r1_0 where r1_0.`id`=?
2024-04-11 22:17:37.734 [http-nio-5000-exec-7] DEBUG org.hibernate.SQL.logStatement - select u1_0.`id`,u1_0.`city`,u1_0.`creation_date`,u1_0.`email`,u1_0.`image`,u1_0.`name`,u1_0.`password`,u1_0.`postal_code`,u1_0.`surname`,u1_0.`username` from `user` u1_0 where u1_0.`username`=?
2024-04-11 22:17:37.735 [http-nio-5000-exec-7] DEBUG org.hibernate.SQL.logStatement - select r1_0.`user_id`,r1_1.`id`,r1_1.`name` from `user_role` r1_0 join `rol` r1_1 on r1_1.`id`=r1_0.`role_id` where r1_0.`user_id`=?
2024-04-11 22:17:37.745 [http-nio-5000-exec-7] DEBUG org.hibernate.SQL.logStatement - select r1_0.`id`,r1_0.`comunidad_autonoma`,r1_0.`tipo_moto`,r1_0.`descripcion`,r1_0.`fecha_creacion`,r1_0.`imageurl`,r1_0.`titulo`,r1_0.`user_id` from `ruta` r1_0 where r1_0.`id`=?
2024-04-11 22:17:43.629 [http-nio-5000-exec-8] DEBUG org.hibernate.SQL.logStatement - select u1_0.`id`,u1_0.`city`,u1_0.`creation_date`,u1_0.`email`,u1_0.`image`,u1_0.`name`,u1_0.`password`,u1_0.`postal_code`,u1_0.`surname`,u1_0.`username` from `user` u1_0 where u1_0.`username`=?
2024-04-11 22:17:43.630 [http-nio-5000-exec-8] DEBUG org.hibernate.SQL.logStatement - select r1_0.`user_id`,r1_1.`id`,r1_1.`name` from `user_role` r1_0 join `rol` r1_1 on r1_1.`id`=r1_0.`role_id` where r1_0.`user_id`=?
2024-04-11 22:17:43.638 [http-nio-5000-exec-8] DEBUG org.hibernate.SQL.logStatement - select r1_0.`id`,r1_0.`comunidad_autonoma`,r1_0.`tipo_moto`,r1_0.`descripcion`,r1_0.`fecha_creacion`,r1_0.`imageurl`,r1_0.`titulo`,r1_0.`user_id` from `ruta` r1_0 where r1_0.`id`=?
2024-04-11 22:17:43.642 [http-nio-5000-exec-8] DEBUG org.hibernate.SQL.logStatement - update `ruta` set `comunidad_autonoma`=?,`tipo_moto`=?,`descripcion`=?,`fecha_creacion`=?,`imageurl`=?,`titulo`=?,`user_id`=? where `id`=?
2024-04-11 22:17:43.733 [http-nio-5000-exec-9] DEBUG org.hibernate.SQL.logStatement - select u1_0.`id`,u1_0.`city`,u1_0.`creation_date`,u1_0.`email`,u1_0.`image`,u1_0.`name`,u1_0.`password`,u1_0.`postal_code`,u1_0.`surname`,u1_0.`username` from `user` u1_0 where u1_0.`username`=?
2024-04-11 22:17:43.735 [http-nio-5000-exec-9] DEBUG org.hibernate.SQL.logStatement - select r1_0.`user_id`,r1_1.`id`,r1_1.`name` from `user_role` r1_0 join `rol` r1_1 on r1_1.`id`=r1_0.`role_id` where r1_0.`user_id`=?
2024-04-11 22:17:43.746 [http-nio-5000-exec-9] DEBUG org.hibernate.SQL.logStatement - select r1_0.`id`,r1_0.`comunidad_autonoma`,r1_0.`tipo_moto`,r1_0.`descripcion`,r1_0.`fecha_creacion`,r1_0.`imageurl`,r1_0.`titulo`,r1_0.`user_id` from `ruta` r1_0
2024-04-11 22:17:53.167 [http-nio-5000-exec-10] DEBUG org.hibernate.SQL.logStatement - select u1_0.`id`,u1_0.`city`,u1_0.`creation_date`,u1_0.`email`,u1_0.`image`,u1_0.`name`,u1_0.`password`,u1_0.`postal_code`,u1_0.`surname`,u1_0.`username` from `user` u1_0 where u1_0.`username`=?
2024-04-11 22:17:53.168 [http-nio-5000-exec-10] DEBUG org.hibernate.SQL.logStatement - select r1_0.`user_id`,r1_1.`id`,r1_1.`name` from `user_role` r1_0 join `rol` r1_1 on r1_1.`id`=r1_0.`role_id` where r1_0.`user_id`=?
2024-04-11 22:17:53.178 [http-nio-5000-exec-10] DEBUG org.hibernate.SQL.logStatement - select r1_0.`id`,r1_0.`comunidad_autonoma`,r1_0.`tipo_moto`,r1_0.`descripcion`,r1_0.`fecha_creacion`,r1_0.`imageurl`,r1_0.`titulo`,r1_0.`user_id` from `ruta` r1_0 where r1_0.`user_id`=?
2024-04-11 22:17:55.139 [http-nio-5000-exec-1] DEBUG org.hibernate.SQL.logStatement - select u1_0.`id`,u1_0.`city`,u1_0.`creation_date`,u1_0.`email`,u1_0.`image`,u1_0.`name`,u1_0.`password`,u1_0.`postal_code`,u1_0.`surname`,u1_0.`username` from `user` u1_0 where u1_0.`username`=?
2024-04-11 22:17:55.144 [http-nio-5000-exec-1] DEBUG org.hibernate.SQL.logStatement - select r1_0.`user_id`,r1_1.`id`,r1_1.`name` from `user_role` r1_0 join `rol` r1_1 on r1_1.`id`=r1_0.`role_id` where r1_0.`user_id`=?
2024-04-11 22:17:55.151 [http-nio-5000-exec-1] DEBUG org.hibernate.SQL.logStatement - select r1_0.`id`,r1_0.`comunidad_autonoma`,r1_0.`tipo_moto`,r1_0.`descripcion`,r1_0.`fecha_creacion`,r1_0.`imageurl`,r1_0.`titulo`,r1_0.`user_id` from `ruta` r1_0 where r1_0.`id`=?
2024-04-11 22:17:56.167 [http-nio-5000-exec-2] DEBUG org.hibernate.SQL.logStatement - select u1_0.`id`,u1_0.`city`,u1_0.`creation_date`,u1_0.`email`,u1_0.`image`,u1_0.`name`,u1_0.`password`,u1_0.`postal_code`,u1_0.`surname`,u1_0.`username` from `user` u1_0 where u1_0.`username`=?
2024-04-11 22:17:56.169 [http-nio-5000-exec-2] DEBUG org.hibernate.SQL.logStatement - select r1_0.`user_id`,r1_1.`id`,r1_1.`name` from `user_role` r1_0 join `rol` r1_1 on r1_1.`id`=r1_0.`role_id` where r1_0.`user_id`=?
2024-04-11 22:17:56.176 [http-nio-5000-exec-2] DEBUG org.hibernate.SQL.logStatement - select r1_0.`id`,r1_0.`comunidad_autonoma`,r1_0.`tipo_moto`,r1_0.`descripcion`,r1_0.`fecha_creacion`,r1_0.`imageurl`,r1_0.`titulo`,r1_0.`user_id` from `ruta` r1_0 where r1_0.`id`=?
2024-04-11 22:18:01.422 [http-nio-5000-exec-3] DEBUG org.hibernate.SQL.logStatement - select u1_0.`id`,u1_0.`city`,u1_0.`creation_date`,u1_0.`email`,u1_0.`image`,u1_0.`name`,u1_0.`password`,u1_0.`postal_code`,u1_0.`surname`,u1_0.`username` from `user` u1_0 where u1_0.`username`=?
2024-04-11 22:18:01.423 [http-nio-5000-exec-3] DEBUG org.hibernate.SQL.logStatement - select r1_0.`user_id`,r1_1.`id`,r1_1.`name` from `user_role` r1_0 join `rol` r1_1 on r1_1.`id`=r1_0.`role_id` where r1_0.`user_id`=?
2024-04-11 22:18:01.430 [http-nio-5000-exec-3] DEBUG org.hibernate.SQL.logStatement - select r1_0.`id`,r1_0.`comunidad_autonoma`,r1_0.`tipo_moto`,r1_0.`descripcion`,r1_0.`fecha_creacion`,r1_0.`imageurl`,r1_0.`titulo`,r1_0.`user_id` from `ruta` r1_0 where r1_0.`id`=?
2024-04-11 22:18:01.434 [http-nio-5000-exec-3] DEBUG org.hibernate.SQL.logStatement - update `ruta` set `comunidad_autonoma`=?,`tipo_moto`=?,`descripcion`=?,`fecha_creacion`=?,`imageurl`=?,`titulo`=?,`user_id`=? where `id`=?
2024-04-11 22:18:01.524 [http-nio-5000-exec-4] DEBUG org.hibernate.SQL.logStatement - select u1_0.`id`,u1_0.`city`,u1_0.`creation_date`,u1_0.`email`,u1_0.`image`,u1_0.`name`,u1_0.`password`,u1_0.`postal_code`,u1_0.`surname`,u1_0.`username` from `user` u1_0 where u1_0.`username`=?
2024-04-11 22:18:01.527 [http-nio-5000-exec-4] DEBUG org.hibernate.SQL.logStatement - select r1_0.`user_id`,r1_1.`id`,r1_1.`name` from `user_role` r1_0 join `rol` r1_1 on r1_1.`id`=r1_0.`role_id` where r1_0.`user_id`=?
2024-04-11 22:18:01.534 [http-nio-5000-exec-4] DEBUG org.hibernate.SQL.logStatement - select r1_0.`id`,r1_0.`comunidad_autonoma`,r1_0.`tipo_moto`,r1_0.`descripcion`,r1_0.`fecha_creacion`,r1_0.`imageurl`,r1_0.`titulo`,r1_0.`user_id` from `ruta` r1_0
2024-04-11 22:18:02.992 [http-nio-5000-exec-5] DEBUG org.hibernate.SQL.logStatement - select u1_0.`id`,u1_0.`city`,u1_0.`creation_date`,u1_0.`email`,u1_0.`image`,u1_0.`name`,u1_0.`password`,u1_0.`postal_code`,u1_0.`surname`,u1_0.`username` from `user` u1_0 where u1_0.`username`=?
2024-04-11 22:18:02.993 [http-nio-5000-exec-5] DEBUG org.hibernate.SQL.logStatement - select r1_0.`user_id`,r1_1.`id`,r1_1.`name` from `user_role` r1_0 join `rol` r1_1 on r1_1.`id`=r1_0.`role_id` where r1_0.`user_id`=?
2024-04-11 22:18:03.000 [http-nio-5000-exec-5] DEBUG org.hibernate.SQL.logStatement - select r1_0.`id`,r1_0.`comunidad_autonoma`,r1_0.`tipo_moto`,r1_0.`descripcion`,r1_0.`fecha_creacion`,r1_0.`imageurl`,r1_0.`titulo`,r1_0.`user_id` from `ruta` r1_0 where r1_0.`user_id`=?
2024-04-11 22:18:06.160 [http-nio-5000-exec-6] DEBUG org.hibernate.SQL.logStatement - select u1_0.`id`,u1_0.`city`,u1_0.`creation_date`,u1_0.`email`,u1_0.`image`,u1_0.`name`,u1_0.`password`,u1_0.`postal_code`,u1_0.`surname`,u1_0.`username` from `user` u1_0 where u1_0.`username`=?
2024-04-11 22:18:06.162 [http-nio-5000-exec-6] DEBUG org.hibernate.SQL.logStatement - select r1_0.`user_id`,r1_1.`id`,r1_1.`name` from `user_role` r1_0 join `rol` r1_1 on r1_1.`id`=r1_0.`role_id` where r1_0.`user_id`=?
2024-04-11 22:18:06.170 [http-nio-5000-exec-6] DEBUG org.hibernate.SQL.logStatement - select r1_0.`id`,r1_0.`comunidad_autonoma`,r1_0.`tipo_moto`,r1_0.`descripcion`,r1_0.`fecha_creacion`,r1_0.`imageurl`,r1_0.`titulo`,r1_0.`user_id` from `ruta` r1_0 where r1_0.`id`=?
2024-04-11 22:18:07.152 [http-nio-5000-exec-7] DEBUG org.hibernate.SQL.logStatement - select u1_0.`id`,u1_0.`city`,u1_0.`creation_date`,u1_0.`email`,u1_0.`image`,u1_0.`name`,u1_0.`password`,u1_0.`postal_code`,u1_0.`surname`,u1_0.`username` from `user` u1_0 where u1_0.`username`=?
2024-04-11 22:18:07.154 [http-nio-5000-exec-7] DEBUG org.hibernate.SQL.logStatement - select r1_0.`user_id`,r1_1.`id`,r1_1.`name` from `user_role` r1_0 join `rol` r1_1 on r1_1.`id`=r1_0.`role_id` where r1_0.`user_id`=?
2024-04-11 22:18:07.163 [http-nio-5000-exec-7] DEBUG org.hibernate.SQL.logStatement - select r1_0.`id`,r1_0.`comunidad_autonoma`,r1_0.`tipo_moto`,r1_0.`descripcion`,r1_0.`fecha_creacion`,r1_0.`imageurl`,r1_0.`titulo`,r1_0.`user_id` from `ruta` r1_0 where r1_0.`id`=?
2024-04-11 22:18:11.862 [http-nio-5000-exec-8] DEBUG org.hibernate.SQL.logStatement - select u1_0.`id`,u1_0.`city`,u1_0.`creation_date`,u1_0.`email`,u1_0.`image`,u1_0.`name`,u1_0.`password`,u1_0.`postal_code`,u1_0.`surname`,u1_0.`username` from `user` u1_0 where u1_0.`username`=?
2024-04-11 22:18:11.864 [http-nio-5000-exec-8] DEBUG org.hibernate.SQL.logStatement - select r1_0.`user_id`,r1_1.`id`,r1_1.`name` from `user_role` r1_0 join `rol` r1_1 on r1_1.`id`=r1_0.`role_id` where r1_0.`user_id`=?
2024-04-11 22:18:11.871 [http-nio-5000-exec-8] DEBUG org.hibernate.SQL.logStatement - select r1_0.`id`,r1_0.`comunidad_autonoma`,r1_0.`tipo_moto`,r1_0.`descripcion`,r1_0.`fecha_creacion`,r1_0.`imageurl`,r1_0.`titulo`,r1_0.`user_id` from `ruta` r1_0 where r1_0.`id`=?
2024-04-11 22:18:11.874 [http-nio-5000-exec-8] DEBUG org.hibernate.SQL.logStatement - update `ruta` set `comunidad_autonoma`=?,`tipo_moto`=?,`descripcion`=?,`fecha_creacion`=?,`imageurl`=?,`titulo`=?,`user_id`=? where `id`=?
2024-04-11 22:18:11.961 [http-nio-5000-exec-9] DEBUG org.hibernate.SQL.logStatement - select u1_0.`id`,u1_0.`city`,u1_0.`creation_date`,u1_0.`email`,u1_0.`image`,u1_0.`name`,u1_0.`password`,u1_0.`postal_code`,u1_0.`surname`,u1_0.`username` from `user` u1_0 where u1_0.`username`=?
2024-04-11 22:18:11.963 [http-nio-5000-exec-9] DEBUG org.hibernate.SQL.logStatement - select r1_0.`user_id`,r1_1.`id`,r1_1.`name` from `user_role` r1_0 join `rol` r1_1 on r1_1.`id`=r1_0.`role_id` where r1_0.`user_id`=?
2024-04-11 22:18:11.971 [http-nio-5000-exec-9] DEBUG org.hibernate.SQL.logStatement - select r1_0.`id`,r1_0.`comunidad_autonoma`,r1_0.`tipo_moto`,r1_0.`descripcion`,r1_0.`fecha_creacion`,r1_0.`imageurl`,r1_0.`titulo`,r1_0.`user_id` from `ruta` r1_0
2024-04-11 22:18:13.280 [http-nio-5000-exec-10] DEBUG org.hibernate.SQL.logStatement - select u1_0.`id`,u1_0.`city`,u1_0.`creation_date`,u1_0.`email`,u1_0.`image`,u1_0.`name`,u1_0.`password`,u1_0.`postal_code`,u1_0.`surname`,u1_0.`username` from `user` u1_0 where u1_0.`username`=?
2024-04-11 22:18:13.282 [http-nio-5000-exec-10] DEBUG org.hibernate.SQL.logStatement - select r1_0.`user_id`,r1_1.`id`,r1_1.`name` from `user_role` r1_0 join `rol` r1_1 on r1_1.`id`=r1_0.`role_id` where r1_0.`user_id`=?
2024-04-11 22:18:13.290 [http-nio-5000-exec-10] DEBUG org.hibernate.SQL.logStatement - select r1_0.`id`,r1_0.`comunidad_autonoma`,r1_0.`tipo_moto`,r1_0.`descripcion`,r1_0.`fecha_creacion`,r1_0.`imageurl`,r1_0.`titulo`,r1_0.`user_id` from `ruta` r1_0 where r1_0.`user_id`=?
2024-04-11 22:18:15.273 [http-nio-5000-exec-1] DEBUG org.hibernate.SQL.logStatement - select u1_0.`id`,u1_0.`city`,u1_0.`creation_date`,u1_0.`email`,u1_0.`image`,u1_0.`name`,u1_0.`password`,u1_0.`postal_code`,u1_0.`surname`,u1_0.`username` from `user` u1_0 where u1_0.`username`=?
2024-04-11 22:18:15.275 [http-nio-5000-exec-1] DEBUG org.hibernate.SQL.logStatement - select r1_0.`user_id`,r1_1.`id`,r1_1.`name` from `user_role` r1_0 join `rol` r1_1 on r1_1.`id`=r1_0.`role_id` where r1_0.`user_id`=?
2024-04-11 22:18:15.282 [http-nio-5000-exec-1] DEBUG org.hibernate.SQL.logStatement - select r1_0.`id`,r1_0.`comunidad_autonoma`,r1_0.`tipo_moto`,r1_0.`descripcion`,r1_0.`fecha_creacion`,r1_0.`imageurl`,r1_0.`titulo`,r1_0.`user_id` from `ruta` r1_0 where r1_0.`id`=?
2024-04-11 22:18:16.646 [http-nio-5000-exec-2] DEBUG org.hibernate.SQL.logStatement - select u1_0.`id`,u1_0.`city`,u1_0.`creation_date`,u1_0.`email`,u1_0.`image`,u1_0.`name`,u1_0.`password`,u1_0.`postal_code`,u1_0.`surname`,u1_0.`username` from `user` u1_0 where u1_0.`username`=?
2024-04-11 22:18:16.648 [http-nio-5000-exec-2] DEBUG org.hibernate.SQL.logStatement - select r1_0.`user_id`,r1_1.`id`,r1_1.`name` from `user_role` r1_0 join `rol` r1_1 on r1_1.`id`=r1_0.`role_id` where r1_0.`user_id`=?
2024-04-11 22:18:16.660 [http-nio-5000-exec-2] DEBUG org.hibernate.SQL.logStatement - select r1_0.`id`,r1_0.`comunidad_autonoma`,r1_0.`tipo_moto`,r1_0.`descripcion`,r1_0.`fecha_creacion`,r1_0.`imageurl`,r1_0.`titulo`,r1_0.`user_id` from `ruta` r1_0 where r1_0.`id`=?
2024-04-11 22:18:25.503 [http-nio-5000-exec-3] DEBUG org.hibernate.SQL.logStatement - select u1_0.`id`,u1_0.`city`,u1_0.`creation_date`,u1_0.`email`,u1_0.`image`,u1_0.`name`,u1_0.`password`,u1_0.`postal_code`,u1_0.`surname`,u1_0.`username` from `user` u1_0 where u1_0.`username`=?
2024-04-11 22:18:25.504 [http-nio-5000-exec-3] DEBUG org.hibernate.SQL.logStatement - select r1_0.`user_id`,r1_1.`id`,r1_1.`name` from `user_role` r1_0 join `rol` r1_1 on r1_1.`id`=r1_0.`role_id` where r1_0.`user_id`=?
2024-04-11 22:18:25.514 [http-nio-5000-exec-3] DEBUG org.hibernate.SQL.logStatement - select r1_0.`id`,r1_0.`comunidad_autonoma`,r1_0.`tipo_moto`,r1_0.`descripcion`,r1_0.`fecha_creacion`,r1_0.`imageurl`,r1_0.`titulo`,r1_0.`user_id` from `ruta` r1_0 where r1_0.`id`=?
2024-04-11 22:18:25.519 [http-nio-5000-exec-3] DEBUG org.hibernate.SQL.logStatement - update `ruta` set `comunidad_autonoma`=?,`tipo_moto`=?,`descripcion`=?,`fecha_creacion`=?,`imageurl`=?,`titulo`=?,`user_id`=? where `id`=?
2024-04-11 22:18:25.611 [http-nio-5000-exec-4] DEBUG org.hibernate.SQL.logStatement - select u1_0.`id`,u1_0.`city`,u1_0.`creation_date`,u1_0.`email`,u1_0.`image`,u1_0.`name`,u1_0.`password`,u1_0.`postal_code`,u1_0.`surname`,u1_0.`username` from `user` u1_0 where u1_0.`username`=?
2024-04-11 22:18:25.613 [http-nio-5000-exec-4] DEBUG org.hibernate.SQL.logStatement - select r1_0.`user_id`,r1_1.`id`,r1_1.`name` from `user_role` r1_0 join `rol` r1_1 on r1_1.`id`=r1_0.`role_id` where r1_0.`user_id`=?
2024-04-11 22:18:25.619 [http-nio-5000-exec-4] DEBUG org.hibernate.SQL.logStatement - select r1_0.`id`,r1_0.`comunidad_autonoma`,r1_0.`tipo_moto`,r1_0.`descripcion`,r1_0.`fecha_creacion`,r1_0.`imageurl`,r1_0.`titulo`,r1_0.`user_id` from `ruta` r1_0
2024-04-11 22:18:29.223 [http-nio-5000-exec-5] DEBUG org.hibernate.SQL.logStatement - select u1_0.`id`,u1_0.`city`,u1_0.`creation_date`,u1_0.`email`,u1_0.`image`,u1_0.`name`,u1_0.`password`,u1_0.`postal_code`,u1_0.`surname`,u1_0.`username` from `user` u1_0 where u1_0.`username`=?
2024-04-11 22:18:29.224 [http-nio-5000-exec-5] DEBUG org.hibernate.SQL.logStatement - select r1_0.`user_id`,r1_1.`id`,r1_1.`name` from `user_role` r1_0 join `rol` r1_1 on r1_1.`id`=r1_0.`role_id` where r1_0.`user_id`=?
2024-04-11 22:18:29.237 [http-nio-5000-exec-5] DEBUG org.hibernate.SQL.logStatement - select r1_0.`id`,r1_0.`comunidad_autonoma`,r1_0.`tipo_moto`,r1_0.`descripcion`,r1_0.`fecha_creacion`,r1_0.`imageurl`,r1_0.`titulo`,r1_0.`user_id` from `ruta` r1_0 where r1_0.`user_id`=?
2024-04-11 22:18:32.108 [http-nio-5000-exec-6] DEBUG org.hibernate.SQL.logStatement - select u1_0.`id`,u1_0.`city`,u1_0.`creation_date`,u1_0.`email`,u1_0.`image`,u1_0.`name`,u1_0.`password`,u1_0.`postal_code`,u1_0.`surname`,u1_0.`username` from `user` u1_0 where u1_0.`username`=?
2024-04-11 22:18:32.109 [http-nio-5000-exec-6] DEBUG org.hibernate.SQL.logStatement - select r1_0.`user_id`,r1_1.`id`,r1_1.`name` from `user_role` r1_0 join `rol` r1_1 on r1_1.`id`=r1_0.`role_id` where r1_0.`user_id`=?
2024-04-11 22:18:32.114 [http-nio-5000-exec-6] DEBUG org.hibernate.SQL.logStatement - select r1_0.`id`,r1_0.`comunidad_autonoma`,r1_0.`tipo_moto`,r1_0.`descripcion`,r1_0.`fecha_creacion`,r1_0.`imageurl`,r1_0.`titulo`,r1_0.`user_id` from `ruta` r1_0 where r1_0.`id`=?
2024-04-11 22:18:34.649 [http-nio-5000-exec-7] DEBUG org.hibernate.SQL.logStatement - select u1_0.`id`,u1_0.`city`,u1_0.`creation_date`,u1_0.`email`,u1_0.`image`,u1_0.`name`,u1_0.`password`,u1_0.`postal_code`,u1_0.`surname`,u1_0.`username` from `user` u1_0 where u1_0.`username`=?
2024-04-11 22:18:34.650 [http-nio-5000-exec-7] DEBUG org.hibernate.SQL.logStatement - select r1_0.`user_id`,r1_1.`id`,r1_1.`name` from `user_role` r1_0 join `rol` r1_1 on r1_1.`id`=r1_0.`role_id` where r1_0.`user_id`=?
2024-04-11 22:18:34.656 [http-nio-5000-exec-7] DEBUG org.hibernate.SQL.logStatement - select r1_0.`id`,r1_0.`comunidad_autonoma`,r1_0.`tipo_moto`,r1_0.`descripcion`,r1_0.`fecha_creacion`,r1_0.`imageurl`,r1_0.`titulo`,r1_0.`user_id` from `ruta` r1_0 where r1_0.`id`=?
2024-04-11 22:18:35.723 [http-nio-5000-exec-8] DEBUG org.hibernate.SQL.logStatement - select u1_0.`id`,u1_0.`city`,u1_0.`creation_date`,u1_0.`email`,u1_0.`image`,u1_0.`name`,u1_0.`password`,u1_0.`postal_code`,u1_0.`surname`,u1_0.`username` from `user` u1_0 where u1_0.`username`=?
2024-04-11 22:18:35.724 [http-nio-5000-exec-8] DEBUG org.hibernate.SQL.logStatement - select r1_0.`user_id`,r1_1.`id`,r1_1.`name` from `user_role` r1_0 join `rol` r1_1 on r1_1.`id`=r1_0.`role_id` where r1_0.`user_id`=?
2024-04-11 22:18:35.731 [http-nio-5000-exec-8] DEBUG org.hibernate.SQL.logStatement - select r1_0.`id`,r1_0.`comunidad_autonoma`,r1_0.`tipo_moto`,r1_0.`descripcion`,r1_0.`fecha_creacion`,r1_0.`imageurl`,r1_0.`titulo`,r1_0.`user_id` from `ruta` r1_0 where r1_0.`id`=?
2024-04-11 22:18:40.070 [http-nio-5000-exec-9] DEBUG org.hibernate.SQL.logStatement - select u1_0.`id`,u1_0.`city`,u1_0.`creation_date`,u1_0.`email`,u1_0.`image`,u1_0.`name`,u1_0.`password`,u1_0.`postal_code`,u1_0.`surname`,u1_0.`username` from `user` u1_0 where u1_0.`username`=?
2024-04-11 22:18:40.073 [http-nio-5000-exec-9] DEBUG org.hibernate.SQL.logStatement - select r1_0.`user_id`,r1_1.`id`,r1_1.`name` from `user_role` r1_0 join `rol` r1_1 on r1_1.`id`=r1_0.`role_id` where r1_0.`user_id`=?
2024-04-11 22:18:40.085 [http-nio-5000-exec-9] DEBUG org.hibernate.SQL.logStatement - select r1_0.`id`,r1_0.`comunidad_autonoma`,r1_0.`tipo_moto`,r1_0.`descripcion`,r1_0.`fecha_creacion`,r1_0.`imageurl`,r1_0.`titulo`,r1_0.`user_id` from `ruta` r1_0 where r1_0.`id`=?
2024-04-11 22:18:40.089 [http-nio-5000-exec-9] DEBUG org.hibernate.SQL.logStatement - update `ruta` set `comunidad_autonoma`=?,`tipo_moto`=?,`descripcion`=?,`fecha_creacion`=?,`imageurl`=?,`titulo`=?,`user_id`=? where `id`=?
2024-04-11 22:18:40.193 [http-nio-5000-exec-10] DEBUG org.hibernate.SQL.logStatement - select u1_0.`id`,u1_0.`city`,u1_0.`creation_date`,u1_0.`email`,u1_0.`image`,u1_0.`name`,u1_0.`password`,u1_0.`postal_code`,u1_0.`surname`,u1_0.`username` from `user` u1_0 where u1_0.`username`=?
2024-04-11 22:18:40.195 [http-nio-5000-exec-10] DEBUG org.hibernate.SQL.logStatement - select r1_0.`user_id`,r1_1.`id`,r1_1.`name` from `user_role` r1_0 join `rol` r1_1 on r1_1.`id`=r1_0.`role_id` where r1_0.`user_id`=?
2024-04-11 22:18:40.207 [http-nio-5000-exec-10] DEBUG org.hibernate.SQL.logStatement - select r1_0.`id`,r1_0.`comunidad_autonoma`,r1_0.`tipo_moto`,r1_0.`descripcion`,r1_0.`fecha_creacion`,r1_0.`imageurl`,r1_0.`titulo`,r1_0.`user_id` from `ruta` r1_0
2024-04-11 22:19:29.007 [http-nio-5000-exec-1] DEBUG org.hibernate.SQL.logStatement - select u1_0.`id`,u1_0.`city`,u1_0.`creation_date`,u1_0.`email`,u1_0.`image`,u1_0.`name`,u1_0.`password`,u1_0.`postal_code`,u1_0.`surname`,u1_0.`username` from `user` u1_0 where u1_0.`username`=?
2024-04-11 22:19:29.009 [http-nio-5000-exec-1] DEBUG org.hibernate.SQL.logStatement - select r1_0.`user_id`,r1_1.`id`,r1_1.`name` from `user_role` r1_0 join `rol` r1_1 on r1_1.`id`=r1_0.`role_id` where r1_0.`user_id`=?
2024-04-11 22:19:29.020 [http-nio-5000-exec-1] DEBUG org.hibernate.SQL.logStatement - select r1_0.`id`,r1_0.`comunidad_autonoma`,r1_0.`tipo_moto`,r1_0.`descripcion`,r1_0.`fecha_creacion`,r1_0.`imageurl`,r1_0.`titulo`,r1_0.`user_id` from `ruta` r1_0 where r1_0.`user_id`=?
2024-04-11 22:19:40.221 [http-nio-5000-exec-2] DEBUG org.hibernate.SQL.logStatement - select u1_0.`id`,u1_0.`city`,u1_0.`creation_date`,u1_0.`email`,u1_0.`image`,u1_0.`name`,u1_0.`password`,u1_0.`postal_code`,u1_0.`surname`,u1_0.`username` from `user` u1_0 where u1_0.`username`=?
2024-04-11 22:19:40.222 [http-nio-5000-exec-2] DEBUG org.hibernate.SQL.logStatement - select r1_0.`user_id`,r1_1.`id`,r1_1.`name` from `user_role` r1_0 join `rol` r1_1 on r1_1.`id`=r1_0.`role_id` where r1_0.`user_id`=?
2024-04-11 22:19:40.231 [http-nio-5000-exec-2] DEBUG org.hibernate.SQL.logStatement - select r1_0.`id`,r1_0.`comunidad_autonoma`,r1_0.`tipo_moto`,r1_0.`descripcion`,r1_0.`fecha_creacion`,r1_0.`imageurl`,r1_0.`titulo`,r1_0.`user_id` from `ruta` r1_0 where r1_0.`id`=?
2024-04-11 22:19:41.382 [http-nio-5000-exec-3] DEBUG org.hibernate.SQL.logStatement - select u1_0.`id`,u1_0.`city`,u1_0.`creation_date`,u1_0.`email`,u1_0.`image`,u1_0.`name`,u1_0.`password`,u1_0.`postal_code`,u1_0.`surname`,u1_0.`username` from `user` u1_0 where u1_0.`username`=?
2024-04-11 22:19:41.384 [http-nio-5000-exec-3] DEBUG org.hibernate.SQL.logStatement - select r1_0.`user_id`,r1_1.`id`,r1_1.`name` from `user_role` r1_0 join `rol` r1_1 on r1_1.`id`=r1_0.`role_id` where r1_0.`user_id`=?
2024-04-11 22:19:41.392 [http-nio-5000-exec-3] DEBUG org.hibernate.SQL.logStatement - select r1_0.`id`,r1_0.`comunidad_autonoma`,r1_0.`tipo_moto`,r1_0.`descripcion`,r1_0.`fecha_creacion`,r1_0.`imageurl`,r1_0.`titulo`,r1_0.`user_id` from `ruta` r1_0 where r1_0.`id`=?
2024-04-11 22:25:10.579 [SpringApplicationShutdownHook] INFO  o.s.o.j.LocalContainerEntityManagerFactoryBean.destroy - Closing JPA EntityManagerFactory for persistence unit 'default'
2024-04-11 22:25:10.589 [SpringApplicationShutdownHook] INFO  com.zaxxer.hikari.HikariDataSource.close - HikariPool-1 - Shutdown initiated...
2024-04-11 22:25:10.596 [SpringApplicationShutdownHook] INFO  com.zaxxer.hikari.HikariDataSource.close - HikariPool-1 - Shutdown completed.
