2024-05-07 19:57:25.965 [restartedMain] INFO  c.e.R.RutasMoterasApplication.logStarting - Starting RutasMoterasApplication using Java 21.0.1 with PID 22860 (C:\Users\ivanc\Downloads\RutasMoterasHibernate\RutasMoteras\target\classes started by ivanc in C:\Users\ivanc\Downloads\RutasMoterasHibernate\RutasMoteras)
2024-05-07 19:57:25.976 [restartedMain] INFO  c.e.R.RutasMoterasApplication.logStartupProfileInfo - No active profile set, falling back to 1 default profile: "default"
2024-05-07 19:57:26.048 [restartedMain] INFO  o.s.b.d.e.DevToolsPropertyDefaultsPostProcessor.logTo - Devtools property defaults active! Set 'spring.devtools.add-properties' to 'false' to disable
2024-05-07 19:57:26.049 [restartedMain] INFO  o.s.b.d.e.DevToolsPropertyDefaultsPostProcessor.logTo - For additional web related logging consider setting the 'logging.level.web' property to 'DEBUG'
2024-05-07 19:57:27.731 [restartedMain] INFO  o.s.d.r.c.RepositoryConfigurationDelegate.registerRepositoriesIn - Bootstrapping Spring Data JPA repositories in DEFAULT mode.
2024-05-07 19:57:27.811 [restartedMain] INFO  o.s.d.r.c.RepositoryConfigurationDelegate.registerRepositoriesIn - Finished Spring Data repository scanning in 68 ms. Found 3 JPA repository interfaces.
2024-05-07 19:57:28.753 [restartedMain] INFO  o.s.b.w.e.tomcat.TomcatWebServer.initialize - Tomcat initialized with port 5000 (http)
2024-05-07 19:57:28.769 [restartedMain] INFO  o.a.catalina.core.StandardService.log - Starting service [Tomcat]
2024-05-07 19:57:28.769 [restartedMain] INFO  o.a.catalina.core.StandardEngine.log - Starting Servlet engine: [Apache Tomcat/10.1.19]
2024-05-07 19:57:28.839 [restartedMain] INFO  o.a.c.c.C.[Tomcat].[localhost].[/].log - Initializing Spring embedded WebApplicationContext
2024-05-07 19:57:28.840 [restartedMain] INFO  o.s.b.w.s.c.ServletWebServerApplicationContext.prepareWebApplicationContext - Root WebApplicationContext: initialization completed in 2790 ms
2024-05-07 19:57:29.034 [restartedMain] WARN  o.s.b.a.o.j.JpaBaseConfiguration$JpaWebConfiguration.openEntityManagerInViewInterceptor - spring.jpa.open-in-view is enabled by default. Therefore, database queries may be performed during view rendering. Explicitly configure spring.jpa.open-in-view to disable this warning
2024-05-07 19:57:29.201 [restartedMain] INFO  o.h.jpa.internal.util.LogHelper.logPersistenceUnitInformation - HHH000204: Processing PersistenceUnitInfo [name: default]
2024-05-07 19:57:29.311 [restartedMain] INFO  org.hibernate.Version.logVersion - HHH000412: Hibernate ORM core version 6.4.4.Final
2024-05-07 19:57:29.363 [restartedMain] INFO  o.h.c.i.RegionFactoryInitiator.initiateService - HHH000026: Second-level cache disabled
2024-05-07 19:57:29.709 [restartedMain] INFO  o.s.o.j.p.SpringPersistenceUnitInfo.addTransformer - No LoadTimeWeaver setup: ignoring JPA class transformer
2024-05-07 19:57:29.754 [restartedMain] INFO  com.zaxxer.hikari.HikariDataSource.getConnection - HikariPool-1 - Starting...
2024-05-07 19:57:29.890 [restartedMain] INFO  com.zaxxer.hikari.pool.HikariPool.checkFailFast - HikariPool-1 - Added connection org.mariadb.jdbc.Connection@2dcdbab
2024-05-07 19:57:29.892 [restartedMain] INFO  com.zaxxer.hikari.HikariDataSource.getConnection - HikariPool-1 - Start completed.
2024-05-07 19:57:31.240 [restartedMain] INFO  o.h.e.t.j.p.i.JtaPlatformInitiator.initiateService - HHH000489: No JTA platform available (set 'hibernate.transaction.jta.platform' to enable JTA platform integration)
2024-05-07 19:57:31.327 [restartedMain] INFO  o.s.o.j.LocalContainerEntityManagerFactoryBean.buildNativeEntityManagerFactory - Initialized JPA EntityManagerFactory for persistence unit 'default'
2024-05-07 19:57:31.831 [restartedMain] INFO  o.s.d.j.r.query.QueryEnhancerFactory.<clinit> - Hibernate is in classpath; If applicable, HQL parser will be used.
2024-05-07 19:57:33.411 [restartedMain] INFO  o.s.s.web.DefaultSecurityFilterChain.<init> - Will secure any request with [org.springframework.security.web.session.DisableEncodeUrlFilter@605032d6, org.springframework.security.web.context.request.async.WebAsyncManagerIntegrationFilter@36a6031e, org.springframework.security.web.context.SecurityContextHolderFilter@ebea68e, org.springframework.security.web.header.HeaderWriterFilter@43c62606, org.springframework.security.web.authentication.logout.LogoutFilter@2eefa329, com.example.RutasMoteras.security.JwtAuthenticationFilter@4ca1883e, org.springframework.security.web.savedrequest.RequestCacheAwareFilter@435a057a, org.springframework.security.web.servletapi.SecurityContextHolderAwareRequestFilter@11950c84, org.springframework.security.web.authentication.AnonymousAuthenticationFilter@76b2fca6, org.springframework.security.web.session.SessionManagementFilter@7fe9fdc8, org.springframework.security.web.access.ExceptionTranslationFilter@51118a26, org.springframework.security.web.access.intercept.AuthorizationFilter@10af54f]
2024-05-07 19:57:33.917 [restartedMain] INFO  o.s.b.d.a.OptionalLiveReloadServer.startServer - LiveReload server is running on port 35729
2024-05-07 19:57:33.971 [restartedMain] INFO  o.s.b.w.e.tomcat.TomcatWebServer.start - Tomcat started on port 5000 (http) with context path ''
2024-05-07 19:57:33.982 [restartedMain] INFO  c.e.R.RutasMoterasApplication.logStarted - Started RutasMoterasApplication in 8.77 seconds (process running for 15.52)
2024-05-07 19:59:31.284 [http-nio-5000-exec-2] INFO  o.a.c.c.C.[Tomcat].[localhost].[/].log - Initializing Spring DispatcherServlet 'dispatcherServlet'
2024-05-07 19:59:31.284 [http-nio-5000-exec-2] INFO  o.s.web.servlet.DispatcherServlet.initServletBean - Initializing Servlet 'dispatcherServlet'
2024-05-07 19:59:31.286 [http-nio-5000-exec-2] INFO  o.s.web.servlet.DispatcherServlet.initServletBean - Completed initialization in 2 ms
2024-05-07 19:59:31.750 [http-nio-5000-exec-2] DEBUG org.hibernate.SQL.logStatement - select u1_0.`id`,u1_0.`city`,u1_0.`creation_date`,u1_0.`email`,u1_0.`image`,u1_0.`name`,u1_0.`password`,u1_0.`postal_code`,u1_0.`surname`,u1_0.`username` from `user` u1_0 where u1_0.`username`=?
2024-05-07 19:59:31.788 [http-nio-5000-exec-2] DEBUG org.hibernate.SQL.logStatement - select r1_0.`user_id`,r1_1.`id`,r1_1.`name` from `user_role` r1_0 join `rol` r1_1 on r1_1.`id`=r1_0.`role_id` where r1_0.`user_id`=?
2024-05-07 19:59:31.919 [http-nio-5000-exec-2] DEBUG org.hibernate.SQL.logStatement - select u1_0.`id`,u1_0.`city`,u1_0.`creation_date`,u1_0.`email`,u1_0.`image`,u1_0.`name`,u1_0.`password`,u1_0.`postal_code`,u1_0.`surname`,u1_0.`username` from `user` u1_0 where u1_0.`email`=?
2024-05-07 19:59:32.042 [http-nio-5000-exec-1] DEBUG org.hibernate.SQL.logStatement - select u1_0.`id`,u1_0.`city`,u1_0.`creation_date`,u1_0.`email`,u1_0.`image`,u1_0.`name`,u1_0.`password`,u1_0.`postal_code`,u1_0.`surname`,u1_0.`username` from `user` u1_0 where u1_0.`username`=?
2024-05-07 19:59:32.049 [http-nio-5000-exec-1] DEBUG org.hibernate.SQL.logStatement - select r1_0.`user_id`,r1_1.`id`,r1_1.`name` from `user_role` r1_0 join `rol` r1_1 on r1_1.`id`=r1_0.`role_id` where r1_0.`user_id`=?
2024-05-07 19:59:32.090 [http-nio-5000-exec-1] DEBUG org.hibernate.SQL.logStatement - select u1_0.`id`,u1_0.`city`,u1_0.`creation_date`,u1_0.`email`,u1_0.`image`,u1_0.`name`,u1_0.`password`,u1_0.`postal_code`,u1_0.`surname`,u1_0.`username` from `user` u1_0 where u1_0.`email`=?
2024-05-07 19:59:32.091 [http-nio-5000-exec-1] DEBUG org.hibernate.SQL.logStatement - select r1_0.`user_id`,r1_1.`id`,r1_1.`name` from `user_role` r1_0 join `rol` r1_1 on r1_1.`id`=r1_0.`role_id` where r1_0.`user_id`=?
2024-05-07 19:59:32.836 [http-nio-5000-exec-4] DEBUG org.hibernate.SQL.logStatement - select u1_0.`id`,u1_0.`city`,u1_0.`creation_date`,u1_0.`email`,u1_0.`image`,u1_0.`name`,u1_0.`password`,u1_0.`postal_code`,u1_0.`surname`,u1_0.`username` from `user` u1_0 where u1_0.`username`=?
2024-05-07 19:59:32.838 [http-nio-5000-exec-4] DEBUG org.hibernate.SQL.logStatement - select r1_0.`user_id`,r1_1.`id`,r1_1.`name` from `user_role` r1_0 join `rol` r1_1 on r1_1.`id`=r1_0.`role_id` where r1_0.`user_id`=?
2024-05-07 19:59:32.863 [http-nio-5000-exec-4] DEBUG org.hibernate.SQL.logStatement - select r1_0.`id`,r1_0.`comunidad_autonoma`,r1_0.`tipo_moto`,r1_0.`descripcion`,r1_0.`fecha_creacion`,r1_0.`imageurl`,r1_0.`titulo`,r1_0.`user_id` from `ruta` r1_0
2024-05-07 20:00:44.822 [http-nio-5000-exec-5] DEBUG org.hibernate.SQL.logStatement - select u1_0.`id`,u1_0.`city`,u1_0.`creation_date`,u1_0.`email`,u1_0.`image`,u1_0.`name`,u1_0.`password`,u1_0.`postal_code`,u1_0.`surname`,u1_0.`username` from `user` u1_0 where u1_0.`username`=?
2024-05-07 20:00:44.824 [http-nio-5000-exec-5] DEBUG org.hibernate.SQL.logStatement - select r1_0.`user_id`,r1_1.`id`,r1_1.`name` from `user_role` r1_0 join `rol` r1_1 on r1_1.`id`=r1_0.`role_id` where r1_0.`user_id`=?
2024-05-07 20:00:44.938 [http-nio-5000-exec-5] DEBUG org.hibernate.SQL.logStatement - select u1_0.`id`,u1_0.`city`,u1_0.`creation_date`,u1_0.`email`,u1_0.`image`,u1_0.`name`,u1_0.`password`,u1_0.`postal_code`,u1_0.`surname`,u1_0.`username` from `user` u1_0 where u1_0.`email`=?
2024-05-07 20:00:44.955 [http-nio-5000-exec-6] DEBUG org.hibernate.SQL.logStatement - select u1_0.`id`,u1_0.`city`,u1_0.`creation_date`,u1_0.`email`,u1_0.`image`,u1_0.`name`,u1_0.`password`,u1_0.`postal_code`,u1_0.`surname`,u1_0.`username` from `user` u1_0 where u1_0.`username`=?
2024-05-07 20:00:44.956 [http-nio-5000-exec-6] DEBUG org.hibernate.SQL.logStatement - select r1_0.`user_id`,r1_1.`id`,r1_1.`name` from `user_role` r1_0 join `rol` r1_1 on r1_1.`id`=r1_0.`role_id` where r1_0.`user_id`=?
2024-05-07 20:00:44.965 [http-nio-5000-exec-6] DEBUG org.hibernate.SQL.logStatement - select u1_0.`id`,u1_0.`city`,u1_0.`creation_date`,u1_0.`email`,u1_0.`image`,u1_0.`name`,u1_0.`password`,u1_0.`postal_code`,u1_0.`surname`,u1_0.`username` from `user` u1_0 where u1_0.`email`=?
2024-05-07 20:00:44.967 [http-nio-5000-exec-6] DEBUG org.hibernate.SQL.logStatement - select r1_0.`user_id`,r1_1.`id`,r1_1.`name` from `user_role` r1_0 join `rol` r1_1 on r1_1.`id`=r1_0.`role_id` where r1_0.`user_id`=?
2024-05-07 20:00:45.593 [http-nio-5000-exec-7] DEBUG org.hibernate.SQL.logStatement - select u1_0.`id`,u1_0.`city`,u1_0.`creation_date`,u1_0.`email`,u1_0.`image`,u1_0.`name`,u1_0.`password`,u1_0.`postal_code`,u1_0.`surname`,u1_0.`username` from `user` u1_0 where u1_0.`username`=?
2024-05-07 20:00:45.596 [http-nio-5000-exec-7] DEBUG org.hibernate.SQL.logStatement - select r1_0.`user_id`,r1_1.`id`,r1_1.`name` from `user_role` r1_0 join `rol` r1_1 on r1_1.`id`=r1_0.`role_id` where r1_0.`user_id`=?
2024-05-07 20:00:45.608 [http-nio-5000-exec-7] DEBUG org.hibernate.SQL.logStatement - select r1_0.`id`,r1_0.`comunidad_autonoma`,r1_0.`tipo_moto`,r1_0.`descripcion`,r1_0.`fecha_creacion`,r1_0.`imageurl`,r1_0.`titulo`,r1_0.`user_id` from `ruta` r1_0
2024-05-07 20:00:47.370 [http-nio-5000-exec-8] DEBUG org.hibernate.SQL.logStatement - select u1_0.`id`,u1_0.`city`,u1_0.`creation_date`,u1_0.`email`,u1_0.`image`,u1_0.`name`,u1_0.`password`,u1_0.`postal_code`,u1_0.`surname`,u1_0.`username` from `user` u1_0 where u1_0.`username`=?
2024-05-07 20:00:47.373 [http-nio-5000-exec-8] DEBUG org.hibernate.SQL.logStatement - select r1_0.`user_id`,r1_1.`id`,r1_1.`name` from `user_role` r1_0 join `rol` r1_1 on r1_1.`id`=r1_0.`role_id` where r1_0.`user_id`=?
2024-05-07 20:00:47.393 [http-nio-5000-exec-8] DEBUG org.hibernate.SQL.logStatement - select r1_0.`id`,r1_0.`comunidad_autonoma`,r1_0.`tipo_moto`,r1_0.`descripcion`,r1_0.`fecha_creacion`,r1_0.`imageurl`,r1_0.`titulo`,r1_0.`user_id` from `ruta` r1_0 where r1_0.`user_id`=?
2024-05-07 20:00:50.796 [http-nio-5000-exec-9] DEBUG org.hibernate.SQL.logStatement - select u1_0.`id`,u1_0.`city`,u1_0.`creation_date`,u1_0.`email`,u1_0.`image`,u1_0.`name`,u1_0.`password`,u1_0.`postal_code`,u1_0.`surname`,u1_0.`username` from `user` u1_0 where u1_0.`username`=?
2024-05-07 20:00:50.799 [http-nio-5000-exec-9] DEBUG org.hibernate.SQL.logStatement - select r1_0.`user_id`,r1_1.`id`,r1_1.`name` from `user_role` r1_0 join `rol` r1_1 on r1_1.`id`=r1_0.`role_id` where r1_0.`user_id`=?
2024-05-07 20:00:50.813 [http-nio-5000-exec-9] DEBUG org.hibernate.SQL.logStatement - select r1_0.`id`,r1_0.`comunidad_autonoma`,r1_0.`tipo_moto`,r1_0.`descripcion`,r1_0.`fecha_creacion`,r1_0.`imageurl`,r1_0.`titulo`,r1_0.`user_id` from `ruta` r1_0
2024-05-07 20:19:41.072 [http-nio-5000-exec-2] DEBUG org.hibernate.SQL.logStatement - select u1_0.`id`,u1_0.`city`,u1_0.`creation_date`,u1_0.`email`,u1_0.`image`,u1_0.`name`,u1_0.`password`,u1_0.`postal_code`,u1_0.`surname`,u1_0.`username` from `user` u1_0 where u1_0.`username`=?
2024-05-07 20:19:41.077 [http-nio-5000-exec-2] DEBUG org.hibernate.SQL.logStatement - select r1_0.`user_id`,r1_1.`id`,r1_1.`name` from `user_role` r1_0 join `rol` r1_1 on r1_1.`id`=r1_0.`role_id` where r1_0.`user_id`=?
2024-05-07 20:19:41.090 [http-nio-5000-exec-2] DEBUG org.hibernate.SQL.logStatement - select r1_0.`id`,r1_0.`comunidad_autonoma`,r1_0.`tipo_moto`,r1_0.`descripcion`,r1_0.`fecha_creacion`,r1_0.`imageurl`,r1_0.`titulo`,r1_0.`user_id` from `ruta` r1_0
2024-05-07 20:28:03.195 [http-nio-5000-exec-4] DEBUG org.hibernate.SQL.logStatement - select u1_0.`id`,u1_0.`city`,u1_0.`creation_date`,u1_0.`email`,u1_0.`image`,u1_0.`name`,u1_0.`password`,u1_0.`postal_code`,u1_0.`surname`,u1_0.`username` from `user` u1_0 where u1_0.`username`=?
2024-05-07 20:28:03.198 [http-nio-5000-exec-4] DEBUG org.hibernate.SQL.logStatement - select r1_0.`user_id`,r1_1.`id`,r1_1.`name` from `user_role` r1_0 join `rol` r1_1 on r1_1.`id`=r1_0.`role_id` where r1_0.`user_id`=?
2024-05-07 20:28:03.205 [http-nio-5000-exec-4] DEBUG org.hibernate.SQL.logStatement - select r1_0.`id`,r1_0.`comunidad_autonoma`,r1_0.`tipo_moto`,r1_0.`descripcion`,r1_0.`fecha_creacion`,r1_0.`imageurl`,r1_0.`titulo`,r1_0.`user_id` from `ruta` r1_0
2024-05-07 20:28:36.768 [http-nio-5000-exec-3] DEBUG org.hibernate.SQL.logStatement - select u1_0.`id`,u1_0.`city`,u1_0.`creation_date`,u1_0.`email`,u1_0.`image`,u1_0.`name`,u1_0.`password`,u1_0.`postal_code`,u1_0.`surname`,u1_0.`username` from `user` u1_0 where u1_0.`username`=?
2024-05-07 20:28:36.770 [http-nio-5000-exec-3] DEBUG org.hibernate.SQL.logStatement - select r1_0.`user_id`,r1_1.`id`,r1_1.`name` from `user_role` r1_0 join `rol` r1_1 on r1_1.`id`=r1_0.`role_id` where r1_0.`user_id`=?
2024-05-07 20:28:36.780 [http-nio-5000-exec-3] DEBUG org.hibernate.SQL.logStatement - select r1_0.`id`,r1_0.`comunidad_autonoma`,r1_0.`tipo_moto`,r1_0.`descripcion`,r1_0.`fecha_creacion`,r1_0.`imageurl`,r1_0.`titulo`,r1_0.`user_id` from `ruta` r1_0 where r1_0.`user_id`=?
2024-05-07 20:28:40.387 [http-nio-5000-exec-5] DEBUG org.hibernate.SQL.logStatement - select u1_0.`id`,u1_0.`city`,u1_0.`creation_date`,u1_0.`email`,u1_0.`image`,u1_0.`name`,u1_0.`password`,u1_0.`postal_code`,u1_0.`surname`,u1_0.`username` from `user` u1_0 where u1_0.`username`=?
2024-05-07 20:28:40.390 [http-nio-5000-exec-5] DEBUG org.hibernate.SQL.logStatement - select r1_0.`user_id`,r1_1.`id`,r1_1.`name` from `user_role` r1_0 join `rol` r1_1 on r1_1.`id`=r1_0.`role_id` where r1_0.`user_id`=?
2024-05-07 20:28:40.400 [http-nio-5000-exec-5] DEBUG org.hibernate.SQL.logStatement - select r1_0.`id`,r1_0.`comunidad_autonoma`,r1_0.`tipo_moto`,r1_0.`descripcion`,r1_0.`fecha_creacion`,r1_0.`imageurl`,r1_0.`titulo`,r1_0.`user_id` from `ruta` r1_0
2024-05-07 20:34:51.925 [http-nio-5000-exec-7] DEBUG org.hibernate.SQL.logStatement - select u1_0.`id`,u1_0.`city`,u1_0.`creation_date`,u1_0.`email`,u1_0.`image`,u1_0.`name`,u1_0.`password`,u1_0.`postal_code`,u1_0.`surname`,u1_0.`username` from `user` u1_0 where u1_0.`username`=?
2024-05-07 20:34:51.927 [http-nio-5000-exec-7] DEBUG org.hibernate.SQL.logStatement - select r1_0.`user_id`,r1_1.`id`,r1_1.`name` from `user_role` r1_0 join `rol` r1_1 on r1_1.`id`=r1_0.`role_id` where r1_0.`user_id`=?
2024-05-07 20:34:51.936 [http-nio-5000-exec-7] DEBUG org.hibernate.SQL.logStatement - select r1_0.`id`,r1_0.`comunidad_autonoma`,r1_0.`tipo_moto`,r1_0.`descripcion`,r1_0.`fecha_creacion`,r1_0.`imageurl`,r1_0.`titulo`,r1_0.`user_id` from `ruta` r1_0
2024-05-07 20:46:59.168 [http-nio-5000-exec-9] DEBUG org.hibernate.SQL.logStatement - select u1_0.`id`,u1_0.`city`,u1_0.`creation_date`,u1_0.`email`,u1_0.`image`,u1_0.`name`,u1_0.`password`,u1_0.`postal_code`,u1_0.`surname`,u1_0.`username` from `user` u1_0 where u1_0.`username`=?
2024-05-07 20:46:59.170 [http-nio-5000-exec-9] DEBUG org.hibernate.SQL.logStatement - select r1_0.`user_id`,r1_1.`id`,r1_1.`name` from `user_role` r1_0 join `rol` r1_1 on r1_1.`id`=r1_0.`role_id` where r1_0.`user_id`=?
2024-05-07 20:46:59.180 [http-nio-5000-exec-9] DEBUG org.hibernate.SQL.logStatement - select r1_0.`id`,r1_0.`comunidad_autonoma`,r1_0.`tipo_moto`,r1_0.`descripcion`,r1_0.`fecha_creacion`,r1_0.`imageurl`,r1_0.`titulo`,r1_0.`user_id` from `ruta` r1_0
2024-05-07 20:55:25.971 [http-nio-5000-exec-2] DEBUG org.hibernate.SQL.logStatement - select u1_0.`id`,u1_0.`city`,u1_0.`creation_date`,u1_0.`email`,u1_0.`image`,u1_0.`name`,u1_0.`password`,u1_0.`postal_code`,u1_0.`surname`,u1_0.`username` from `user` u1_0 where u1_0.`username`=?
2024-05-07 20:55:25.974 [http-nio-5000-exec-2] DEBUG org.hibernate.SQL.logStatement - select r1_0.`user_id`,r1_1.`id`,r1_1.`name` from `user_role` r1_0 join `rol` r1_1 on r1_1.`id`=r1_0.`role_id` where r1_0.`user_id`=?
2024-05-07 20:55:25.982 [http-nio-5000-exec-2] DEBUG org.hibernate.SQL.logStatement - select r1_0.`id`,r1_0.`comunidad_autonoma`,r1_0.`tipo_moto`,r1_0.`descripcion`,r1_0.`fecha_creacion`,r1_0.`imageurl`,r1_0.`titulo`,r1_0.`user_id` from `ruta` r1_0
2024-05-07 20:56:38.282 [http-nio-5000-exec-4] DEBUG org.hibernate.SQL.logStatement - select u1_0.`id`,u1_0.`city`,u1_0.`creation_date`,u1_0.`email`,u1_0.`image`,u1_0.`name`,u1_0.`password`,u1_0.`postal_code`,u1_0.`surname`,u1_0.`username` from `user` u1_0 where u1_0.`username`=?
2024-05-07 20:56:38.284 [http-nio-5000-exec-4] DEBUG org.hibernate.SQL.logStatement - select r1_0.`user_id`,r1_1.`id`,r1_1.`name` from `user_role` r1_0 join `rol` r1_1 on r1_1.`id`=r1_0.`role_id` where r1_0.`user_id`=?
2024-05-07 20:56:38.295 [http-nio-5000-exec-4] DEBUG org.hibernate.SQL.logStatement - select r1_0.`id`,r1_0.`comunidad_autonoma`,r1_0.`tipo_moto`,r1_0.`descripcion`,r1_0.`fecha_creacion`,r1_0.`imageurl`,r1_0.`titulo`,r1_0.`user_id` from `ruta` r1_0
2024-05-07 21:15:22.274 [http-nio-5000-exec-5] DEBUG org.hibernate.SQL.logStatement - select u1_0.`id`,u1_0.`city`,u1_0.`creation_date`,u1_0.`email`,u1_0.`image`,u1_0.`name`,u1_0.`password`,u1_0.`postal_code`,u1_0.`surname`,u1_0.`username` from `user` u1_0 where u1_0.`username`=?
2024-05-07 21:15:22.277 [http-nio-5000-exec-5] DEBUG org.hibernate.SQL.logStatement - select r1_0.`user_id`,r1_1.`id`,r1_1.`name` from `user_role` r1_0 join `rol` r1_1 on r1_1.`id`=r1_0.`role_id` where r1_0.`user_id`=?
2024-05-07 21:15:22.284 [http-nio-5000-exec-5] DEBUG org.hibernate.SQL.logStatement - select r1_0.`id`,r1_0.`comunidad_autonoma`,r1_0.`tipo_moto`,r1_0.`descripcion`,r1_0.`fecha_creacion`,r1_0.`imageurl`,r1_0.`titulo`,r1_0.`user_id` from `ruta` r1_0
2024-05-07 21:17:00.609 [http-nio-5000-exec-7] DEBUG org.hibernate.SQL.logStatement - select u1_0.`id`,u1_0.`city`,u1_0.`creation_date`,u1_0.`email`,u1_0.`image`,u1_0.`name`,u1_0.`password`,u1_0.`postal_code`,u1_0.`surname`,u1_0.`username` from `user` u1_0 where u1_0.`username`=?
2024-05-07 21:17:00.611 [http-nio-5000-exec-7] DEBUG org.hibernate.SQL.logStatement - select r1_0.`user_id`,r1_1.`id`,r1_1.`name` from `user_role` r1_0 join `rol` r1_1 on r1_1.`id`=r1_0.`role_id` where r1_0.`user_id`=?
2024-05-07 21:17:00.689 [http-nio-5000-exec-7] DEBUG org.hibernate.SQL.logStatement - select u1_0.`id`,u1_0.`city`,u1_0.`creation_date`,u1_0.`email`,u1_0.`image`,u1_0.`name`,u1_0.`password`,u1_0.`postal_code`,u1_0.`surname`,u1_0.`username` from `user` u1_0 where u1_0.`email`=?
2024-05-07 21:17:00.711 [http-nio-5000-exec-8] DEBUG org.hibernate.SQL.logStatement - select u1_0.`id`,u1_0.`city`,u1_0.`creation_date`,u1_0.`email`,u1_0.`image`,u1_0.`name`,u1_0.`password`,u1_0.`postal_code`,u1_0.`surname`,u1_0.`username` from `user` u1_0 where u1_0.`username`=?
2024-05-07 21:17:00.712 [http-nio-5000-exec-8] DEBUG org.hibernate.SQL.logStatement - select r1_0.`user_id`,r1_1.`id`,r1_1.`name` from `user_role` r1_0 join `rol` r1_1 on r1_1.`id`=r1_0.`role_id` where r1_0.`user_id`=?
2024-05-07 21:17:00.716 [http-nio-5000-exec-8] DEBUG org.hibernate.SQL.logStatement - select u1_0.`id`,u1_0.`city`,u1_0.`creation_date`,u1_0.`email`,u1_0.`image`,u1_0.`name`,u1_0.`password`,u1_0.`postal_code`,u1_0.`surname`,u1_0.`username` from `user` u1_0 where u1_0.`email`=?
2024-05-07 21:17:00.717 [http-nio-5000-exec-8] DEBUG org.hibernate.SQL.logStatement - select r1_0.`user_id`,r1_1.`id`,r1_1.`name` from `user_role` r1_0 join `rol` r1_1 on r1_1.`id`=r1_0.`role_id` where r1_0.`user_id`=?
2024-05-07 21:17:01.409 [http-nio-5000-exec-9] DEBUG org.hibernate.SQL.logStatement - select u1_0.`id`,u1_0.`city`,u1_0.`creation_date`,u1_0.`email`,u1_0.`image`,u1_0.`name`,u1_0.`password`,u1_0.`postal_code`,u1_0.`surname`,u1_0.`username` from `user` u1_0 where u1_0.`username`=?
2024-05-07 21:17:01.412 [http-nio-5000-exec-9] DEBUG org.hibernate.SQL.logStatement - select r1_0.`user_id`,r1_1.`id`,r1_1.`name` from `user_role` r1_0 join `rol` r1_1 on r1_1.`id`=r1_0.`role_id` where r1_0.`user_id`=?
2024-05-07 21:17:01.420 [http-nio-5000-exec-9] DEBUG org.hibernate.SQL.logStatement - select r1_0.`id`,r1_0.`comunidad_autonoma`,r1_0.`tipo_moto`,r1_0.`descripcion`,r1_0.`fecha_creacion`,r1_0.`imageurl`,r1_0.`titulo`,r1_0.`user_id` from `ruta` r1_0
2024-05-07 21:18:19.308 [http-nio-5000-exec-2] DEBUG org.hibernate.SQL.logStatement - select u1_0.`id`,u1_0.`city`,u1_0.`creation_date`,u1_0.`email`,u1_0.`image`,u1_0.`name`,u1_0.`password`,u1_0.`postal_code`,u1_0.`surname`,u1_0.`username` from `user` u1_0 where u1_0.`username`=?
2024-05-07 21:18:19.309 [http-nio-5000-exec-2] DEBUG org.hibernate.SQL.logStatement - select r1_0.`user_id`,r1_1.`id`,r1_1.`name` from `user_role` r1_0 join `rol` r1_1 on r1_1.`id`=r1_0.`role_id` where r1_0.`user_id`=?
2024-05-07 21:18:19.317 [http-nio-5000-exec-2] DEBUG org.hibernate.SQL.logStatement - select r1_0.`id`,r1_0.`comunidad_autonoma`,r1_0.`tipo_moto`,r1_0.`descripcion`,r1_0.`fecha_creacion`,r1_0.`imageurl`,r1_0.`titulo`,r1_0.`user_id` from `ruta` r1_0
2024-05-07 21:18:53.940 [http-nio-5000-exec-4] DEBUG org.hibernate.SQL.logStatement - select u1_0.`id`,u1_0.`city`,u1_0.`creation_date`,u1_0.`email`,u1_0.`image`,u1_0.`name`,u1_0.`password`,u1_0.`postal_code`,u1_0.`surname`,u1_0.`username` from `user` u1_0 where u1_0.`username`=?
2024-05-07 21:18:53.942 [http-nio-5000-exec-4] DEBUG org.hibernate.SQL.logStatement - select r1_0.`user_id`,r1_1.`id`,r1_1.`name` from `user_role` r1_0 join `rol` r1_1 on r1_1.`id`=r1_0.`role_id` where r1_0.`user_id`=?
2024-05-07 21:18:53.948 [http-nio-5000-exec-4] DEBUG org.hibernate.SQL.logStatement - select r1_0.`id`,r1_0.`comunidad_autonoma`,r1_0.`tipo_moto`,r1_0.`descripcion`,r1_0.`fecha_creacion`,r1_0.`imageurl`,r1_0.`titulo`,r1_0.`user_id` from `ruta` r1_0
2024-05-07 21:19:21.929 [http-nio-5000-exec-5] DEBUG org.hibernate.SQL.logStatement - select u1_0.`id`,u1_0.`city`,u1_0.`creation_date`,u1_0.`email`,u1_0.`image`,u1_0.`name`,u1_0.`password`,u1_0.`postal_code`,u1_0.`surname`,u1_0.`username` from `user` u1_0 where u1_0.`username`=?
2024-05-07 21:19:21.930 [http-nio-5000-exec-5] DEBUG org.hibernate.SQL.logStatement - select r1_0.`user_id`,r1_1.`id`,r1_1.`name` from `user_role` r1_0 join `rol` r1_1 on r1_1.`id`=r1_0.`role_id` where r1_0.`user_id`=?
2024-05-07 21:19:21.938 [http-nio-5000-exec-5] DEBUG org.hibernate.SQL.logStatement - select r1_0.`id`,r1_0.`comunidad_autonoma`,r1_0.`tipo_moto`,r1_0.`descripcion`,r1_0.`fecha_creacion`,r1_0.`imageurl`,r1_0.`titulo`,r1_0.`user_id` from `ruta` r1_0
2024-05-07 21:22:57.665 [http-nio-5000-exec-7] DEBUG org.hibernate.SQL.logStatement - select u1_0.`id`,u1_0.`city`,u1_0.`creation_date`,u1_0.`email`,u1_0.`image`,u1_0.`name`,u1_0.`password`,u1_0.`postal_code`,u1_0.`surname`,u1_0.`username` from `user` u1_0 where u1_0.`username`=?
2024-05-07 21:22:57.667 [http-nio-5000-exec-7] DEBUG org.hibernate.SQL.logStatement - select r1_0.`user_id`,r1_1.`id`,r1_1.`name` from `user_role` r1_0 join `rol` r1_1 on r1_1.`id`=r1_0.`role_id` where r1_0.`user_id`=?
2024-05-07 21:22:57.676 [http-nio-5000-exec-7] DEBUG org.hibernate.SQL.logStatement - select r1_0.`id`,r1_0.`comunidad_autonoma`,r1_0.`tipo_moto`,r1_0.`descripcion`,r1_0.`fecha_creacion`,r1_0.`imageurl`,r1_0.`titulo`,r1_0.`user_id` from `ruta` r1_0
2024-05-07 21:23:41.919 [http-nio-5000-exec-9] DEBUG org.hibernate.SQL.logStatement - select u1_0.`id`,u1_0.`city`,u1_0.`creation_date`,u1_0.`email`,u1_0.`image`,u1_0.`name`,u1_0.`password`,u1_0.`postal_code`,u1_0.`surname`,u1_0.`username` from `user` u1_0 where u1_0.`username`=?
2024-05-07 21:23:41.920 [http-nio-5000-exec-9] DEBUG org.hibernate.SQL.logStatement - select r1_0.`user_id`,r1_1.`id`,r1_1.`name` from `user_role` r1_0 join `rol` r1_1 on r1_1.`id`=r1_0.`role_id` where r1_0.`user_id`=?
2024-05-07 21:23:41.932 [http-nio-5000-exec-9] DEBUG org.hibernate.SQL.logStatement - select r1_0.`id`,r1_0.`comunidad_autonoma`,r1_0.`tipo_moto`,r1_0.`descripcion`,r1_0.`fecha_creacion`,r1_0.`imageurl`,r1_0.`titulo`,r1_0.`user_id` from `ruta` r1_0
2024-05-07 21:23:55.169 [http-nio-5000-exec-2] DEBUG org.hibernate.SQL.logStatement - select u1_0.`id`,u1_0.`city`,u1_0.`creation_date`,u1_0.`email`,u1_0.`image`,u1_0.`name`,u1_0.`password`,u1_0.`postal_code`,u1_0.`surname`,u1_0.`username` from `user` u1_0 where u1_0.`username`=?
2024-05-07 21:23:55.170 [http-nio-5000-exec-2] DEBUG org.hibernate.SQL.logStatement - select r1_0.`user_id`,r1_1.`id`,r1_1.`name` from `user_role` r1_0 join `rol` r1_1 on r1_1.`id`=r1_0.`role_id` where r1_0.`user_id`=?
2024-05-07 21:23:55.187 [http-nio-5000-exec-2] DEBUG org.hibernate.SQL.logStatement - select r1_0.`id`,r1_0.`comunidad_autonoma`,r1_0.`tipo_moto`,r1_0.`descripcion`,r1_0.`fecha_creacion`,r1_0.`imageurl`,r1_0.`titulo`,r1_0.`user_id` from `ruta` r1_0
2024-05-07 21:24:15.623 [http-nio-5000-exec-4] DEBUG org.hibernate.SQL.logStatement - select u1_0.`id`,u1_0.`city`,u1_0.`creation_date`,u1_0.`email`,u1_0.`image`,u1_0.`name`,u1_0.`password`,u1_0.`postal_code`,u1_0.`surname`,u1_0.`username` from `user` u1_0 where u1_0.`username`=?
2024-05-07 21:24:15.625 [http-nio-5000-exec-4] DEBUG org.hibernate.SQL.logStatement - select r1_0.`user_id`,r1_1.`id`,r1_1.`name` from `user_role` r1_0 join `rol` r1_1 on r1_1.`id`=r1_0.`role_id` where r1_0.`user_id`=?
2024-05-07 21:24:15.631 [http-nio-5000-exec-4] DEBUG org.hibernate.SQL.logStatement - select r1_0.`id`,r1_0.`comunidad_autonoma`,r1_0.`tipo_moto`,r1_0.`descripcion`,r1_0.`fecha_creacion`,r1_0.`imageurl`,r1_0.`titulo`,r1_0.`user_id` from `ruta` r1_0
2024-05-07 21:24:30.955 [http-nio-5000-exec-5] DEBUG org.hibernate.SQL.logStatement - select u1_0.`id`,u1_0.`city`,u1_0.`creation_date`,u1_0.`email`,u1_0.`image`,u1_0.`name`,u1_0.`password`,u1_0.`postal_code`,u1_0.`surname`,u1_0.`username` from `user` u1_0 where u1_0.`username`=?
2024-05-07 21:24:30.957 [http-nio-5000-exec-5] DEBUG org.hibernate.SQL.logStatement - select r1_0.`user_id`,r1_1.`id`,r1_1.`name` from `user_role` r1_0 join `rol` r1_1 on r1_1.`id`=r1_0.`role_id` where r1_0.`user_id`=?
2024-05-07 21:24:30.964 [http-nio-5000-exec-5] DEBUG org.hibernate.SQL.logStatement - select r1_0.`id`,r1_0.`comunidad_autonoma`,r1_0.`tipo_moto`,r1_0.`descripcion`,r1_0.`fecha_creacion`,r1_0.`imageurl`,r1_0.`titulo`,r1_0.`user_id` from `ruta` r1_0
2024-05-07 21:24:58.127 [http-nio-5000-exec-7] DEBUG org.hibernate.SQL.logStatement - select u1_0.`id`,u1_0.`city`,u1_0.`creation_date`,u1_0.`email`,u1_0.`image`,u1_0.`name`,u1_0.`password`,u1_0.`postal_code`,u1_0.`surname`,u1_0.`username` from `user` u1_0 where u1_0.`username`=?
2024-05-07 21:24:58.127 [http-nio-5000-exec-7] DEBUG org.hibernate.SQL.logStatement - select r1_0.`user_id`,r1_1.`id`,r1_1.`name` from `user_role` r1_0 join `rol` r1_1 on r1_1.`id`=r1_0.`role_id` where r1_0.`user_id`=?
2024-05-07 21:24:58.211 [http-nio-5000-exec-7] DEBUG org.hibernate.SQL.logStatement - select u1_0.`id`,u1_0.`city`,u1_0.`creation_date`,u1_0.`email`,u1_0.`image`,u1_0.`name`,u1_0.`password`,u1_0.`postal_code`,u1_0.`surname`,u1_0.`username` from `user` u1_0 where u1_0.`email`=?
2024-05-07 21:24:58.224 [http-nio-5000-exec-8] DEBUG org.hibernate.SQL.logStatement - select u1_0.`id`,u1_0.`city`,u1_0.`creation_date`,u1_0.`email`,u1_0.`image`,u1_0.`name`,u1_0.`password`,u1_0.`postal_code`,u1_0.`surname`,u1_0.`username` from `user` u1_0 where u1_0.`username`=?
2024-05-07 21:24:58.226 [http-nio-5000-exec-8] DEBUG org.hibernate.SQL.logStatement - select r1_0.`user_id`,r1_1.`id`,r1_1.`name` from `user_role` r1_0 join `rol` r1_1 on r1_1.`id`=r1_0.`role_id` where r1_0.`user_id`=?
2024-05-07 21:24:58.230 [http-nio-5000-exec-8] DEBUG org.hibernate.SQL.logStatement - select u1_0.`id`,u1_0.`city`,u1_0.`creation_date`,u1_0.`email`,u1_0.`image`,u1_0.`name`,u1_0.`password`,u1_0.`postal_code`,u1_0.`surname`,u1_0.`username` from `user` u1_0 where u1_0.`email`=?
2024-05-07 21:24:58.231 [http-nio-5000-exec-8] DEBUG org.hibernate.SQL.logStatement - select r1_0.`user_id`,r1_1.`id`,r1_1.`name` from `user_role` r1_0 join `rol` r1_1 on r1_1.`id`=r1_0.`role_id` where r1_0.`user_id`=?
2024-05-07 21:24:58.934 [http-nio-5000-exec-9] DEBUG org.hibernate.SQL.logStatement - select u1_0.`id`,u1_0.`city`,u1_0.`creation_date`,u1_0.`email`,u1_0.`image`,u1_0.`name`,u1_0.`password`,u1_0.`postal_code`,u1_0.`surname`,u1_0.`username` from `user` u1_0 where u1_0.`username`=?
2024-05-07 21:24:58.936 [http-nio-5000-exec-9] DEBUG org.hibernate.SQL.logStatement - select r1_0.`user_id`,r1_1.`id`,r1_1.`name` from `user_role` r1_0 join `rol` r1_1 on r1_1.`id`=r1_0.`role_id` where r1_0.`user_id`=?
2024-05-07 21:24:58.949 [http-nio-5000-exec-9] DEBUG org.hibernate.SQL.logStatement - select r1_0.`id`,r1_0.`comunidad_autonoma`,r1_0.`tipo_moto`,r1_0.`descripcion`,r1_0.`fecha_creacion`,r1_0.`imageurl`,r1_0.`titulo`,r1_0.`user_id` from `ruta` r1_0
2024-05-07 21:25:22.511 [http-nio-5000-exec-2] DEBUG org.hibernate.SQL.logStatement - select u1_0.`id`,u1_0.`city`,u1_0.`creation_date`,u1_0.`email`,u1_0.`image`,u1_0.`name`,u1_0.`password`,u1_0.`postal_code`,u1_0.`surname`,u1_0.`username` from `user` u1_0 where u1_0.`username`=?
2024-05-07 21:25:22.513 [http-nio-5000-exec-2] DEBUG org.hibernate.SQL.logStatement - select r1_0.`user_id`,r1_1.`id`,r1_1.`name` from `user_role` r1_0 join `rol` r1_1 on r1_1.`id`=r1_0.`role_id` where r1_0.`user_id`=?
2024-05-07 21:25:22.523 [http-nio-5000-exec-2] DEBUG org.hibernate.SQL.logStatement - select r1_0.`id`,r1_0.`comunidad_autonoma`,r1_0.`tipo_moto`,r1_0.`descripcion`,r1_0.`fecha_creacion`,r1_0.`imageurl`,r1_0.`titulo`,r1_0.`user_id` from `ruta` r1_0
2024-05-07 21:28:15.515 [http-nio-5000-exec-4] DEBUG org.hibernate.SQL.logStatement - select u1_0.`id`,u1_0.`city`,u1_0.`creation_date`,u1_0.`email`,u1_0.`image`,u1_0.`name`,u1_0.`password`,u1_0.`postal_code`,u1_0.`surname`,u1_0.`username` from `user` u1_0 where u1_0.`username`=?
2024-05-07 21:28:15.517 [http-nio-5000-exec-4] DEBUG org.hibernate.SQL.logStatement - select r1_0.`user_id`,r1_1.`id`,r1_1.`name` from `user_role` r1_0 join `rol` r1_1 on r1_1.`id`=r1_0.`role_id` where r1_0.`user_id`=?
2024-05-07 21:28:15.524 [http-nio-5000-exec-4] DEBUG org.hibernate.SQL.logStatement - select r1_0.`id`,r1_0.`comunidad_autonoma`,r1_0.`tipo_moto`,r1_0.`descripcion`,r1_0.`fecha_creacion`,r1_0.`imageurl`,r1_0.`titulo`,r1_0.`user_id` from `ruta` r1_0
2024-05-07 21:28:39.244 [http-nio-5000-exec-5] DEBUG org.hibernate.SQL.logStatement - select u1_0.`id`,u1_0.`city`,u1_0.`creation_date`,u1_0.`email`,u1_0.`image`,u1_0.`name`,u1_0.`password`,u1_0.`postal_code`,u1_0.`surname`,u1_0.`username` from `user` u1_0 where u1_0.`username`=?
2024-05-07 21:28:39.245 [http-nio-5000-exec-5] DEBUG org.hibernate.SQL.logStatement - select r1_0.`user_id`,r1_1.`id`,r1_1.`name` from `user_role` r1_0 join `rol` r1_1 on r1_1.`id`=r1_0.`role_id` where r1_0.`user_id`=?
2024-05-07 21:28:39.318 [http-nio-5000-exec-5] DEBUG org.hibernate.SQL.logStatement - select u1_0.`id`,u1_0.`city`,u1_0.`creation_date`,u1_0.`email`,u1_0.`image`,u1_0.`name`,u1_0.`password`,u1_0.`postal_code`,u1_0.`surname`,u1_0.`username` from `user` u1_0 where u1_0.`email`=?
2024-05-07 21:28:39.336 [http-nio-5000-exec-6] DEBUG org.hibernate.SQL.logStatement - select u1_0.`id`,u1_0.`city`,u1_0.`creation_date`,u1_0.`email`,u1_0.`image`,u1_0.`name`,u1_0.`password`,u1_0.`postal_code`,u1_0.`surname`,u1_0.`username` from `user` u1_0 where u1_0.`username`=?
2024-05-07 21:28:39.338 [http-nio-5000-exec-6] DEBUG org.hibernate.SQL.logStatement - select r1_0.`user_id`,r1_1.`id`,r1_1.`name` from `user_role` r1_0 join `rol` r1_1 on r1_1.`id`=r1_0.`role_id` where r1_0.`user_id`=?
2024-05-07 21:28:39.341 [http-nio-5000-exec-6] DEBUG org.hibernate.SQL.logStatement - select u1_0.`id`,u1_0.`city`,u1_0.`creation_date`,u1_0.`email`,u1_0.`image`,u1_0.`name`,u1_0.`password`,u1_0.`postal_code`,u1_0.`surname`,u1_0.`username` from `user` u1_0 where u1_0.`email`=?
2024-05-07 21:28:39.343 [http-nio-5000-exec-6] DEBUG org.hibernate.SQL.logStatement - select r1_0.`user_id`,r1_1.`id`,r1_1.`name` from `user_role` r1_0 join `rol` r1_1 on r1_1.`id`=r1_0.`role_id` where r1_0.`user_id`=?
2024-05-07 21:28:40.048 [http-nio-5000-exec-7] DEBUG org.hibernate.SQL.logStatement - select u1_0.`id`,u1_0.`city`,u1_0.`creation_date`,u1_0.`email`,u1_0.`image`,u1_0.`name`,u1_0.`password`,u1_0.`postal_code`,u1_0.`surname`,u1_0.`username` from `user` u1_0 where u1_0.`username`=?
2024-05-07 21:28:40.050 [http-nio-5000-exec-7] DEBUG org.hibernate.SQL.logStatement - select r1_0.`user_id`,r1_1.`id`,r1_1.`name` from `user_role` r1_0 join `rol` r1_1 on r1_1.`id`=r1_0.`role_id` where r1_0.`user_id`=?
2024-05-07 21:28:40.055 [http-nio-5000-exec-7] DEBUG org.hibernate.SQL.logStatement - select r1_0.`id`,r1_0.`comunidad_autonoma`,r1_0.`tipo_moto`,r1_0.`descripcion`,r1_0.`fecha_creacion`,r1_0.`imageurl`,r1_0.`titulo`,r1_0.`user_id` from `ruta` r1_0
2024-05-07 21:30:14.386 [http-nio-5000-exec-9] DEBUG org.hibernate.SQL.logStatement - select u1_0.`id`,u1_0.`city`,u1_0.`creation_date`,u1_0.`email`,u1_0.`image`,u1_0.`name`,u1_0.`password`,u1_0.`postal_code`,u1_0.`surname`,u1_0.`username` from `user` u1_0 where u1_0.`username`=?
2024-05-07 21:30:14.386 [http-nio-5000-exec-9] DEBUG org.hibernate.SQL.logStatement - select r1_0.`user_id`,r1_1.`id`,r1_1.`name` from `user_role` r1_0 join `rol` r1_1 on r1_1.`id`=r1_0.`role_id` where r1_0.`user_id`=?
2024-05-07 21:30:14.394 [http-nio-5000-exec-9] DEBUG org.hibernate.SQL.logStatement - select r1_0.`id`,r1_0.`comunidad_autonoma`,r1_0.`tipo_moto`,r1_0.`descripcion`,r1_0.`fecha_creacion`,r1_0.`imageurl`,r1_0.`titulo`,r1_0.`user_id` from `ruta` r1_0
2024-05-07 21:30:32.145 [http-nio-5000-exec-2] DEBUG org.hibernate.SQL.logStatement - select u1_0.`id`,u1_0.`city`,u1_0.`creation_date`,u1_0.`email`,u1_0.`image`,u1_0.`name`,u1_0.`password`,u1_0.`postal_code`,u1_0.`surname`,u1_0.`username` from `user` u1_0 where u1_0.`username`=?
2024-05-07 21:30:32.147 [http-nio-5000-exec-2] DEBUG org.hibernate.SQL.logStatement - select r1_0.`user_id`,r1_1.`id`,r1_1.`name` from `user_role` r1_0 join `rol` r1_1 on r1_1.`id`=r1_0.`role_id` where r1_0.`user_id`=?
2024-05-07 21:30:32.152 [http-nio-5000-exec-2] DEBUG org.hibernate.SQL.logStatement - select r1_0.`id`,r1_0.`comunidad_autonoma`,r1_0.`tipo_moto`,r1_0.`descripcion`,r1_0.`fecha_creacion`,r1_0.`imageurl`,r1_0.`titulo`,r1_0.`user_id` from `ruta` r1_0
2024-05-07 21:30:56.475 [http-nio-5000-exec-4] DEBUG org.hibernate.SQL.logStatement - select u1_0.`id`,u1_0.`city`,u1_0.`creation_date`,u1_0.`email`,u1_0.`image`,u1_0.`name`,u1_0.`password`,u1_0.`postal_code`,u1_0.`surname`,u1_0.`username` from `user` u1_0 where u1_0.`username`=?
2024-05-07 21:30:56.476 [http-nio-5000-exec-4] DEBUG org.hibernate.SQL.logStatement - select r1_0.`user_id`,r1_1.`id`,r1_1.`name` from `user_role` r1_0 join `rol` r1_1 on r1_1.`id`=r1_0.`role_id` where r1_0.`user_id`=?
2024-05-07 21:30:56.549 [http-nio-5000-exec-4] DEBUG org.hibernate.SQL.logStatement - select u1_0.`id`,u1_0.`city`,u1_0.`creation_date`,u1_0.`email`,u1_0.`image`,u1_0.`name`,u1_0.`password`,u1_0.`postal_code`,u1_0.`surname`,u1_0.`username` from `user` u1_0 where u1_0.`email`=?
2024-05-07 21:30:56.585 [http-nio-5000-exec-3] DEBUG org.hibernate.SQL.logStatement - select u1_0.`id`,u1_0.`city`,u1_0.`creation_date`,u1_0.`email`,u1_0.`image`,u1_0.`name`,u1_0.`password`,u1_0.`postal_code`,u1_0.`surname`,u1_0.`username` from `user` u1_0 where u1_0.`username`=?
2024-05-07 21:30:56.586 [http-nio-5000-exec-3] DEBUG org.hibernate.SQL.logStatement - select r1_0.`user_id`,r1_1.`id`,r1_1.`name` from `user_role` r1_0 join `rol` r1_1 on r1_1.`id`=r1_0.`role_id` where r1_0.`user_id`=?
2024-05-07 21:30:56.592 [http-nio-5000-exec-3] DEBUG org.hibernate.SQL.logStatement - select u1_0.`id`,u1_0.`city`,u1_0.`creation_date`,u1_0.`email`,u1_0.`image`,u1_0.`name`,u1_0.`password`,u1_0.`postal_code`,u1_0.`surname`,u1_0.`username` from `user` u1_0 where u1_0.`email`=?
2024-05-07 21:30:56.594 [http-nio-5000-exec-3] DEBUG org.hibernate.SQL.logStatement - select r1_0.`user_id`,r1_1.`id`,r1_1.`name` from `user_role` r1_0 join `rol` r1_1 on r1_1.`id`=r1_0.`role_id` where r1_0.`user_id`=?
2024-05-07 21:30:57.310 [http-nio-5000-exec-5] DEBUG org.hibernate.SQL.logStatement - select u1_0.`id`,u1_0.`city`,u1_0.`creation_date`,u1_0.`email`,u1_0.`image`,u1_0.`name`,u1_0.`password`,u1_0.`postal_code`,u1_0.`surname`,u1_0.`username` from `user` u1_0 where u1_0.`username`=?
2024-05-07 21:30:57.313 [http-nio-5000-exec-5] DEBUG org.hibernate.SQL.logStatement - select r1_0.`user_id`,r1_1.`id`,r1_1.`name` from `user_role` r1_0 join `rol` r1_1 on r1_1.`id`=r1_0.`role_id` where r1_0.`user_id`=?
2024-05-07 21:30:57.319 [http-nio-5000-exec-5] DEBUG org.hibernate.SQL.logStatement - select r1_0.`id`,r1_0.`comunidad_autonoma`,r1_0.`tipo_moto`,r1_0.`descripcion`,r1_0.`fecha_creacion`,r1_0.`imageurl`,r1_0.`titulo`,r1_0.`user_id` from `ruta` r1_0
2024-05-07 21:30:58.241 [http-nio-5000-exec-6] DEBUG org.hibernate.SQL.logStatement - select u1_0.`id`,u1_0.`city`,u1_0.`creation_date`,u1_0.`email`,u1_0.`image`,u1_0.`name`,u1_0.`password`,u1_0.`postal_code`,u1_0.`surname`,u1_0.`username` from `user` u1_0 where u1_0.`username`=?
2024-05-07 21:30:58.243 [http-nio-5000-exec-6] DEBUG org.hibernate.SQL.logStatement - select r1_0.`user_id`,r1_1.`id`,r1_1.`name` from `user_role` r1_0 join `rol` r1_1 on r1_1.`id`=r1_0.`role_id` where r1_0.`user_id`=?
2024-05-07 21:30:58.248 [http-nio-5000-exec-6] DEBUG org.hibernate.SQL.logStatement - select r1_0.`id`,r1_0.`comunidad_autonoma`,r1_0.`tipo_moto`,r1_0.`descripcion`,r1_0.`fecha_creacion`,r1_0.`imageurl`,r1_0.`titulo`,r1_0.`user_id` from `ruta` r1_0
2024-05-07 21:31:17.462 [http-nio-5000-exec-8] DEBUG org.hibernate.SQL.logStatement - select u1_0.`id`,u1_0.`city`,u1_0.`creation_date`,u1_0.`email`,u1_0.`image`,u1_0.`name`,u1_0.`password`,u1_0.`postal_code`,u1_0.`surname`,u1_0.`username` from `user` u1_0 where u1_0.`username`=?
2024-05-07 21:31:17.463 [http-nio-5000-exec-8] DEBUG org.hibernate.SQL.logStatement - select r1_0.`user_id`,r1_1.`id`,r1_1.`name` from `user_role` r1_0 join `rol` r1_1 on r1_1.`id`=r1_0.`role_id` where r1_0.`user_id`=?
2024-05-07 21:31:17.467 [http-nio-5000-exec-8] DEBUG org.hibernate.SQL.logStatement - select r1_0.`id`,r1_0.`comunidad_autonoma`,r1_0.`tipo_moto`,r1_0.`descripcion`,r1_0.`fecha_creacion`,r1_0.`imageurl`,r1_0.`titulo`,r1_0.`user_id` from `ruta` r1_0
2024-05-07 21:32:31.037 [http-nio-5000-exec-10] DEBUG org.hibernate.SQL.logStatement - select u1_0.`id`,u1_0.`city`,u1_0.`creation_date`,u1_0.`email`,u1_0.`image`,u1_0.`name`,u1_0.`password`,u1_0.`postal_code`,u1_0.`surname`,u1_0.`username` from `user` u1_0 where u1_0.`username`=?
2024-05-07 21:32:31.038 [http-nio-5000-exec-10] DEBUG org.hibernate.SQL.logStatement - select r1_0.`user_id`,r1_1.`id`,r1_1.`name` from `user_role` r1_0 join `rol` r1_1 on r1_1.`id`=r1_0.`role_id` where r1_0.`user_id`=?
2024-05-07 21:32:31.043 [http-nio-5000-exec-10] DEBUG org.hibernate.SQL.logStatement - select r1_0.`id`,r1_0.`comunidad_autonoma`,r1_0.`tipo_moto`,r1_0.`descripcion`,r1_0.`fecha_creacion`,r1_0.`imageurl`,r1_0.`titulo`,r1_0.`user_id` from `ruta` r1_0
2024-05-07 21:32:57.979 [http-nio-5000-exec-1] DEBUG org.hibernate.SQL.logStatement - select u1_0.`id`,u1_0.`city`,u1_0.`creation_date`,u1_0.`email`,u1_0.`image`,u1_0.`name`,u1_0.`password`,u1_0.`postal_code`,u1_0.`surname`,u1_0.`username` from `user` u1_0 where u1_0.`username`=?
2024-05-07 21:32:57.981 [http-nio-5000-exec-1] DEBUG org.hibernate.SQL.logStatement - select r1_0.`user_id`,r1_1.`id`,r1_1.`name` from `user_role` r1_0 join `rol` r1_1 on r1_1.`id`=r1_0.`role_id` where r1_0.`user_id`=?
2024-05-07 21:32:58.059 [http-nio-5000-exec-1] DEBUG org.hibernate.SQL.logStatement - select u1_0.`id`,u1_0.`city`,u1_0.`creation_date`,u1_0.`email`,u1_0.`image`,u1_0.`name`,u1_0.`password`,u1_0.`postal_code`,u1_0.`surname`,u1_0.`username` from `user` u1_0 where u1_0.`email`=?
2024-05-07 21:32:58.078 [http-nio-5000-exec-4] DEBUG org.hibernate.SQL.logStatement - select u1_0.`id`,u1_0.`city`,u1_0.`creation_date`,u1_0.`email`,u1_0.`image`,u1_0.`name`,u1_0.`password`,u1_0.`postal_code`,u1_0.`surname`,u1_0.`username` from `user` u1_0 where u1_0.`username`=?
2024-05-07 21:32:58.080 [http-nio-5000-exec-4] DEBUG org.hibernate.SQL.logStatement - select r1_0.`user_id`,r1_1.`id`,r1_1.`name` from `user_role` r1_0 join `rol` r1_1 on r1_1.`id`=r1_0.`role_id` where r1_0.`user_id`=?
2024-05-07 21:32:58.088 [http-nio-5000-exec-4] DEBUG org.hibernate.SQL.logStatement - select u1_0.`id`,u1_0.`city`,u1_0.`creation_date`,u1_0.`email`,u1_0.`image`,u1_0.`name`,u1_0.`password`,u1_0.`postal_code`,u1_0.`surname`,u1_0.`username` from `user` u1_0 where u1_0.`email`=?
2024-05-07 21:32:58.089 [http-nio-5000-exec-4] DEBUG org.hibernate.SQL.logStatement - select r1_0.`user_id`,r1_1.`id`,r1_1.`name` from `user_role` r1_0 join `rol` r1_1 on r1_1.`id`=r1_0.`role_id` where r1_0.`user_id`=?
2024-05-07 21:32:58.811 [http-nio-5000-exec-3] DEBUG org.hibernate.SQL.logStatement - select u1_0.`id`,u1_0.`city`,u1_0.`creation_date`,u1_0.`email`,u1_0.`image`,u1_0.`name`,u1_0.`password`,u1_0.`postal_code`,u1_0.`surname`,u1_0.`username` from `user` u1_0 where u1_0.`username`=?
2024-05-07 21:32:58.812 [http-nio-5000-exec-3] DEBUG org.hibernate.SQL.logStatement - select r1_0.`user_id`,r1_1.`id`,r1_1.`name` from `user_role` r1_0 join `rol` r1_1 on r1_1.`id`=r1_0.`role_id` where r1_0.`user_id`=?
2024-05-07 21:32:58.818 [http-nio-5000-exec-3] DEBUG org.hibernate.SQL.logStatement - select r1_0.`id`,r1_0.`comunidad_autonoma`,r1_0.`tipo_moto`,r1_0.`descripcion`,r1_0.`fecha_creacion`,r1_0.`imageurl`,r1_0.`titulo`,r1_0.`user_id` from `ruta` r1_0
2024-05-07 21:35:48.544 [http-nio-5000-exec-6] DEBUG org.hibernate.SQL.logStatement - select u1_0.`id`,u1_0.`city`,u1_0.`creation_date`,u1_0.`email`,u1_0.`image`,u1_0.`name`,u1_0.`password`,u1_0.`postal_code`,u1_0.`surname`,u1_0.`username` from `user` u1_0 where u1_0.`username`=?
2024-05-07 21:35:48.544 [http-nio-5000-exec-6] DEBUG org.hibernate.SQL.logStatement - select r1_0.`user_id`,r1_1.`id`,r1_1.`name` from `user_role` r1_0 join `rol` r1_1 on r1_1.`id`=r1_0.`role_id` where r1_0.`user_id`=?
2024-05-07 21:35:48.551 [http-nio-5000-exec-6] DEBUG org.hibernate.SQL.logStatement - select r1_0.`id`,r1_0.`comunidad_autonoma`,r1_0.`tipo_moto`,r1_0.`descripcion`,r1_0.`fecha_creacion`,r1_0.`imageurl`,r1_0.`titulo`,r1_0.`user_id` from `ruta` r1_0
2024-05-07 21:36:04.800 [http-nio-5000-exec-8] DEBUG org.hibernate.SQL.logStatement - select u1_0.`id`,u1_0.`city`,u1_0.`creation_date`,u1_0.`email`,u1_0.`image`,u1_0.`name`,u1_0.`password`,u1_0.`postal_code`,u1_0.`surname`,u1_0.`username` from `user` u1_0 where u1_0.`username`=?
2024-05-07 21:36:04.802 [http-nio-5000-exec-8] DEBUG org.hibernate.SQL.logStatement - select r1_0.`user_id`,r1_1.`id`,r1_1.`name` from `user_role` r1_0 join `rol` r1_1 on r1_1.`id`=r1_0.`role_id` where r1_0.`user_id`=?
2024-05-07 21:36:04.872 [http-nio-5000-exec-8] DEBUG org.hibernate.SQL.logStatement - select r1_0.`id`,r1_0.`comunidad_autonoma`,r1_0.`tipo_moto`,r1_0.`descripcion`,r1_0.`fecha_creacion`,r1_0.`imageurl`,r1_0.`titulo`,r1_0.`user_id` from `ruta` r1_0
2024-05-07 21:36:19.680 [http-nio-5000-exec-10] DEBUG org.hibernate.SQL.logStatement - select u1_0.`id`,u1_0.`city`,u1_0.`creation_date`,u1_0.`email`,u1_0.`image`,u1_0.`name`,u1_0.`password`,u1_0.`postal_code`,u1_0.`surname`,u1_0.`username` from `user` u1_0 where u1_0.`username`=?
2024-05-07 21:36:19.682 [http-nio-5000-exec-10] DEBUG org.hibernate.SQL.logStatement - select r1_0.`user_id`,r1_1.`id`,r1_1.`name` from `user_role` r1_0 join `rol` r1_1 on r1_1.`id`=r1_0.`role_id` where r1_0.`user_id`=?
2024-05-07 21:36:19.705 [http-nio-5000-exec-10] DEBUG org.hibernate.SQL.logStatement - select r1_0.`id`,r1_0.`comunidad_autonoma`,r1_0.`tipo_moto`,r1_0.`descripcion`,r1_0.`fecha_creacion`,r1_0.`imageurl`,r1_0.`titulo`,r1_0.`user_id` from `ruta` r1_0
2024-05-07 21:40:13.584 [SpringApplicationShutdownHook] INFO  o.s.o.j.LocalContainerEntityManagerFactoryBean.destroy - Closing JPA EntityManagerFactory for persistence unit 'default'
2024-05-07 21:40:13.592 [SpringApplicationShutdownHook] INFO  com.zaxxer.hikari.HikariDataSource.close - HikariPool-1 - Shutdown initiated...
2024-05-07 21:40:13.598 [SpringApplicationShutdownHook] INFO  com.zaxxer.hikari.HikariDataSource.close - HikariPool-1 - Shutdown completed.
