2024-04-30 21:06:57.793 [restartedMain] INFO  c.e.R.RutasMoterasApplication.logStarting - Starting RutasMoterasApplication using Java 21.0.1 with PID 22332 (C:\Users\ivanc\Downloads\RutasMoterasHibernate\RutasMoteras\target\classes started by ivanc in C:\Users\ivanc\Downloads\RutasMoterasHibernate\RutasMoteras)
2024-04-30 21:06:57.807 [restartedMain] INFO  c.e.R.RutasMoterasApplication.logStartupProfileInfo - No active profile set, falling back to 1 default profile: "default"
2024-04-30 21:06:57.885 [restartedMain] INFO  o.s.b.d.e.DevToolsPropertyDefaultsPostProcessor.logTo - Devtools property defaults active! Set 'spring.devtools.add-properties' to 'false' to disable
2024-04-30 21:06:57.888 [restartedMain] INFO  o.s.b.d.e.DevToolsPropertyDefaultsPostProcessor.logTo - For additional web related logging consider setting the 'logging.level.web' property to 'DEBUG'
2024-04-30 21:06:59.238 [restartedMain] INFO  o.s.d.r.c.RepositoryConfigurationDelegate.registerRepositoriesIn - Bootstrapping Spring Data JPA repositories in DEFAULT mode.
2024-04-30 21:06:59.317 [restartedMain] INFO  o.s.d.r.c.RepositoryConfigurationDelegate.registerRepositoriesIn - Finished Spring Data repository scanning in 66 ms. Found 3 JPA repository interfaces.
2024-04-30 21:06:59.989 [restartedMain] INFO  o.s.b.w.e.tomcat.TomcatWebServer.initialize - Tomcat initialized with port 5000 (http)
2024-04-30 21:07:00.001 [restartedMain] INFO  o.a.catalina.core.StandardService.log - Starting service [Tomcat]
2024-04-30 21:07:00.001 [restartedMain] INFO  o.a.catalina.core.StandardEngine.log - Starting Servlet engine: [Apache Tomcat/10.1.18]
2024-04-30 21:07:00.050 [restartedMain] INFO  o.a.c.c.C.[Tomcat].[localhost].[/].log - Initializing Spring embedded WebApplicationContext
2024-04-30 21:07:00.051 [restartedMain] INFO  o.s.b.w.s.c.ServletWebServerApplicationContext.prepareWebApplicationContext - Root WebApplicationContext: initialization completed in 2158 ms
2024-04-30 21:07:00.159 [restartedMain] WARN  o.s.b.a.o.j.JpaBaseConfiguration$JpaWebConfiguration.openEntityManagerInViewInterceptor - spring.jpa.open-in-view is enabled by default. Therefore, database queries may be performed during view rendering. Explicitly configure spring.jpa.open-in-view to disable this warning
2024-04-30 21:07:00.278 [restartedMain] INFO  o.h.jpa.internal.util.LogHelper.logPersistenceUnitInformation - HHH000204: Processing PersistenceUnitInfo [name: default]
2024-04-30 21:07:00.363 [restartedMain] INFO  org.hibernate.Version.logVersion - HHH000412: Hibernate ORM core version 6.4.1.Final
2024-04-30 21:07:00.393 [restartedMain] INFO  o.h.c.i.RegionFactoryInitiator.initiateService - HHH000026: Second-level cache disabled
2024-04-30 21:07:00.626 [restartedMain] INFO  o.s.o.j.p.SpringPersistenceUnitInfo.addTransformer - No LoadTimeWeaver setup: ignoring JPA class transformer
2024-04-30 21:07:00.652 [restartedMain] INFO  com.zaxxer.hikari.HikariDataSource.getConnection - HikariPool-1 - Starting...
2024-04-30 21:07:00.728 [restartedMain] INFO  com.zaxxer.hikari.pool.HikariPool.checkFailFast - HikariPool-1 - Added connection org.mariadb.jdbc.Connection@374c5e16
2024-04-30 21:07:00.729 [restartedMain] INFO  com.zaxxer.hikari.HikariDataSource.getConnection - HikariPool-1 - Start completed.
2024-04-30 21:07:01.604 [restartedMain] INFO  o.h.e.t.j.p.i.JtaPlatformInitiator.initiateService - HHH000489: No JTA platform available (set 'hibernate.transaction.jta.platform' to enable JTA platform integration)
2024-04-30 21:07:01.668 [restartedMain] INFO  o.s.o.j.LocalContainerEntityManagerFactoryBean.buildNativeEntityManagerFactory - Initialized JPA EntityManagerFactory for persistence unit 'default'
2024-04-30 21:07:02.081 [restartedMain] INFO  o.s.d.j.r.query.QueryEnhancerFactory.<clinit> - Hibernate is in classpath; If applicable, HQL parser will be used.
2024-04-30 21:07:02.768 [restartedMain] INFO  o.s.s.web.DefaultSecurityFilterChain.<init> - Will secure any request with [org.springframework.security.web.session.DisableEncodeUrlFilter@7fa9d2c, org.springframework.security.web.context.request.async.WebAsyncManagerIntegrationFilter@54558ed0, org.springframework.security.web.context.SecurityContextHolderFilter@67df4a6c, org.springframework.security.web.header.HeaderWriterFilter@41069902, org.springframework.security.web.authentication.logout.LogoutFilter@21018931, com.example.RutasMoteras.security.JwtAuthenticationFilter@58a1ce0, org.springframework.security.web.savedrequest.RequestCacheAwareFilter@7ed9569c, org.springframework.security.web.servletapi.SecurityContextHolderAwareRequestFilter@75444987, org.springframework.security.web.authentication.AnonymousAuthenticationFilter@56327647, org.springframework.security.web.session.SessionManagementFilter@7e75d98c, org.springframework.security.web.access.ExceptionTranslationFilter@49db203c, org.springframework.security.web.access.intercept.AuthorizationFilter@4c59c78a]
2024-04-30 21:07:03.003 [restartedMain] INFO  o.s.b.d.a.OptionalLiveReloadServer.startServer - LiveReload server is running on port 35729
2024-04-30 21:07:03.032 [restartedMain] INFO  o.s.b.w.e.tomcat.TomcatWebServer.start - Tomcat started on port 5000 (http) with context path ''
2024-04-30 21:07:03.040 [restartedMain] INFO  c.e.R.RutasMoterasApplication.logStarted - Started RutasMoterasApplication in 6.178 seconds (process running for 11.636)
2024-04-30 21:10:03.372 [File Watcher] INFO  o.s.b.d.a.LocalDevToolsAutoConfiguration$RestartingClassPathChangeChangedEventListener.onApplicationEvent - Restarting due to 1 class path change (0 additions, 1 deletion, 0 modifications)
2024-04-30 21:10:03.386 [Thread-5] INFO  o.s.o.j.LocalContainerEntityManagerFactoryBean.destroy - Closing JPA EntityManagerFactory for persistence unit 'default'
2024-04-30 21:10:03.388 [Thread-5] INFO  com.zaxxer.hikari.HikariDataSource.close - HikariPool-1 - Shutdown initiated...
2024-04-30 21:10:03.394 [Thread-5] INFO  com.zaxxer.hikari.HikariDataSource.close - HikariPool-1 - Shutdown completed.
2024-04-30 21:10:03.510 [restartedMain] INFO  c.e.R.RutasMoterasApplication.logStarting - Starting RutasMoterasApplication using Java 21.0.1 with PID 22332 (C:\Users\ivanc\Downloads\RutasMoterasHibernate\RutasMoteras\target\classes started by ivanc in C:\Users\ivanc\Downloads\RutasMoterasHibernate\RutasMoteras)
2024-04-30 21:10:03.510 [restartedMain] INFO  c.e.R.RutasMoterasApplication.logStartupProfileInfo - No active profile set, falling back to 1 default profile: "default"
2024-04-30 21:10:03.809 [restartedMain] INFO  o.s.d.r.c.RepositoryConfigurationDelegate.registerRepositoriesIn - Bootstrapping Spring Data JPA repositories in DEFAULT mode.
2024-04-30 21:10:03.829 [restartedMain] INFO  o.s.d.r.c.RepositoryConfigurationDelegate.registerRepositoriesIn - Finished Spring Data repository scanning in 19 ms. Found 3 JPA repository interfaces.
2024-04-30 21:10:03.965 [restartedMain] INFO  o.s.b.w.e.tomcat.TomcatWebServer.initialize - Tomcat initialized with port 5000 (http)
2024-04-30 21:10:03.966 [restartedMain] INFO  o.a.catalina.core.StandardService.log - Starting service [Tomcat]
2024-04-30 21:10:03.966 [restartedMain] INFO  o.a.catalina.core.StandardEngine.log - Starting Servlet engine: [Apache Tomcat/10.1.18]
2024-04-30 21:10:03.990 [restartedMain] INFO  o.a.c.c.C.[Tomcat].[localhost].[/].log - Initializing Spring embedded WebApplicationContext
2024-04-30 21:10:03.990 [restartedMain] INFO  o.s.b.w.s.c.ServletWebServerApplicationContext.prepareWebApplicationContext - Root WebApplicationContext: initialization completed in 478 ms
2024-04-30 21:10:04.035 [restartedMain] WARN  o.s.b.a.o.j.JpaBaseConfiguration$JpaWebConfiguration.openEntityManagerInViewInterceptor - spring.jpa.open-in-view is enabled by default. Therefore, database queries may be performed during view rendering. Explicitly configure spring.jpa.open-in-view to disable this warning
2024-04-30 21:10:04.081 [restartedMain] INFO  o.h.jpa.internal.util.LogHelper.logPersistenceUnitInformation - HHH000204: Processing PersistenceUnitInfo [name: default]
2024-04-30 21:10:04.084 [restartedMain] INFO  o.h.c.i.RegionFactoryInitiator.initiateService - HHH000026: Second-level cache disabled
2024-04-30 21:10:04.088 [restartedMain] INFO  o.s.o.j.p.SpringPersistenceUnitInfo.addTransformer - No LoadTimeWeaver setup: ignoring JPA class transformer
2024-04-30 21:10:04.090 [restartedMain] INFO  com.zaxxer.hikari.HikariDataSource.getConnection - HikariPool-2 - Starting...
2024-04-30 21:10:04.095 [restartedMain] INFO  com.zaxxer.hikari.pool.HikariPool.checkFailFast - HikariPool-2 - Added connection org.mariadb.jdbc.Connection@26e38ccd
2024-04-30 21:10:04.096 [restartedMain] INFO  com.zaxxer.hikari.HikariDataSource.getConnection - HikariPool-2 - Start completed.
2024-04-30 21:10:04.173 [restartedMain] INFO  o.h.e.t.j.p.i.JtaPlatformInitiator.initiateService - HHH000489: No JTA platform available (set 'hibernate.transaction.jta.platform' to enable JTA platform integration)
2024-04-30 21:10:04.195 [restartedMain] INFO  o.s.o.j.LocalContainerEntityManagerFactoryBean.buildNativeEntityManagerFactory - Initialized JPA EntityManagerFactory for persistence unit 'default'
2024-04-30 21:10:04.359 [restartedMain] WARN  o.s.b.w.s.c.AnnotationConfigServletWebServerApplicationContext.refresh - Exception encountered during context initialization - cancelling refresh attempt: org.springframework.beans.factory.BeanCreationException: Error creating bean with name 'authenticationController': Lookup method resolution failed
2024-04-30 21:10:04.359 [restartedMain] INFO  o.s.o.j.LocalContainerEntityManagerFactoryBean.destroy - Closing JPA EntityManagerFactory for persistence unit 'default'
2024-04-30 21:10:04.360 [restartedMain] INFO  com.zaxxer.hikari.HikariDataSource.close - HikariPool-2 - Shutdown initiated...
2024-04-30 21:10:04.365 [restartedMain] INFO  com.zaxxer.hikari.HikariDataSource.close - HikariPool-2 - Shutdown completed.
2024-04-30 21:10:04.365 [restartedMain] INFO  o.a.catalina.core.StandardService.log - Stopping service [Tomcat]
2024-04-30 21:10:04.371 [restartedMain] INFO  o.s.b.a.l.ConditionEvaluationReportLogger.logMessage - 

Error starting ApplicationContext. To display the condition evaluation report re-run your application with 'debug' enabled.
2024-04-30 21:10:04.386 [restartedMain] ERROR o.s.boot.SpringApplication.reportFailure - Application run failed
org.springframework.beans.factory.BeanCreationException: Error creating bean with name 'authenticationController': Lookup method resolution failed
	at org.springframework.beans.factory.annotation.AutowiredAnnotationBeanPostProcessor.checkLookupMethods(AutowiredAnnotationBeanPostProcessor.java:497)
	at org.springframework.beans.factory.annotation.AutowiredAnnotationBeanPostProcessor.determineCandidateConstructors(AutowiredAnnotationBeanPostProcessor.java:367)
	at org.springframework.beans.factory.support.AbstractAutowireCapableBeanFactory.determineConstructorsFromBeanPostProcessors(AbstractAutowireCapableBeanFactory.java:1293)
	at org.springframework.beans.factory.support.AbstractAutowireCapableBeanFactory.createBeanInstance(AbstractAutowireCapableBeanFactory.java:1188)
	at org.springframework.beans.factory.support.AbstractAutowireCapableBeanFactory.doCreateBean(AbstractAutowireCapableBeanFactory.java:561)
	at org.springframework.beans.factory.support.AbstractAutowireCapableBeanFactory.createBean(AbstractAutowireCapableBeanFactory.java:521)
	at org.springframework.beans.factory.support.AbstractBeanFactory.lambda$doGetBean$0(AbstractBeanFactory.java:325)
	at org.springframework.beans.factory.support.DefaultSingletonBeanRegistry.getSingleton(DefaultSingletonBeanRegistry.java:234)
	at org.springframework.beans.factory.support.AbstractBeanFactory.doGetBean(AbstractBeanFactory.java:323)
	at org.springframework.beans.factory.support.AbstractBeanFactory.getBean(AbstractBeanFactory.java:199)
	at org.springframework.beans.factory.support.DefaultListableBeanFactory.preInstantiateSingletons(DefaultListableBeanFactory.java:975)
	at org.springframework.context.support.AbstractApplicationContext.finishBeanFactoryInitialization(AbstractApplicationContext.java:959)
	at org.springframework.context.support.AbstractApplicationContext.refresh(AbstractApplicationContext.java:624)
	at org.springframework.boot.web.servlet.context.ServletWebServerApplicationContext.refresh(ServletWebServerApplicationContext.java:146)
	at org.springframework.boot.SpringApplication.refresh(SpringApplication.java:754)
	at org.springframework.boot.SpringApplication.refreshContext(SpringApplication.java:456)
	at org.springframework.boot.SpringApplication.run(SpringApplication.java:334)
	at org.springframework.boot.SpringApplication.run(SpringApplication.java:1354)
	at org.springframework.boot.SpringApplication.run(SpringApplication.java:1343)
	at com.example.RutasMoteras.RutasMoterasApplication.main(RutasMoterasApplication.java:16)
	at java.base/jdk.internal.reflect.DirectMethodHandleAccessor.invoke(DirectMethodHandleAccessor.java:103)
	at java.base/java.lang.reflect.Method.invoke(Method.java:580)
	at org.springframework.boot.devtools.restart.RestartLauncher.run(RestartLauncher.java:50)
Caused by: java.lang.IllegalStateException: Failed to introspect Class [com.example.RutasMoteras.controllers.AuthenticationController] from ClassLoader [org.springframework.boot.devtools.restart.classloader.RestartClassLoader@14b695aa]
	at org.springframework.util.ReflectionUtils.getDeclaredMethods(ReflectionUtils.java:483)
	at org.springframework.util.ReflectionUtils.doWithLocalMethods(ReflectionUtils.java:320)
	at org.springframework.beans.factory.annotation.AutowiredAnnotationBeanPostProcessor.checkLookupMethods(AutowiredAnnotationBeanPostProcessor.java:475)
	... 22 common frames omitted
Caused by: java.lang.NoClassDefFoundError: com/example/RutasMoteras/dto/User/Athentication/RegisterUserDTO
	at java.base/java.lang.Class.getDeclaredMethods0(Native Method)
	at java.base/java.lang.Class.privateGetDeclaredMethods(Class.java:3578)
	at java.base/java.lang.Class.getDeclaredMethods(Class.java:2676)
	at org.springframework.util.ReflectionUtils.getDeclaredMethods(ReflectionUtils.java:465)
	... 24 common frames omitted
Caused by: java.lang.ClassNotFoundException: com.example.RutasMoteras.dto.User.Athentication.RegisterUserDTO
	at java.base/jdk.internal.loader.BuiltinClassLoader.loadClass(BuiltinClassLoader.java:641)
	at java.base/jdk.internal.loader.ClassLoaders$AppClassLoader.loadClass(ClassLoaders.java:188)
	at java.base/java.lang.ClassLoader.loadClass(ClassLoader.java:526)
	at java.base/java.lang.Class.forName0(Native Method)
	at java.base/java.lang.Class.forName(Class.java:534)
	at java.base/java.lang.Class.forName(Class.java:513)
	at org.springframework.boot.devtools.restart.classloader.RestartClassLoader.loadClass(RestartClassLoader.java:121)
	at java.base/java.lang.ClassLoader.loadClass(ClassLoader.java:526)
	... 28 common frames omitted
2024-04-30 21:10:05.875 [restartedMain] INFO  c.e.R.RutasMoterasApplication.logStarting - Starting RutasMoterasApplication using Java 21.0.1 with PID 22332 (C:\Users\ivanc\Downloads\RutasMoterasHibernate\RutasMoteras\target\classes started by ivanc in C:\Users\ivanc\Downloads\RutasMoterasHibernate\RutasMoteras)
2024-04-30 21:10:05.876 [restartedMain] INFO  c.e.R.RutasMoterasApplication.logStartupProfileInfo - No active profile set, falling back to 1 default profile: "default"
2024-04-30 21:10:06.155 [restartedMain] INFO  o.s.d.r.c.RepositoryConfigurationDelegate.registerRepositoriesIn - Bootstrapping Spring Data JPA repositories in DEFAULT mode.
2024-04-30 21:10:06.184 [restartedMain] INFO  o.s.d.r.c.RepositoryConfigurationDelegate.registerRepositoriesIn - Finished Spring Data repository scanning in 28 ms. Found 3 JPA repository interfaces.
2024-04-30 21:10:06.295 [restartedMain] INFO  o.s.b.w.e.tomcat.TomcatWebServer.initialize - Tomcat initialized with port 5000 (http)
2024-04-30 21:10:06.296 [restartedMain] INFO  o.a.catalina.core.StandardService.log - Starting service [Tomcat]
2024-04-30 21:10:06.296 [restartedMain] INFO  o.a.catalina.core.StandardEngine.log - Starting Servlet engine: [Apache Tomcat/10.1.18]
2024-04-30 21:10:06.312 [restartedMain] INFO  o.a.c.c.C.[Tomcat-1].[localhost].[/].log - Initializing Spring embedded WebApplicationContext
2024-04-30 21:10:06.313 [restartedMain] INFO  o.s.b.w.s.c.ServletWebServerApplicationContext.prepareWebApplicationContext - Root WebApplicationContext: initialization completed in 434 ms
2024-04-30 21:10:06.351 [restartedMain] WARN  o.s.b.a.o.j.JpaBaseConfiguration$JpaWebConfiguration.openEntityManagerInViewInterceptor - spring.jpa.open-in-view is enabled by default. Therefore, database queries may be performed during view rendering. Explicitly configure spring.jpa.open-in-view to disable this warning
2024-04-30 21:10:06.383 [restartedMain] INFO  o.h.jpa.internal.util.LogHelper.logPersistenceUnitInformation - HHH000204: Processing PersistenceUnitInfo [name: default]
2024-04-30 21:10:06.393 [restartedMain] INFO  o.h.c.i.RegionFactoryInitiator.initiateService - HHH000026: Second-level cache disabled
2024-04-30 21:10:06.398 [restartedMain] INFO  o.s.o.j.p.SpringPersistenceUnitInfo.addTransformer - No LoadTimeWeaver setup: ignoring JPA class transformer
2024-04-30 21:10:06.399 [restartedMain] INFO  com.zaxxer.hikari.HikariDataSource.getConnection - HikariPool-3 - Starting...
2024-04-30 21:10:06.404 [restartedMain] INFO  com.zaxxer.hikari.pool.HikariPool.checkFailFast - HikariPool-3 - Added connection org.mariadb.jdbc.Connection@cf733a2
2024-04-30 21:10:06.405 [restartedMain] INFO  com.zaxxer.hikari.HikariDataSource.getConnection - HikariPool-3 - Start completed.
2024-04-30 21:10:06.481 [restartedMain] INFO  o.h.e.t.j.p.i.JtaPlatformInitiator.initiateService - HHH000489: No JTA platform available (set 'hibernate.transaction.jta.platform' to enable JTA platform integration)
2024-04-30 21:10:06.505 [restartedMain] INFO  o.s.o.j.LocalContainerEntityManagerFactoryBean.buildNativeEntityManagerFactory - Initialized JPA EntityManagerFactory for persistence unit 'default'
2024-04-30 21:10:06.776 [restartedMain] INFO  o.s.s.web.DefaultSecurityFilterChain.<init> - Will secure any request with [org.springframework.security.web.session.DisableEncodeUrlFilter@2687a20f, org.springframework.security.web.context.request.async.WebAsyncManagerIntegrationFilter@44068a58, org.springframework.security.web.context.SecurityContextHolderFilter@2673fe34, org.springframework.security.web.header.HeaderWriterFilter@18e52a72, org.springframework.security.web.authentication.logout.LogoutFilter@2a191f58, com.example.RutasMoteras.security.JwtAuthenticationFilter@639bccbe, org.springframework.security.web.savedrequest.RequestCacheAwareFilter@5b869721, org.springframework.security.web.servletapi.SecurityContextHolderAwareRequestFilter@6a818099, org.springframework.security.web.authentication.AnonymousAuthenticationFilter@4c928cff, org.springframework.security.web.session.SessionManagementFilter@2faace09, org.springframework.security.web.access.ExceptionTranslationFilter@71a1852e, org.springframework.security.web.access.intercept.AuthorizationFilter@232a6fcd]
2024-04-30 21:10:06.864 [restartedMain] INFO  o.s.b.d.a.OptionalLiveReloadServer.startServer - LiveReload server is running on port 35729
2024-04-30 21:10:06.871 [restartedMain] INFO  o.s.b.w.e.tomcat.TomcatWebServer.start - Tomcat started on port 5000 (http) with context path ''
2024-04-30 21:10:06.874 [restartedMain] INFO  c.e.R.RutasMoterasApplication.logStarted - Started RutasMoterasApplication in 1.039 seconds (process running for 195.471)
2024-04-30 21:10:06.875 [restartedMain] INFO  o.s.b.d.a.ConditionEvaluationDeltaLoggingListener.onApplicationEvent - Condition evaluation unchanged
2024-04-30 21:10:07.868 [http-nio-5000-exec-1] INFO  o.a.c.c.C.[Tomcat-1].[localhost].[/].log - Initializing Spring DispatcherServlet 'dispatcherServlet'
2024-04-30 21:10:07.868 [http-nio-5000-exec-1] INFO  o.s.web.servlet.DispatcherServlet.initServletBean - Initializing Servlet 'dispatcherServlet'
2024-04-30 21:10:07.870 [http-nio-5000-exec-1] INFO  o.s.web.servlet.DispatcherServlet.initServletBean - Completed initialization in 1 ms
2024-04-30 21:10:08.835 [http-nio-5000-exec-10] INFO  o.s.api.AbstractOpenApiResource.getOpenApi - Init duration for springdoc-openapi is: 429 ms
2024-04-30 21:11:58.718 [http-nio-5000-exec-5] DEBUG org.hibernate.SQL.logStatement - select u1_0.`id`,u1_0.`city`,u1_0.`creation_date`,u1_0.`email`,u1_0.`image`,u1_0.`name`,u1_0.`password`,u1_0.`postal_code`,u1_0.`surname`,u1_0.`username` from `user` u1_0 where u1_0.`username`=?
2024-04-30 21:11:58.734 [http-nio-5000-exec-5] DEBUG org.hibernate.SQL.logStatement - select r1_0.`user_id`,r1_1.`id`,r1_1.`name` from `user_role` r1_0 join `rol` r1_1 on r1_1.`id`=r1_0.`role_id` where r1_0.`user_id`=?
2024-04-30 21:11:58.753 [http-nio-5000-exec-5] DEBUG org.hibernate.SQL.logStatement - select r1_0.`id`,r1_0.`comunidad_autonoma`,r1_0.`tipo_moto`,r1_0.`descripcion`,r1_0.`fecha_creacion`,r1_0.`imageurl`,r1_0.`titulo`,r1_0.`user_id` from `ruta` r1_0
2024-04-30 21:12:05.021 [http-nio-5000-exec-2] DEBUG org.hibernate.SQL.logStatement - select u1_0.`id`,u1_0.`city`,u1_0.`creation_date`,u1_0.`email`,u1_0.`image`,u1_0.`name`,u1_0.`password`,u1_0.`postal_code`,u1_0.`surname`,u1_0.`username` from `user` u1_0 where u1_0.`username`=?
2024-04-30 21:12:05.023 [http-nio-5000-exec-2] DEBUG org.hibernate.SQL.logStatement - select r1_0.`user_id`,r1_1.`id`,r1_1.`name` from `user_role` r1_0 join `rol` r1_1 on r1_1.`id`=r1_0.`role_id` where r1_0.`user_id`=?
2024-04-30 21:12:05.029 [http-nio-5000-exec-2] DEBUG org.hibernate.SQL.logStatement - select r1_0.`id`,r1_0.`comunidad_autonoma`,r1_0.`tipo_moto`,r1_0.`descripcion`,r1_0.`fecha_creacion`,r1_0.`imageurl`,r1_0.`titulo`,r1_0.`user_id` from `ruta` r1_0 where r1_0.`user_id`=?
2024-04-30 21:12:35.559 [http-nio-5000-exec-9] DEBUG org.hibernate.SQL.logStatement - select r1_0.`id`,r1_0.`name` from `rol` r1_0 where r1_0.`id` in (?)
2024-04-30 21:12:35.638 [http-nio-5000-exec-9] DEBUG org.hibernate.SQL.logStatement - insert into `user` (`city`,`creation_date`,`email`,`image`,`name`,`password`,`postal_code`,`surname`,`username`) values (?,?,?,?,?,?,?,?,?)
2024-04-30 21:12:35.648 [http-nio-5000-exec-9] DEBUG org.hibernate.SQL.logStatement - insert into `user_role` (`user_id`,`role_id`) values (?,?)
2024-04-30 21:12:41.676 [http-nio-5000-exec-3] DEBUG org.hibernate.SQL.logStatement - select u1_0.`id`,u1_0.`city`,u1_0.`creation_date`,u1_0.`email`,u1_0.`image`,u1_0.`name`,u1_0.`password`,u1_0.`postal_code`,u1_0.`surname`,u1_0.`username` from `user` u1_0 where u1_0.`username`=?
2024-04-30 21:12:41.678 [http-nio-5000-exec-3] DEBUG org.hibernate.SQL.logStatement - select r1_0.`user_id`,r1_1.`id`,r1_1.`name` from `user_role` r1_0 join `rol` r1_1 on r1_1.`id`=r1_0.`role_id` where r1_0.`user_id`=?
2024-04-30 21:12:41.740 [http-nio-5000-exec-3] DEBUG org.hibernate.SQL.logStatement - select u1_0.`id`,u1_0.`city`,u1_0.`creation_date`,u1_0.`email`,u1_0.`image`,u1_0.`name`,u1_0.`password`,u1_0.`postal_code`,u1_0.`surname`,u1_0.`username` from `user` u1_0 where u1_0.`email`=?
2024-04-30 21:12:41.765 [http-nio-5000-exec-10] DEBUG org.hibernate.SQL.logStatement - select u1_0.`id`,u1_0.`city`,u1_0.`creation_date`,u1_0.`email`,u1_0.`image`,u1_0.`name`,u1_0.`password`,u1_0.`postal_code`,u1_0.`surname`,u1_0.`username` from `user` u1_0 where u1_0.`username`=?
2024-04-30 21:12:41.766 [http-nio-5000-exec-10] DEBUG org.hibernate.SQL.logStatement - select r1_0.`user_id`,r1_1.`id`,r1_1.`name` from `user_role` r1_0 join `rol` r1_1 on r1_1.`id`=r1_0.`role_id` where r1_0.`user_id`=?
2024-04-30 21:12:41.770 [http-nio-5000-exec-10] DEBUG org.hibernate.SQL.logStatement - select u1_0.`id`,u1_0.`city`,u1_0.`creation_date`,u1_0.`email`,u1_0.`image`,u1_0.`name`,u1_0.`password`,u1_0.`postal_code`,u1_0.`surname`,u1_0.`username` from `user` u1_0 where u1_0.`email`=?
2024-04-30 21:12:41.770 [http-nio-5000-exec-10] DEBUG org.hibernate.SQL.logStatement - select r1_0.`user_id`,r1_1.`id`,r1_1.`name` from `user_role` r1_0 join `rol` r1_1 on r1_1.`id`=r1_0.`role_id` where r1_0.`user_id`=?
2024-04-30 21:12:42.396 [http-nio-5000-exec-7] DEBUG org.hibernate.SQL.logStatement - select u1_0.`id`,u1_0.`city`,u1_0.`creation_date`,u1_0.`email`,u1_0.`image`,u1_0.`name`,u1_0.`password`,u1_0.`postal_code`,u1_0.`surname`,u1_0.`username` from `user` u1_0 where u1_0.`username`=?
2024-04-30 21:12:42.400 [http-nio-5000-exec-7] DEBUG org.hibernate.SQL.logStatement - select r1_0.`user_id`,r1_1.`id`,r1_1.`name` from `user_role` r1_0 join `rol` r1_1 on r1_1.`id`=r1_0.`role_id` where r1_0.`user_id`=?
2024-04-30 21:12:42.412 [http-nio-5000-exec-7] DEBUG org.hibernate.SQL.logStatement - select r1_0.`id`,r1_0.`comunidad_autonoma`,r1_0.`tipo_moto`,r1_0.`descripcion`,r1_0.`fecha_creacion`,r1_0.`imageurl`,r1_0.`titulo`,r1_0.`user_id` from `ruta` r1_0
2024-04-30 21:12:43.819 [http-nio-5000-exec-1] DEBUG org.hibernate.SQL.logStatement - select u1_0.`id`,u1_0.`city`,u1_0.`creation_date`,u1_0.`email`,u1_0.`image`,u1_0.`name`,u1_0.`password`,u1_0.`postal_code`,u1_0.`surname`,u1_0.`username` from `user` u1_0 where u1_0.`username`=?
2024-04-30 21:12:43.820 [http-nio-5000-exec-1] DEBUG org.hibernate.SQL.logStatement - select r1_0.`user_id`,r1_1.`id`,r1_1.`name` from `user_role` r1_0 join `rol` r1_1 on r1_1.`id`=r1_0.`role_id` where r1_0.`user_id`=?
2024-04-30 21:12:43.824 [http-nio-5000-exec-1] DEBUG org.hibernate.SQL.logStatement - select r1_0.`id`,r1_0.`comunidad_autonoma`,r1_0.`tipo_moto`,r1_0.`descripcion`,r1_0.`fecha_creacion`,r1_0.`imageurl`,r1_0.`titulo`,r1_0.`user_id` from `ruta` r1_0 where r1_0.`user_id`=?
2024-04-30 21:13:02.761 [http-nio-5000-exec-4] DEBUG org.hibernate.SQL.logStatement - select u1_0.`id`,u1_0.`city`,u1_0.`creation_date`,u1_0.`email`,u1_0.`image`,u1_0.`name`,u1_0.`password`,u1_0.`postal_code`,u1_0.`surname`,u1_0.`username` from `user` u1_0 where u1_0.`username`=?
2024-04-30 21:13:02.762 [http-nio-5000-exec-4] DEBUG org.hibernate.SQL.logStatement - select r1_0.`user_id`,r1_1.`id`,r1_1.`name` from `user_role` r1_0 join `rol` r1_1 on r1_1.`id`=r1_0.`role_id` where r1_0.`user_id`=?
2024-04-30 21:13:02.832 [http-nio-5000-exec-4] DEBUG org.hibernate.SQL.logStatement - select u1_0.`id`,u1_0.`city`,u1_0.`creation_date`,u1_0.`email`,u1_0.`image`,u1_0.`name`,u1_0.`password`,u1_0.`postal_code`,u1_0.`surname`,u1_0.`username` from `user` u1_0 where u1_0.`email`=?
2024-04-30 21:13:02.849 [http-nio-5000-exec-8] DEBUG org.hibernate.SQL.logStatement - select u1_0.`id`,u1_0.`city`,u1_0.`creation_date`,u1_0.`email`,u1_0.`image`,u1_0.`name`,u1_0.`password`,u1_0.`postal_code`,u1_0.`surname`,u1_0.`username` from `user` u1_0 where u1_0.`username`=?
2024-04-30 21:13:02.851 [http-nio-5000-exec-8] DEBUG org.hibernate.SQL.logStatement - select r1_0.`user_id`,r1_1.`id`,r1_1.`name` from `user_role` r1_0 join `rol` r1_1 on r1_1.`id`=r1_0.`role_id` where r1_0.`user_id`=?
2024-04-30 21:13:02.856 [http-nio-5000-exec-8] DEBUG org.hibernate.SQL.logStatement - select u1_0.`id`,u1_0.`city`,u1_0.`creation_date`,u1_0.`email`,u1_0.`image`,u1_0.`name`,u1_0.`password`,u1_0.`postal_code`,u1_0.`surname`,u1_0.`username` from `user` u1_0 where u1_0.`email`=?
2024-04-30 21:13:02.860 [http-nio-5000-exec-8] DEBUG org.hibernate.SQL.logStatement - select r1_0.`user_id`,r1_1.`id`,r1_1.`name` from `user_role` r1_0 join `rol` r1_1 on r1_1.`id`=r1_0.`role_id` where r1_0.`user_id`=?
2024-04-30 21:13:03.485 [http-nio-5000-exec-6] DEBUG org.hibernate.SQL.logStatement - select u1_0.`id`,u1_0.`city`,u1_0.`creation_date`,u1_0.`email`,u1_0.`image`,u1_0.`name`,u1_0.`password`,u1_0.`postal_code`,u1_0.`surname`,u1_0.`username` from `user` u1_0 where u1_0.`username`=?
2024-04-30 21:13:03.486 [http-nio-5000-exec-6] DEBUG org.hibernate.SQL.logStatement - select r1_0.`user_id`,r1_1.`id`,r1_1.`name` from `user_role` r1_0 join `rol` r1_1 on r1_1.`id`=r1_0.`role_id` where r1_0.`user_id`=?
2024-04-30 21:13:03.490 [http-nio-5000-exec-6] DEBUG org.hibernate.SQL.logStatement - select r1_0.`id`,r1_0.`comunidad_autonoma`,r1_0.`tipo_moto`,r1_0.`descripcion`,r1_0.`fecha_creacion`,r1_0.`imageurl`,r1_0.`titulo`,r1_0.`user_id` from `ruta` r1_0
2024-04-30 21:13:08.699 [http-nio-5000-exec-5] DEBUG org.hibernate.SQL.logStatement - select u1_0.`id`,u1_0.`city`,u1_0.`creation_date`,u1_0.`email`,u1_0.`image`,u1_0.`name`,u1_0.`password`,u1_0.`postal_code`,u1_0.`surname`,u1_0.`username` from `user` u1_0 where u1_0.`username`=?
2024-04-30 21:13:08.700 [http-nio-5000-exec-5] DEBUG org.hibernate.SQL.logStatement - select r1_0.`user_id`,r1_1.`id`,r1_1.`name` from `user_role` r1_0 join `rol` r1_1 on r1_1.`id`=r1_0.`role_id` where r1_0.`user_id`=?
2024-04-30 21:13:08.704 [http-nio-5000-exec-5] DEBUG org.hibernate.SQL.logStatement - select r1_0.`id`,r1_0.`comunidad_autonoma`,r1_0.`tipo_moto`,r1_0.`descripcion`,r1_0.`fecha_creacion`,r1_0.`imageurl`,r1_0.`titulo`,r1_0.`user_id` from `ruta` r1_0 where r1_0.`user_id`=?
2024-04-30 21:13:20.226 [http-nio-5000-exec-2] DEBUG org.hibernate.SQL.logStatement - select u1_0.`id`,u1_0.`city`,u1_0.`creation_date`,u1_0.`email`,u1_0.`image`,u1_0.`name`,u1_0.`password`,u1_0.`postal_code`,u1_0.`surname`,u1_0.`username` from `user` u1_0 where u1_0.`username`=?
2024-04-30 21:13:20.227 [http-nio-5000-exec-2] DEBUG org.hibernate.SQL.logStatement - select r1_0.`user_id`,r1_1.`id`,r1_1.`name` from `user_role` r1_0 join `rol` r1_1 on r1_1.`id`=r1_0.`role_id` where r1_0.`user_id`=?
2024-04-30 21:13:20.257 [http-nio-5000-exec-2] DEBUG org.hibernate.SQL.logStatement - select u1_0.`id`,u1_0.`city`,u1_0.`creation_date`,u1_0.`email`,u1_0.`image`,u1_0.`name`,u1_0.`password`,u1_0.`postal_code`,u1_0.`surname`,u1_0.`username`,r1_0.`user_id`,r1_1.`id`,r1_1.`name` from `user` u1_0 left join `user_role` r1_0 on u1_0.`id`=r1_0.`user_id` left join `rol` r1_1 on r1_1.`id`=r1_0.`role_id` where u1_0.`id`=?
2024-04-30 21:13:20.262 [http-nio-5000-exec-2] DEBUG org.hibernate.SQL.logStatement - select r1_1.`id`,r1_1.`name` from `user` u1_0 join `user_role` r1_0 on u1_0.`id`=r1_0.`user_id` join `rol` r1_1 on r1_1.`id`=r1_0.`role_id` where u1_0.`id`=?
2024-04-30 21:13:20.268 [http-nio-5000-exec-2] DEBUG org.hibernate.SQL.logStatement - update `user` set `city`=?,`creation_date`=?,`email`=?,`image`=?,`name`=?,`password`=?,`postal_code`=?,`surname`=?,`username`=? where `id`=?
2024-04-30 21:13:20.273 [http-nio-5000-exec-2] DEBUG org.hibernate.SQL.logStatement - delete from `user_role` where `user_id`=?
2024-04-30 21:13:20.274 [http-nio-5000-exec-2] DEBUG org.hibernate.SQL.logStatement - insert into `user_role` (`user_id`,`role_id`) values (?,?)
2024-04-30 21:13:20.288 [http-nio-5000-exec-9] DEBUG org.hibernate.SQL.logStatement - select u1_0.`id`,u1_0.`city`,u1_0.`creation_date`,u1_0.`email`,u1_0.`image`,u1_0.`name`,u1_0.`password`,u1_0.`postal_code`,u1_0.`surname`,u1_0.`username` from `user` u1_0 where u1_0.`username`=?
2024-04-30 21:13:20.292 [http-nio-5000-exec-9] DEBUG org.hibernate.SQL.logStatement - select r1_0.`user_id`,r1_1.`id`,r1_1.`name` from `user_role` r1_0 join `rol` r1_1 on r1_1.`id`=r1_0.`role_id` where r1_0.`user_id`=?
2024-04-30 21:13:20.297 [http-nio-5000-exec-9] DEBUG org.hibernate.SQL.logStatement - select r1_0.`id`,r1_0.`comunidad_autonoma`,r1_0.`tipo_moto`,r1_0.`descripcion`,r1_0.`fecha_creacion`,r1_0.`imageurl`,r1_0.`titulo`,r1_0.`user_id` from `ruta` r1_0 where r1_0.`user_id`=?
2024-04-30 21:13:20.602 [http-nio-5000-exec-3] DEBUG org.hibernate.SQL.logStatement - select u1_0.`id`,u1_0.`city`,u1_0.`creation_date`,u1_0.`email`,u1_0.`image`,u1_0.`name`,u1_0.`password`,u1_0.`postal_code`,u1_0.`surname`,u1_0.`username` from `user` u1_0 where u1_0.`username`=?
2024-04-30 21:13:20.604 [http-nio-5000-exec-3] DEBUG org.hibernate.SQL.logStatement - select r1_0.`user_id`,r1_1.`id`,r1_1.`name` from `user_role` r1_0 join `rol` r1_1 on r1_1.`id`=r1_0.`role_id` where r1_0.`user_id`=?
2024-04-30 21:13:20.610 [http-nio-5000-exec-3] DEBUG org.hibernate.SQL.logStatement - select r1_0.`id`,r1_0.`comunidad_autonoma`,r1_0.`tipo_moto`,r1_0.`descripcion`,r1_0.`fecha_creacion`,r1_0.`imageurl`,r1_0.`titulo`,r1_0.`user_id` from `ruta` r1_0 where r1_0.`user_id`=?
2024-04-30 21:13:26.425 [http-nio-5000-exec-10] DEBUG org.hibernate.SQL.logStatement - select u1_0.`id`,u1_0.`city`,u1_0.`creation_date`,u1_0.`email`,u1_0.`image`,u1_0.`name`,u1_0.`password`,u1_0.`postal_code`,u1_0.`surname`,u1_0.`username` from `user` u1_0 where u1_0.`username`=?
2024-04-30 21:13:26.426 [http-nio-5000-exec-10] DEBUG org.hibernate.SQL.logStatement - select r1_0.`user_id`,r1_1.`id`,r1_1.`name` from `user_role` r1_0 join `rol` r1_1 on r1_1.`id`=r1_0.`role_id` where r1_0.`user_id`=?
2024-04-30 21:13:26.430 [http-nio-5000-exec-10] DEBUG org.hibernate.SQL.logStatement - select r1_0.`id`,r1_0.`comunidad_autonoma`,r1_0.`tipo_moto`,r1_0.`descripcion`,r1_0.`fecha_creacion`,r1_0.`imageurl`,r1_0.`titulo`,r1_0.`user_id` from `ruta` r1_0
2024-04-30 21:13:53.343 [http-nio-5000-exec-7] DEBUG org.hibernate.SQL.logStatement - select u1_0.`id`,u1_0.`city`,u1_0.`creation_date`,u1_0.`email`,u1_0.`image`,u1_0.`name`,u1_0.`password`,u1_0.`postal_code`,u1_0.`surname`,u1_0.`username` from `user` u1_0 where u1_0.`username`=?
2024-04-30 21:13:53.344 [http-nio-5000-exec-7] DEBUG org.hibernate.SQL.logStatement - select r1_0.`user_id`,r1_1.`id`,r1_1.`name` from `user_role` r1_0 join `rol` r1_1 on r1_1.`id`=r1_0.`role_id` where r1_0.`user_id`=?
2024-04-30 21:13:53.349 [http-nio-5000-exec-7] DEBUG org.hibernate.SQL.logStatement - select r1_0.`id`,r1_0.`comunidad_autonoma`,r1_0.`tipo_moto`,r1_0.`descripcion`,r1_0.`fecha_creacion`,r1_0.`imageurl`,r1_0.`titulo`,r1_0.`user_id` from `ruta` r1_0 where r1_0.`user_id`=?
2024-04-30 21:13:56.056 [http-nio-5000-exec-1] DEBUG org.hibernate.SQL.logStatement - select u1_0.`id`,u1_0.`city`,u1_0.`creation_date`,u1_0.`email`,u1_0.`image`,u1_0.`name`,u1_0.`password`,u1_0.`postal_code`,u1_0.`surname`,u1_0.`username` from `user` u1_0 where u1_0.`username`=?
2024-04-30 21:13:56.057 [http-nio-5000-exec-1] DEBUG org.hibernate.SQL.logStatement - select r1_0.`user_id`,r1_1.`id`,r1_1.`name` from `user_role` r1_0 join `rol` r1_1 on r1_1.`id`=r1_0.`role_id` where r1_0.`user_id`=?
2024-04-30 21:13:56.063 [http-nio-5000-exec-1] DEBUG org.hibernate.SQL.logStatement - select r1_0.`id`,r1_0.`comunidad_autonoma`,r1_0.`tipo_moto`,r1_0.`descripcion`,r1_0.`fecha_creacion`,r1_0.`imageurl`,r1_0.`titulo`,r1_0.`user_id` from `ruta` r1_0
2024-04-30 21:15:47.899 [http-nio-5000-exec-8] DEBUG org.hibernate.SQL.logStatement - select u1_0.`id`,u1_0.`city`,u1_0.`creation_date`,u1_0.`email`,u1_0.`image`,u1_0.`name`,u1_0.`password`,u1_0.`postal_code`,u1_0.`surname`,u1_0.`username` from `user` u1_0 where u1_0.`username`=?
2024-04-30 21:15:47.900 [http-nio-5000-exec-8] DEBUG org.hibernate.SQL.logStatement - select r1_0.`user_id`,r1_1.`id`,r1_1.`name` from `user_role` r1_0 join `rol` r1_1 on r1_1.`id`=r1_0.`role_id` where r1_0.`user_id`=?
2024-04-30 21:15:47.903 [http-nio-5000-exec-8] DEBUG org.hibernate.SQL.logStatement - select r1_0.`id`,r1_0.`comunidad_autonoma`,r1_0.`tipo_moto`,r1_0.`descripcion`,r1_0.`fecha_creacion`,r1_0.`imageurl`,r1_0.`titulo`,r1_0.`user_id` from `ruta` r1_0 where r1_0.`user_id`=?
2024-04-30 21:15:53.795 [http-nio-5000-exec-6] DEBUG org.hibernate.SQL.logStatement - select u1_0.`id`,u1_0.`city`,u1_0.`creation_date`,u1_0.`email`,u1_0.`image`,u1_0.`name`,u1_0.`password`,u1_0.`postal_code`,u1_0.`surname`,u1_0.`username` from `user` u1_0 where u1_0.`username`=?
2024-04-30 21:15:53.795 [http-nio-5000-exec-6] DEBUG org.hibernate.SQL.logStatement - select r1_0.`user_id`,r1_1.`id`,r1_1.`name` from `user_role` r1_0 join `rol` r1_1 on r1_1.`id`=r1_0.`role_id` where r1_0.`user_id`=?
2024-04-30 21:15:53.798 [http-nio-5000-exec-6] DEBUG org.hibernate.SQL.logStatement - select r1_0.`id`,r1_0.`comunidad_autonoma`,r1_0.`tipo_moto`,r1_0.`descripcion`,r1_0.`fecha_creacion`,r1_0.`imageurl`,r1_0.`titulo`,r1_0.`user_id` from `ruta` r1_0
2024-04-30 21:15:57.705 [http-nio-5000-exec-5] DEBUG org.hibernate.SQL.logStatement - select u1_0.`id`,u1_0.`city`,u1_0.`creation_date`,u1_0.`email`,u1_0.`image`,u1_0.`name`,u1_0.`password`,u1_0.`postal_code`,u1_0.`surname`,u1_0.`username` from `user` u1_0 where u1_0.`username`=?
2024-04-30 21:15:57.706 [http-nio-5000-exec-5] DEBUG org.hibernate.SQL.logStatement - select r1_0.`user_id`,r1_1.`id`,r1_1.`name` from `user_role` r1_0 join `rol` r1_1 on r1_1.`id`=r1_0.`role_id` where r1_0.`user_id`=?
2024-04-30 21:15:57.709 [http-nio-5000-exec-5] DEBUG org.hibernate.SQL.logStatement - select r1_0.`id`,r1_0.`comunidad_autonoma`,r1_0.`tipo_moto`,r1_0.`descripcion`,r1_0.`fecha_creacion`,r1_0.`imageurl`,r1_0.`titulo`,r1_0.`user_id` from `ruta` r1_0 where r1_0.`user_id`=?
2024-04-30 21:16:06.294 [http-nio-5000-exec-2] DEBUG org.hibernate.SQL.logStatement - select u1_0.`id`,u1_0.`city`,u1_0.`creation_date`,u1_0.`email`,u1_0.`image`,u1_0.`name`,u1_0.`password`,u1_0.`postal_code`,u1_0.`surname`,u1_0.`username` from `user` u1_0 where u1_0.`username`=?
2024-04-30 21:16:06.295 [http-nio-5000-exec-2] DEBUG org.hibernate.SQL.logStatement - select r1_0.`user_id`,r1_1.`id`,r1_1.`name` from `user_role` r1_0 join `rol` r1_1 on r1_1.`id`=r1_0.`role_id` where r1_0.`user_id`=?
2024-04-30 21:16:06.298 [http-nio-5000-exec-2] DEBUG org.hibernate.SQL.logStatement - select r1_0.`id`,r1_0.`comunidad_autonoma`,r1_0.`tipo_moto`,r1_0.`descripcion`,r1_0.`fecha_creacion`,r1_0.`imageurl`,r1_0.`titulo`,r1_0.`user_id` from `ruta` r1_0
2024-04-30 21:18:15.154 [http-nio-5000-exec-3] DEBUG org.hibernate.SQL.logStatement - select u1_0.`id`,u1_0.`city`,u1_0.`creation_date`,u1_0.`email`,u1_0.`image`,u1_0.`name`,u1_0.`password`,u1_0.`postal_code`,u1_0.`surname`,u1_0.`username` from `user` u1_0 where u1_0.`username`=?
2024-04-30 21:18:15.156 [http-nio-5000-exec-3] DEBUG org.hibernate.SQL.logStatement - select r1_0.`user_id`,r1_1.`id`,r1_1.`name` from `user_role` r1_0 join `rol` r1_1 on r1_1.`id`=r1_0.`role_id` where r1_0.`user_id`=?
2024-04-30 21:18:15.160 [http-nio-5000-exec-3] DEBUG org.hibernate.SQL.logStatement - select r1_0.`id`,r1_0.`comunidad_autonoma`,r1_0.`tipo_moto`,r1_0.`descripcion`,r1_0.`fecha_creacion`,r1_0.`imageurl`,r1_0.`titulo`,r1_0.`user_id` from `ruta` r1_0
2024-04-30 21:18:21.657 [http-nio-5000-exec-10] DEBUG org.hibernate.SQL.logStatement - select u1_0.`id`,u1_0.`city`,u1_0.`creation_date`,u1_0.`email`,u1_0.`image`,u1_0.`name`,u1_0.`password`,u1_0.`postal_code`,u1_0.`surname`,u1_0.`username` from `user` u1_0 where u1_0.`username`=?
2024-04-30 21:18:21.658 [http-nio-5000-exec-10] DEBUG org.hibernate.SQL.logStatement - select r1_0.`user_id`,r1_1.`id`,r1_1.`name` from `user_role` r1_0 join `rol` r1_1 on r1_1.`id`=r1_0.`role_id` where r1_0.`user_id`=?
2024-04-30 21:18:21.663 [http-nio-5000-exec-10] DEBUG org.hibernate.SQL.logStatement - select r1_0.`id`,r1_0.`comunidad_autonoma`,r1_0.`tipo_moto`,r1_0.`descripcion`,r1_0.`fecha_creacion`,r1_0.`imageurl`,r1_0.`titulo`,r1_0.`user_id` from `ruta` r1_0 where r1_0.`user_id`=?
2024-04-30 21:18:22.662 [http-nio-5000-exec-7] DEBUG org.hibernate.SQL.logStatement - select u1_0.`id`,u1_0.`city`,u1_0.`creation_date`,u1_0.`email`,u1_0.`image`,u1_0.`name`,u1_0.`password`,u1_0.`postal_code`,u1_0.`surname`,u1_0.`username` from `user` u1_0 where u1_0.`username`=?
2024-04-30 21:18:22.663 [http-nio-5000-exec-7] DEBUG org.hibernate.SQL.logStatement - select r1_0.`user_id`,r1_1.`id`,r1_1.`name` from `user_role` r1_0 join `rol` r1_1 on r1_1.`id`=r1_0.`role_id` where r1_0.`user_id`=?
2024-04-30 21:18:22.667 [http-nio-5000-exec-7] DEBUG org.hibernate.SQL.logStatement - select r1_0.`id`,r1_0.`comunidad_autonoma`,r1_0.`tipo_moto`,r1_0.`descripcion`,r1_0.`fecha_creacion`,r1_0.`imageurl`,r1_0.`titulo`,r1_0.`user_id` from `ruta` r1_0
2024-04-30 21:19:49.653 [http-nio-5000-exec-4] DEBUG org.hibernate.SQL.logStatement - select u1_0.`id`,u1_0.`city`,u1_0.`creation_date`,u1_0.`email`,u1_0.`image`,u1_0.`name`,u1_0.`password`,u1_0.`postal_code`,u1_0.`surname`,u1_0.`username` from `user` u1_0 where u1_0.`username`=?
2024-04-30 21:19:49.656 [http-nio-5000-exec-4] DEBUG org.hibernate.SQL.logStatement - select r1_0.`user_id`,r1_1.`id`,r1_1.`name` from `user_role` r1_0 join `rol` r1_1 on r1_1.`id`=r1_0.`role_id` where r1_0.`user_id`=?
2024-04-30 21:19:49.662 [http-nio-5000-exec-4] DEBUG org.hibernate.SQL.logStatement - select r1_0.`id`,r1_0.`comunidad_autonoma`,r1_0.`tipo_moto`,r1_0.`descripcion`,r1_0.`fecha_creacion`,r1_0.`imageurl`,r1_0.`titulo`,r1_0.`user_id` from `ruta` r1_0
2024-04-30 21:22:49.780 [http-nio-5000-exec-6] DEBUG org.hibernate.SQL.logStatement - select u1_0.`id`,u1_0.`city`,u1_0.`creation_date`,u1_0.`email`,u1_0.`image`,u1_0.`name`,u1_0.`password`,u1_0.`postal_code`,u1_0.`surname`,u1_0.`username` from `user` u1_0 where u1_0.`username`=?
2024-04-30 21:22:49.781 [http-nio-5000-exec-6] DEBUG org.hibernate.SQL.logStatement - select r1_0.`user_id`,r1_1.`id`,r1_1.`name` from `user_role` r1_0 join `rol` r1_1 on r1_1.`id`=r1_0.`role_id` where r1_0.`user_id`=?
2024-04-30 21:22:49.787 [http-nio-5000-exec-6] DEBUG org.hibernate.SQL.logStatement - select r1_0.`id`,r1_0.`comunidad_autonoma`,r1_0.`tipo_moto`,r1_0.`descripcion`,r1_0.`fecha_creacion`,r1_0.`imageurl`,r1_0.`titulo`,r1_0.`user_id` from `ruta` r1_0
2024-04-30 21:30:57.435 [http-nio-5000-exec-2] DEBUG org.hibernate.SQL.logStatement - select u1_0.`id`,u1_0.`city`,u1_0.`creation_date`,u1_0.`email`,u1_0.`image`,u1_0.`name`,u1_0.`password`,u1_0.`postal_code`,u1_0.`surname`,u1_0.`username` from `user` u1_0 where u1_0.`username`=?
2024-04-30 21:30:57.436 [http-nio-5000-exec-2] DEBUG org.hibernate.SQL.logStatement - select r1_0.`user_id`,r1_1.`id`,r1_1.`name` from `user_role` r1_0 join `rol` r1_1 on r1_1.`id`=r1_0.`role_id` where r1_0.`user_id`=?
2024-04-30 21:30:57.445 [http-nio-5000-exec-2] DEBUG org.hibernate.SQL.logStatement - select r1_0.`id`,r1_0.`comunidad_autonoma`,r1_0.`tipo_moto`,r1_0.`descripcion`,r1_0.`fecha_creacion`,r1_0.`imageurl`,r1_0.`titulo`,r1_0.`user_id` from `ruta` r1_0
2024-04-30 21:32:38.998 [http-nio-5000-exec-3] DEBUG org.hibernate.SQL.logStatement - select u1_0.`id`,u1_0.`city`,u1_0.`creation_date`,u1_0.`email`,u1_0.`image`,u1_0.`name`,u1_0.`password`,u1_0.`postal_code`,u1_0.`surname`,u1_0.`username` from `user` u1_0 where u1_0.`username`=?
2024-04-30 21:32:39.000 [http-nio-5000-exec-3] DEBUG org.hibernate.SQL.logStatement - select r1_0.`user_id`,r1_1.`id`,r1_1.`name` from `user_role` r1_0 join `rol` r1_1 on r1_1.`id`=r1_0.`role_id` where r1_0.`user_id`=?
2024-04-30 21:32:39.004 [http-nio-5000-exec-3] DEBUG org.hibernate.SQL.logStatement - select r1_0.`id`,r1_0.`comunidad_autonoma`,r1_0.`tipo_moto`,r1_0.`descripcion`,r1_0.`fecha_creacion`,r1_0.`imageurl`,r1_0.`titulo`,r1_0.`user_id` from `ruta` r1_0
2024-04-30 21:32:45.124 [http-nio-5000-exec-10] DEBUG org.hibernate.SQL.logStatement - select u1_0.`id`,u1_0.`city`,u1_0.`creation_date`,u1_0.`email`,u1_0.`image`,u1_0.`name`,u1_0.`password`,u1_0.`postal_code`,u1_0.`surname`,u1_0.`username` from `user` u1_0 where u1_0.`username`=?
2024-04-30 21:32:45.125 [http-nio-5000-exec-10] DEBUG org.hibernate.SQL.logStatement - select r1_0.`user_id`,r1_1.`id`,r1_1.`name` from `user_role` r1_0 join `rol` r1_1 on r1_1.`id`=r1_0.`role_id` where r1_0.`user_id`=?
2024-04-30 21:32:45.128 [http-nio-5000-exec-10] DEBUG org.hibernate.SQL.logStatement - select r1_0.`id`,r1_0.`comunidad_autonoma`,r1_0.`tipo_moto`,r1_0.`descripcion`,r1_0.`fecha_creacion`,r1_0.`imageurl`,r1_0.`titulo`,r1_0.`user_id` from `ruta` r1_0 where r1_0.`user_id`=?
2024-04-30 21:32:46.085 [http-nio-5000-exec-7] DEBUG org.hibernate.SQL.logStatement - select u1_0.`id`,u1_0.`city`,u1_0.`creation_date`,u1_0.`email`,u1_0.`image`,u1_0.`name`,u1_0.`password`,u1_0.`postal_code`,u1_0.`surname`,u1_0.`username` from `user` u1_0 where u1_0.`username`=?
2024-04-30 21:32:46.086 [http-nio-5000-exec-7] DEBUG org.hibernate.SQL.logStatement - select r1_0.`user_id`,r1_1.`id`,r1_1.`name` from `user_role` r1_0 join `rol` r1_1 on r1_1.`id`=r1_0.`role_id` where r1_0.`user_id`=?
2024-04-30 21:32:46.090 [http-nio-5000-exec-7] DEBUG org.hibernate.SQL.logStatement - select r1_0.`id`,r1_0.`comunidad_autonoma`,r1_0.`tipo_moto`,r1_0.`descripcion`,r1_0.`fecha_creacion`,r1_0.`imageurl`,r1_0.`titulo`,r1_0.`user_id` from `ruta` r1_0
2024-04-30 21:33:09.009 [http-nio-5000-exec-4] DEBUG org.hibernate.SQL.logStatement - select u1_0.`id`,u1_0.`city`,u1_0.`creation_date`,u1_0.`email`,u1_0.`image`,u1_0.`name`,u1_0.`password`,u1_0.`postal_code`,u1_0.`surname`,u1_0.`username` from `user` u1_0 where u1_0.`username`=?
2024-04-30 21:33:09.010 [http-nio-5000-exec-4] DEBUG org.hibernate.SQL.logStatement - select r1_0.`user_id`,r1_1.`id`,r1_1.`name` from `user_role` r1_0 join `rol` r1_1 on r1_1.`id`=r1_0.`role_id` where r1_0.`user_id`=?
2024-04-30 21:33:09.014 [http-nio-5000-exec-4] DEBUG org.hibernate.SQL.logStatement - select r1_0.`id`,r1_0.`comunidad_autonoma`,r1_0.`tipo_moto`,r1_0.`descripcion`,r1_0.`fecha_creacion`,r1_0.`imageurl`,r1_0.`titulo`,r1_0.`user_id` from `ruta` r1_0
2024-04-30 21:33:59.581 [http-nio-5000-exec-6] DEBUG org.hibernate.SQL.logStatement - select u1_0.`id`,u1_0.`city`,u1_0.`creation_date`,u1_0.`email`,u1_0.`image`,u1_0.`name`,u1_0.`password`,u1_0.`postal_code`,u1_0.`surname`,u1_0.`username` from `user` u1_0 where u1_0.`username`=?
2024-04-30 21:33:59.582 [http-nio-5000-exec-6] DEBUG org.hibernate.SQL.logStatement - select r1_0.`user_id`,r1_1.`id`,r1_1.`name` from `user_role` r1_0 join `rol` r1_1 on r1_1.`id`=r1_0.`role_id` where r1_0.`user_id`=?
2024-04-30 21:33:59.586 [http-nio-5000-exec-6] DEBUG org.hibernate.SQL.logStatement - select r1_0.`id`,r1_0.`comunidad_autonoma`,r1_0.`tipo_moto`,r1_0.`descripcion`,r1_0.`fecha_creacion`,r1_0.`imageurl`,r1_0.`titulo`,r1_0.`user_id` from `ruta` r1_0
2024-04-30 21:34:16.065 [http-nio-5000-exec-2] DEBUG org.hibernate.SQL.logStatement - select u1_0.`id`,u1_0.`city`,u1_0.`creation_date`,u1_0.`email`,u1_0.`image`,u1_0.`name`,u1_0.`password`,u1_0.`postal_code`,u1_0.`surname`,u1_0.`username` from `user` u1_0 where u1_0.`username`=?
2024-04-30 21:34:16.066 [http-nio-5000-exec-2] DEBUG org.hibernate.SQL.logStatement - select r1_0.`user_id`,r1_1.`id`,r1_1.`name` from `user_role` r1_0 join `rol` r1_1 on r1_1.`id`=r1_0.`role_id` where r1_0.`user_id`=?
2024-04-30 21:34:16.068 [http-nio-5000-exec-2] DEBUG org.hibernate.SQL.logStatement - select r1_0.`id`,r1_0.`comunidad_autonoma`,r1_0.`tipo_moto`,r1_0.`descripcion`,r1_0.`fecha_creacion`,r1_0.`imageurl`,r1_0.`titulo`,r1_0.`user_id` from `ruta` r1_0
2024-04-30 21:34:36.365 [http-nio-5000-exec-3] DEBUG org.hibernate.SQL.logStatement - select u1_0.`id`,u1_0.`city`,u1_0.`creation_date`,u1_0.`email`,u1_0.`image`,u1_0.`name`,u1_0.`password`,u1_0.`postal_code`,u1_0.`surname`,u1_0.`username` from `user` u1_0 where u1_0.`username`=?
2024-04-30 21:34:36.366 [http-nio-5000-exec-3] DEBUG org.hibernate.SQL.logStatement - select r1_0.`user_id`,r1_1.`id`,r1_1.`name` from `user_role` r1_0 join `rol` r1_1 on r1_1.`id`=r1_0.`role_id` where r1_0.`user_id`=?
2024-04-30 21:34:36.369 [http-nio-5000-exec-3] DEBUG org.hibernate.SQL.logStatement - select r1_0.`id`,r1_0.`comunidad_autonoma`,r1_0.`tipo_moto`,r1_0.`descripcion`,r1_0.`fecha_creacion`,r1_0.`imageurl`,r1_0.`titulo`,r1_0.`user_id` from `ruta` r1_0
2024-04-30 21:35:49.954 [http-nio-5000-exec-7] DEBUG org.hibernate.SQL.logStatement - select u1_0.`id`,u1_0.`city`,u1_0.`creation_date`,u1_0.`email`,u1_0.`image`,u1_0.`name`,u1_0.`password`,u1_0.`postal_code`,u1_0.`surname`,u1_0.`username` from `user` u1_0 where u1_0.`username`=?
2024-04-30 21:35:49.956 [http-nio-5000-exec-7] DEBUG org.hibernate.SQL.logStatement - select r1_0.`user_id`,r1_1.`id`,r1_1.`name` from `user_role` r1_0 join `rol` r1_1 on r1_1.`id`=r1_0.`role_id` where r1_0.`user_id`=?
2024-04-30 21:35:49.975 [http-nio-5000-exec-7] DEBUG org.hibernate.SQL.logStatement - select r1_0.`id`,r1_0.`comunidad_autonoma`,r1_0.`tipo_moto`,r1_0.`descripcion`,r1_0.`fecha_creacion`,r1_0.`imageurl`,r1_0.`titulo`,r1_0.`user_id` from `ruta` r1_0 where r1_0.`user_id`=?
2024-04-30 21:36:00.905 [http-nio-5000-exec-1] DEBUG org.hibernate.SQL.logStatement - select u1_0.`id`,u1_0.`city`,u1_0.`creation_date`,u1_0.`email`,u1_0.`image`,u1_0.`name`,u1_0.`password`,u1_0.`postal_code`,u1_0.`surname`,u1_0.`username` from `user` u1_0 where u1_0.`username`=?
2024-04-30 21:36:00.907 [http-nio-5000-exec-1] DEBUG org.hibernate.SQL.logStatement - select r1_0.`user_id`,r1_1.`id`,r1_1.`name` from `user_role` r1_0 join `rol` r1_1 on r1_1.`id`=r1_0.`role_id` where r1_0.`user_id`=?
2024-04-30 21:36:00.929 [http-nio-5000-exec-1] DEBUG org.hibernate.SQL.logStatement - select u1_0.`id`,u1_0.`city`,u1_0.`creation_date`,u1_0.`email`,u1_0.`image`,u1_0.`name`,u1_0.`password`,u1_0.`postal_code`,u1_0.`surname`,u1_0.`username`,r1_0.`user_id`,r1_1.`id`,r1_1.`name` from `user` u1_0 left join `user_role` r1_0 on u1_0.`id`=r1_0.`user_id` left join `rol` r1_1 on r1_1.`id`=r1_0.`role_id` where u1_0.`id`=?
2024-04-30 21:36:00.932 [http-nio-5000-exec-1] DEBUG org.hibernate.SQL.logStatement - select r1_1.`id`,r1_1.`name` from `user` u1_0 join `user_role` r1_0 on u1_0.`id`=r1_0.`user_id` join `rol` r1_1 on r1_1.`id`=r1_0.`role_id` where u1_0.`id`=?
2024-04-30 21:36:00.934 [http-nio-5000-exec-1] DEBUG org.hibernate.SQL.logStatement - delete from `user_role` where `user_id`=?
2024-04-30 21:36:00.934 [http-nio-5000-exec-1] DEBUG org.hibernate.SQL.logStatement - insert into `user_role` (`user_id`,`role_id`) values (?,?)
2024-04-30 21:36:00.968 [http-nio-5000-exec-4] DEBUG org.hibernate.SQL.logStatement - select u1_0.`id`,u1_0.`city`,u1_0.`creation_date`,u1_0.`email`,u1_0.`image`,u1_0.`name`,u1_0.`password`,u1_0.`postal_code`,u1_0.`surname`,u1_0.`username` from `user` u1_0 where u1_0.`username`=?
2024-04-30 21:36:00.970 [http-nio-5000-exec-4] DEBUG org.hibernate.SQL.logStatement - select r1_0.`user_id`,r1_1.`id`,r1_1.`name` from `user_role` r1_0 join `rol` r1_1 on r1_1.`id`=r1_0.`role_id` where r1_0.`user_id`=?
2024-04-30 21:36:00.975 [http-nio-5000-exec-4] DEBUG org.hibernate.SQL.logStatement - select r1_0.`id`,r1_0.`comunidad_autonoma`,r1_0.`tipo_moto`,r1_0.`descripcion`,r1_0.`fecha_creacion`,r1_0.`imageurl`,r1_0.`titulo`,r1_0.`user_id` from `ruta` r1_0 where r1_0.`user_id`=?
2024-04-30 21:36:01.250 [http-nio-5000-exec-8] DEBUG org.hibernate.SQL.logStatement - select u1_0.`id`,u1_0.`city`,u1_0.`creation_date`,u1_0.`email`,u1_0.`image`,u1_0.`name`,u1_0.`password`,u1_0.`postal_code`,u1_0.`surname`,u1_0.`username` from `user` u1_0 where u1_0.`username`=?
2024-04-30 21:36:01.251 [http-nio-5000-exec-8] DEBUG org.hibernate.SQL.logStatement - select r1_0.`user_id`,r1_1.`id`,r1_1.`name` from `user_role` r1_0 join `rol` r1_1 on r1_1.`id`=r1_0.`role_id` where r1_0.`user_id`=?
2024-04-30 21:36:01.255 [http-nio-5000-exec-8] DEBUG org.hibernate.SQL.logStatement - select r1_0.`id`,r1_0.`comunidad_autonoma`,r1_0.`tipo_moto`,r1_0.`descripcion`,r1_0.`fecha_creacion`,r1_0.`imageurl`,r1_0.`titulo`,r1_0.`user_id` from `ruta` r1_0 where r1_0.`user_id`=?
2024-04-30 21:36:59.244 [http-nio-5000-exec-6] DEBUG org.hibernate.SQL.logStatement - select u1_0.`id`,u1_0.`city`,u1_0.`creation_date`,u1_0.`email`,u1_0.`image`,u1_0.`name`,u1_0.`password`,u1_0.`postal_code`,u1_0.`surname`,u1_0.`username` from `user` u1_0 where u1_0.`username`=?
2024-04-30 21:36:59.245 [http-nio-5000-exec-6] DEBUG org.hibernate.SQL.logStatement - select r1_0.`user_id`,r1_1.`id`,r1_1.`name` from `user_role` r1_0 join `rol` r1_1 on r1_1.`id`=r1_0.`role_id` where r1_0.`user_id`=?
2024-04-30 21:36:59.248 [http-nio-5000-exec-6] DEBUG org.hibernate.SQL.logStatement - select r1_0.`id`,r1_0.`comunidad_autonoma`,r1_0.`tipo_moto`,r1_0.`descripcion`,r1_0.`fecha_creacion`,r1_0.`imageurl`,r1_0.`titulo`,r1_0.`user_id` from `ruta` r1_0
2024-04-30 21:37:01.309 [http-nio-5000-exec-5] DEBUG org.hibernate.SQL.logStatement - select u1_0.`id`,u1_0.`city`,u1_0.`creation_date`,u1_0.`email`,u1_0.`image`,u1_0.`name`,u1_0.`password`,u1_0.`postal_code`,u1_0.`surname`,u1_0.`username` from `user` u1_0 where u1_0.`username`=?
2024-04-30 21:37:01.310 [http-nio-5000-exec-5] DEBUG org.hibernate.SQL.logStatement - select r1_0.`user_id`,r1_1.`id`,r1_1.`name` from `user_role` r1_0 join `rol` r1_1 on r1_1.`id`=r1_0.`role_id` where r1_0.`user_id`=?
2024-04-30 21:37:01.313 [http-nio-5000-exec-5] DEBUG org.hibernate.SQL.logStatement - select r1_0.`id`,r1_0.`comunidad_autonoma`,r1_0.`tipo_moto`,r1_0.`descripcion`,r1_0.`fecha_creacion`,r1_0.`imageurl`,r1_0.`titulo`,r1_0.`user_id` from `ruta` r1_0 where r1_0.`id`=?
