2024-04-26 12:27:04.909 [restartedMain] INFO  c.e.R.RutasMoterasApplication.logStarting - Starting RutasMoterasApplication using Java 21.0.1 with PID 25228 (C:\Users\ivanc\Downloads\RutasMoterasHibernate\RutasMoteras\target\classes started by ivanc in C:\Users\ivanc\Downloads\RutasMoterasHibernate\RutasMoteras)
2024-04-26 12:27:04.925 [restartedMain] INFO  c.e.R.RutasMoterasApplication.logStartupProfileInfo - No active profile set, falling back to 1 default profile: "default"
2024-04-26 12:27:05.036 [restartedMain] INFO  o.s.b.d.e.DevToolsPropertyDefaultsPostProcessor.logTo - Devtools property defaults active! Set 'spring.devtools.add-properties' to 'false' to disable
2024-04-26 12:27:05.039 [restartedMain] INFO  o.s.b.d.e.DevToolsPropertyDefaultsPostProcessor.logTo - For additional web related logging consider setting the 'logging.level.web' property to 'DEBUG'
2024-04-26 12:27:07.114 [restartedMain] INFO  o.s.d.r.c.RepositoryConfigurationDelegate.registerRepositoriesIn - Bootstrapping Spring Data JPA repositories in DEFAULT mode.
2024-04-26 12:27:07.237 [restartedMain] INFO  o.s.d.r.c.RepositoryConfigurationDelegate.registerRepositoriesIn - Finished Spring Data repository scanning in 106 ms. Found 3 JPA repository interfaces.
2024-04-26 12:27:08.361 [restartedMain] INFO  o.s.b.w.e.tomcat.TomcatWebServer.initialize - Tomcat initialized with port 5000 (http)
2024-04-26 12:27:08.384 [restartedMain] INFO  o.a.catalina.core.StandardService.log - Starting service [Tomcat]
2024-04-26 12:27:08.385 [restartedMain] INFO  o.a.catalina.core.StandardEngine.log - Starting Servlet engine: [Apache Tomcat/10.1.18]
2024-04-26 12:27:08.472 [restartedMain] INFO  o.a.c.c.C.[Tomcat].[localhost].[/].log - Initializing Spring embedded WebApplicationContext
2024-04-26 12:27:08.474 [restartedMain] INFO  o.s.b.w.s.c.ServletWebServerApplicationContext.prepareWebApplicationContext - Root WebApplicationContext: initialization completed in 3431 ms
2024-04-26 12:27:08.732 [restartedMain] WARN  o.s.b.a.o.j.JpaBaseConfiguration$JpaWebConfiguration.openEntityManagerInViewInterceptor - spring.jpa.open-in-view is enabled by default. Therefore, database queries may be performed during view rendering. Explicitly configure spring.jpa.open-in-view to disable this warning
2024-04-26 12:27:08.933 [restartedMain] INFO  o.h.jpa.internal.util.LogHelper.logPersistenceUnitInformation - HHH000204: Processing PersistenceUnitInfo [name: default]
2024-04-26 12:27:09.087 [restartedMain] INFO  org.hibernate.Version.logVersion - HHH000412: Hibernate ORM core version 6.4.1.Final
2024-04-26 12:27:09.155 [restartedMain] INFO  o.h.c.i.RegionFactoryInitiator.initiateService - HHH000026: Second-level cache disabled
2024-04-26 12:27:09.620 [restartedMain] INFO  o.s.o.j.p.SpringPersistenceUnitInfo.addTransformer - No LoadTimeWeaver setup: ignoring JPA class transformer
2024-04-26 12:27:09.665 [restartedMain] INFO  com.zaxxer.hikari.HikariDataSource.getConnection - HikariPool-1 - Starting...
2024-04-26 12:27:09.857 [restartedMain] INFO  com.zaxxer.hikari.pool.HikariPool.checkFailFast - HikariPool-1 - Added connection org.mariadb.jdbc.Connection@438ea72b
2024-04-26 12:27:09.862 [restartedMain] INFO  com.zaxxer.hikari.HikariDataSource.getConnection - HikariPool-1 - Start completed.
2024-04-26 12:27:11.728 [restartedMain] INFO  o.h.e.t.j.p.i.JtaPlatformInitiator.initiateService - HHH000489: No JTA platform available (set 'hibernate.transaction.jta.platform' to enable JTA platform integration)
2024-04-26 12:27:11.827 [restartedMain] INFO  o.s.o.j.LocalContainerEntityManagerFactoryBean.buildNativeEntityManagerFactory - Initialized JPA EntityManagerFactory for persistence unit 'default'
2024-04-26 12:27:12.619 [restartedMain] INFO  o.s.d.j.r.query.QueryEnhancerFactory.<clinit> - Hibernate is in classpath; If applicable, HQL parser will be used.
2024-04-26 12:27:14.180 [restartedMain] INFO  o.s.s.web.DefaultSecurityFilterChain.<init> - Will secure any request with [org.springframework.security.web.session.DisableEncodeUrlFilter@26d2977a, org.springframework.security.web.context.request.async.WebAsyncManagerIntegrationFilter@560b7f0b, org.springframework.security.web.context.SecurityContextHolderFilter@78309e, org.springframework.security.web.header.HeaderWriterFilter@62958855, org.springframework.security.web.authentication.logout.LogoutFilter@275584df, com.example.RutasMoteras.security.JwtAuthenticationFilter@5753f313, org.springframework.security.web.savedrequest.RequestCacheAwareFilter@58962807, org.springframework.security.web.servletapi.SecurityContextHolderAwareRequestFilter@6e3423c9, org.springframework.security.web.authentication.AnonymousAuthenticationFilter@4707424b, org.springframework.security.web.session.SessionManagementFilter@a2bd4c2, org.springframework.security.web.access.ExceptionTranslationFilter@57223bda, org.springframework.security.web.access.intercept.AuthorizationFilter@760cf22b]
2024-04-26 12:27:14.768 [restartedMain] INFO  o.s.b.d.a.OptionalLiveReloadServer.startServer - LiveReload server is running on port 35729
2024-04-26 12:27:14.834 [restartedMain] INFO  o.s.b.w.e.tomcat.TomcatWebServer.start - Tomcat started on port 5000 (http) with context path ''
2024-04-26 12:27:14.850 [restartedMain] INFO  c.e.R.RutasMoterasApplication.logStarted - Started RutasMoterasApplication in 10.955 seconds (process running for 18.682)
2024-04-26 12:27:52.072 [http-nio-5000-exec-1] INFO  o.a.c.c.C.[Tomcat].[localhost].[/].log - Initializing Spring DispatcherServlet 'dispatcherServlet'
2024-04-26 12:27:52.073 [http-nio-5000-exec-1] INFO  o.s.web.servlet.DispatcherServlet.initServletBean - Initializing Servlet 'dispatcherServlet'
2024-04-26 12:27:52.077 [http-nio-5000-exec-1] INFO  o.s.web.servlet.DispatcherServlet.initServletBean - Completed initialization in 3 ms
2024-04-26 12:27:52.694 [http-nio-5000-exec-1] DEBUG org.hibernate.SQL.logStatement - select u1_0.`id`,u1_0.`city`,u1_0.`creation_date`,u1_0.`email`,u1_0.`image`,u1_0.`name`,u1_0.`password`,u1_0.`postal_code`,u1_0.`surname`,u1_0.`username` from `user` u1_0 where u1_0.`username`=?
2024-04-26 12:27:52.741 [http-nio-5000-exec-1] DEBUG org.hibernate.SQL.logStatement - select r1_0.`user_id`,r1_1.`id`,r1_1.`name` from `user_role` r1_0 join `rol` r1_1 on r1_1.`id`=r1_0.`role_id` where r1_0.`user_id`=?
2024-04-26 12:27:52.900 [http-nio-5000-exec-1] DEBUG org.hibernate.SQL.logStatement - select u1_0.`id`,u1_0.`city`,u1_0.`creation_date`,u1_0.`email`,u1_0.`image`,u1_0.`name`,u1_0.`password`,u1_0.`postal_code`,u1_0.`surname`,u1_0.`username` from `user` u1_0 where u1_0.`email`=?
2024-04-26 12:27:53.120 [http-nio-5000-exec-2] DEBUG org.hibernate.SQL.logStatement - select u1_0.`id`,u1_0.`city`,u1_0.`creation_date`,u1_0.`email`,u1_0.`image`,u1_0.`name`,u1_0.`password`,u1_0.`postal_code`,u1_0.`surname`,u1_0.`username` from `user` u1_0 where u1_0.`username`=?
2024-04-26 12:27:53.122 [http-nio-5000-exec-2] DEBUG org.hibernate.SQL.logStatement - select r1_0.`user_id`,r1_1.`id`,r1_1.`name` from `user_role` r1_0 join `rol` r1_1 on r1_1.`id`=r1_0.`role_id` where r1_0.`user_id`=?
2024-04-26 12:27:53.175 [http-nio-5000-exec-2] DEBUG org.hibernate.SQL.logStatement - select u1_0.`id`,u1_0.`city`,u1_0.`creation_date`,u1_0.`email`,u1_0.`image`,u1_0.`name`,u1_0.`password`,u1_0.`postal_code`,u1_0.`surname`,u1_0.`username` from `user` u1_0 where u1_0.`email`=?
2024-04-26 12:27:53.178 [http-nio-5000-exec-2] DEBUG org.hibernate.SQL.logStatement - select r1_0.`user_id`,r1_1.`id`,r1_1.`name` from `user_role` r1_0 join `rol` r1_1 on r1_1.`id`=r1_0.`role_id` where r1_0.`user_id`=?
2024-04-26 12:27:53.935 [http-nio-5000-exec-5] DEBUG org.hibernate.SQL.logStatement - select u1_0.`id`,u1_0.`city`,u1_0.`creation_date`,u1_0.`email`,u1_0.`image`,u1_0.`name`,u1_0.`password`,u1_0.`postal_code`,u1_0.`surname`,u1_0.`username` from `user` u1_0 where u1_0.`username`=?
2024-04-26 12:27:53.938 [http-nio-5000-exec-5] DEBUG org.hibernate.SQL.logStatement - select r1_0.`user_id`,r1_1.`id`,r1_1.`name` from `user_role` r1_0 join `rol` r1_1 on r1_1.`id`=r1_0.`role_id` where r1_0.`user_id`=?
2024-04-26 12:27:53.972 [http-nio-5000-exec-5] DEBUG org.hibernate.SQL.logStatement - select r1_0.`id`,r1_0.`comunidad_autonoma`,r1_0.`tipo_moto`,r1_0.`descripcion`,r1_0.`fecha_creacion`,r1_0.`imageurl`,r1_0.`titulo`,r1_0.`user_id` from `ruta` r1_0
2024-04-26 12:27:58.189 [http-nio-5000-exec-3] DEBUG org.hibernate.SQL.logStatement - select u1_0.`id`,u1_0.`city`,u1_0.`creation_date`,u1_0.`email`,u1_0.`image`,u1_0.`name`,u1_0.`password`,u1_0.`postal_code`,u1_0.`surname`,u1_0.`username` from `user` u1_0 where u1_0.`username`=?
2024-04-26 12:27:58.192 [http-nio-5000-exec-3] DEBUG org.hibernate.SQL.logStatement - select r1_0.`user_id`,r1_1.`id`,r1_1.`name` from `user_role` r1_0 join `rol` r1_1 on r1_1.`id`=r1_0.`role_id` where r1_0.`user_id`=?
2024-04-26 12:27:58.213 [http-nio-5000-exec-3] DEBUG org.hibernate.SQL.logStatement - select r1_0.`id`,r1_0.`comunidad_autonoma`,r1_0.`tipo_moto`,r1_0.`descripcion`,r1_0.`fecha_creacion`,r1_0.`imageurl`,r1_0.`titulo`,r1_0.`user_id` from `ruta` r1_0 where r1_0.`user_id`=?
2024-04-26 12:28:28.229 [http-nio-5000-exec-4] DEBUG org.hibernate.SQL.logStatement - select u1_0.`id`,u1_0.`city`,u1_0.`creation_date`,u1_0.`email`,u1_0.`image`,u1_0.`name`,u1_0.`password`,u1_0.`postal_code`,u1_0.`surname`,u1_0.`username` from `user` u1_0 where u1_0.`username`=?
2024-04-26 12:28:28.232 [http-nio-5000-exec-4] DEBUG org.hibernate.SQL.logStatement - select r1_0.`user_id`,r1_1.`id`,r1_1.`name` from `user_role` r1_0 join `rol` r1_1 on r1_1.`id`=r1_0.`role_id` where r1_0.`user_id`=?
2024-04-26 12:28:28.247 [http-nio-5000-exec-4] DEBUG org.hibernate.SQL.logStatement - select r1_0.`id`,r1_0.`comunidad_autonoma`,r1_0.`tipo_moto`,r1_0.`descripcion`,r1_0.`fecha_creacion`,r1_0.`imageurl`,r1_0.`titulo`,r1_0.`user_id` from `ruta` r1_0
2024-04-26 12:28:29.848 [http-nio-5000-exec-6] DEBUG org.hibernate.SQL.logStatement - select u1_0.`id`,u1_0.`city`,u1_0.`creation_date`,u1_0.`email`,u1_0.`image`,u1_0.`name`,u1_0.`password`,u1_0.`postal_code`,u1_0.`surname`,u1_0.`username` from `user` u1_0 where u1_0.`username`=?
2024-04-26 12:28:29.851 [http-nio-5000-exec-6] DEBUG org.hibernate.SQL.logStatement - select r1_0.`user_id`,r1_1.`id`,r1_1.`name` from `user_role` r1_0 join `rol` r1_1 on r1_1.`id`=r1_0.`role_id` where r1_0.`user_id`=?
2024-04-26 12:28:29.865 [http-nio-5000-exec-6] DEBUG org.hibernate.SQL.logStatement - select r1_0.`id`,r1_0.`comunidad_autonoma`,r1_0.`tipo_moto`,r1_0.`descripcion`,r1_0.`fecha_creacion`,r1_0.`imageurl`,r1_0.`titulo`,r1_0.`user_id` from `ruta` r1_0
2024-04-26 12:28:41.820 [http-nio-5000-exec-7] DEBUG org.hibernate.SQL.logStatement - select u1_0.`id`,u1_0.`city`,u1_0.`creation_date`,u1_0.`email`,u1_0.`image`,u1_0.`name`,u1_0.`password`,u1_0.`postal_code`,u1_0.`surname`,u1_0.`username` from `user` u1_0 where u1_0.`username`=?
2024-04-26 12:28:41.822 [http-nio-5000-exec-7] DEBUG org.hibernate.SQL.logStatement - select r1_0.`user_id`,r1_1.`id`,r1_1.`name` from `user_role` r1_0 join `rol` r1_1 on r1_1.`id`=r1_0.`role_id` where r1_0.`user_id`=?
2024-04-26 12:28:41.836 [http-nio-5000-exec-7] DEBUG org.hibernate.SQL.logStatement - select r1_0.`id`,r1_0.`comunidad_autonoma`,r1_0.`tipo_moto`,r1_0.`descripcion`,r1_0.`fecha_creacion`,r1_0.`imageurl`,r1_0.`titulo`,r1_0.`user_id` from `ruta` r1_0 where r1_0.`user_id`=?
2024-04-26 12:28:42.994 [http-nio-5000-exec-9] DEBUG org.hibernate.SQL.logStatement - select u1_0.`id`,u1_0.`city`,u1_0.`creation_date`,u1_0.`email`,u1_0.`image`,u1_0.`name`,u1_0.`password`,u1_0.`postal_code`,u1_0.`surname`,u1_0.`username` from `user` u1_0 where u1_0.`username`=?
2024-04-26 12:28:42.997 [http-nio-5000-exec-9] DEBUG org.hibernate.SQL.logStatement - select r1_0.`user_id`,r1_1.`id`,r1_1.`name` from `user_role` r1_0 join `rol` r1_1 on r1_1.`id`=r1_0.`role_id` where r1_0.`user_id`=?
2024-04-26 12:28:43.010 [http-nio-5000-exec-9] DEBUG org.hibernate.SQL.logStatement - select r1_0.`id`,r1_0.`comunidad_autonoma`,r1_0.`tipo_moto`,r1_0.`descripcion`,r1_0.`fecha_creacion`,r1_0.`imageurl`,r1_0.`titulo`,r1_0.`user_id` from `ruta` r1_0
2024-04-26 12:58:51.363 [http-nio-5000-exec-8] DEBUG org.hibernate.SQL.logStatement - select u1_0.`id`,u1_0.`city`,u1_0.`creation_date`,u1_0.`email`,u1_0.`image`,u1_0.`name`,u1_0.`password`,u1_0.`postal_code`,u1_0.`surname`,u1_0.`username` from `user` u1_0 where u1_0.`username`=?
2024-04-26 12:58:51.367 [http-nio-5000-exec-8] DEBUG org.hibernate.SQL.logStatement - select r1_0.`user_id`,r1_1.`id`,r1_1.`name` from `user_role` r1_0 join `rol` r1_1 on r1_1.`id`=r1_0.`role_id` where r1_0.`user_id`=?
2024-04-26 12:58:51.381 [http-nio-5000-exec-8] DEBUG org.hibernate.SQL.logStatement - select r1_0.`id`,r1_0.`comunidad_autonoma`,r1_0.`tipo_moto`,r1_0.`descripcion`,r1_0.`fecha_creacion`,r1_0.`imageurl`,r1_0.`titulo`,r1_0.`user_id` from `ruta` r1_0
2024-04-26 12:58:57.570 [http-nio-5000-exec-1] DEBUG org.hibernate.SQL.logStatement - select u1_0.`id`,u1_0.`city`,u1_0.`creation_date`,u1_0.`email`,u1_0.`image`,u1_0.`name`,u1_0.`password`,u1_0.`postal_code`,u1_0.`surname`,u1_0.`username` from `user` u1_0 where u1_0.`username`=?
2024-04-26 12:58:57.572 [http-nio-5000-exec-1] DEBUG org.hibernate.SQL.logStatement - select r1_0.`user_id`,r1_1.`id`,r1_1.`name` from `user_role` r1_0 join `rol` r1_1 on r1_1.`id`=r1_0.`role_id` where r1_0.`user_id`=?
2024-04-26 12:58:57.593 [http-nio-5000-exec-1] DEBUG org.hibernate.SQL.logStatement - select r1_0.`id`,r1_0.`comunidad_autonoma`,r1_0.`tipo_moto`,r1_0.`descripcion`,r1_0.`fecha_creacion`,r1_0.`imageurl`,r1_0.`titulo`,r1_0.`user_id` from `ruta` r1_0
2024-04-26 12:59:00.747 [http-nio-5000-exec-2] DEBUG org.hibernate.SQL.logStatement - select u1_0.`id`,u1_0.`city`,u1_0.`creation_date`,u1_0.`email`,u1_0.`image`,u1_0.`name`,u1_0.`password`,u1_0.`postal_code`,u1_0.`surname`,u1_0.`username` from `user` u1_0 where u1_0.`username`=?
2024-04-26 12:59:00.751 [http-nio-5000-exec-2] DEBUG org.hibernate.SQL.logStatement - select r1_0.`user_id`,r1_1.`id`,r1_1.`name` from `user_role` r1_0 join `rol` r1_1 on r1_1.`id`=r1_0.`role_id` where r1_0.`user_id`=?
2024-04-26 12:59:00.764 [http-nio-5000-exec-2] DEBUG org.hibernate.SQL.logStatement - select r1_0.`id`,r1_0.`comunidad_autonoma`,r1_0.`tipo_moto`,r1_0.`descripcion`,r1_0.`fecha_creacion`,r1_0.`imageurl`,r1_0.`titulo`,r1_0.`user_id` from `ruta` r1_0
2024-04-26 12:59:05.107 [http-nio-5000-exec-5] DEBUG org.hibernate.SQL.logStatement - select u1_0.`id`,u1_0.`city`,u1_0.`creation_date`,u1_0.`email`,u1_0.`image`,u1_0.`name`,u1_0.`password`,u1_0.`postal_code`,u1_0.`surname`,u1_0.`username` from `user` u1_0 where u1_0.`username`=?
2024-04-26 12:59:05.109 [http-nio-5000-exec-5] DEBUG org.hibernate.SQL.logStatement - select r1_0.`user_id`,r1_1.`id`,r1_1.`name` from `user_role` r1_0 join `rol` r1_1 on r1_1.`id`=r1_0.`role_id` where r1_0.`user_id`=?
2024-04-26 12:59:05.128 [http-nio-5000-exec-5] DEBUG org.hibernate.SQL.logStatement - select r1_0.`id`,r1_0.`comunidad_autonoma`,r1_0.`tipo_moto`,r1_0.`descripcion`,r1_0.`fecha_creacion`,r1_0.`imageurl`,r1_0.`titulo`,r1_0.`user_id` from `ruta` r1_0 where r1_0.`user_id`=?
2024-04-26 12:59:06.433 [http-nio-5000-exec-3] DEBUG org.hibernate.SQL.logStatement - select u1_0.`id`,u1_0.`city`,u1_0.`creation_date`,u1_0.`email`,u1_0.`image`,u1_0.`name`,u1_0.`password`,u1_0.`postal_code`,u1_0.`surname`,u1_0.`username` from `user` u1_0 where u1_0.`username`=?
2024-04-26 12:59:06.436 [http-nio-5000-exec-3] DEBUG org.hibernate.SQL.logStatement - select r1_0.`user_id`,r1_1.`id`,r1_1.`name` from `user_role` r1_0 join `rol` r1_1 on r1_1.`id`=r1_0.`role_id` where r1_0.`user_id`=?
2024-04-26 12:59:06.450 [http-nio-5000-exec-3] DEBUG org.hibernate.SQL.logStatement - select r1_0.`id`,r1_0.`comunidad_autonoma`,r1_0.`tipo_moto`,r1_0.`descripcion`,r1_0.`fecha_creacion`,r1_0.`imageurl`,r1_0.`titulo`,r1_0.`user_id` from `ruta` r1_0
2024-04-26 12:59:07.923 [http-nio-5000-exec-4] DEBUG org.hibernate.SQL.logStatement - select u1_0.`id`,u1_0.`city`,u1_0.`creation_date`,u1_0.`email`,u1_0.`image`,u1_0.`name`,u1_0.`password`,u1_0.`postal_code`,u1_0.`surname`,u1_0.`username` from `user` u1_0 where u1_0.`username`=?
2024-04-26 12:59:07.926 [http-nio-5000-exec-4] DEBUG org.hibernate.SQL.logStatement - select r1_0.`user_id`,r1_1.`id`,r1_1.`name` from `user_role` r1_0 join `rol` r1_1 on r1_1.`id`=r1_0.`role_id` where r1_0.`user_id`=?
2024-04-26 12:59:07.940 [http-nio-5000-exec-4] DEBUG org.hibernate.SQL.logStatement - select r1_0.`id`,r1_0.`comunidad_autonoma`,r1_0.`tipo_moto`,r1_0.`descripcion`,r1_0.`fecha_creacion`,r1_0.`imageurl`,r1_0.`titulo`,r1_0.`user_id` from `ruta` r1_0
2024-04-26 12:59:18.224 [http-nio-5000-exec-6] DEBUG org.hibernate.SQL.logStatement - select u1_0.`id`,u1_0.`city`,u1_0.`creation_date`,u1_0.`email`,u1_0.`image`,u1_0.`name`,u1_0.`password`,u1_0.`postal_code`,u1_0.`surname`,u1_0.`username` from `user` u1_0 where u1_0.`username`=?
2024-04-26 12:59:18.227 [http-nio-5000-exec-6] DEBUG org.hibernate.SQL.logStatement - select r1_0.`user_id`,r1_1.`id`,r1_1.`name` from `user_role` r1_0 join `rol` r1_1 on r1_1.`id`=r1_0.`role_id` where r1_0.`user_id`=?
2024-04-26 12:59:18.242 [http-nio-5000-exec-6] DEBUG org.hibernate.SQL.logStatement - select r1_0.`id`,r1_0.`comunidad_autonoma`,r1_0.`tipo_moto`,r1_0.`descripcion`,r1_0.`fecha_creacion`,r1_0.`imageurl`,r1_0.`titulo`,r1_0.`user_id` from `ruta` r1_0
2024-04-26 12:59:24.517 [http-nio-5000-exec-7] DEBUG org.hibernate.SQL.logStatement - select u1_0.`id`,u1_0.`city`,u1_0.`creation_date`,u1_0.`email`,u1_0.`image`,u1_0.`name`,u1_0.`password`,u1_0.`postal_code`,u1_0.`surname`,u1_0.`username` from `user` u1_0 where u1_0.`username`=?
2024-04-26 12:59:24.519 [http-nio-5000-exec-7] DEBUG org.hibernate.SQL.logStatement - select r1_0.`user_id`,r1_1.`id`,r1_1.`name` from `user_role` r1_0 join `rol` r1_1 on r1_1.`id`=r1_0.`role_id` where r1_0.`user_id`=?
2024-04-26 12:59:24.535 [http-nio-5000-exec-7] DEBUG org.hibernate.SQL.logStatement - select r1_0.`id`,r1_0.`comunidad_autonoma`,r1_0.`tipo_moto`,r1_0.`descripcion`,r1_0.`fecha_creacion`,r1_0.`imageurl`,r1_0.`titulo`,r1_0.`user_id` from `ruta` r1_0 where r1_0.`user_id`=?
2024-04-26 12:59:28.174 [http-nio-5000-exec-9] DEBUG org.hibernate.SQL.logStatement - select u1_0.`id`,u1_0.`city`,u1_0.`creation_date`,u1_0.`email`,u1_0.`image`,u1_0.`name`,u1_0.`password`,u1_0.`postal_code`,u1_0.`surname`,u1_0.`username` from `user` u1_0 where u1_0.`username`=?
2024-04-26 12:59:28.176 [http-nio-5000-exec-9] DEBUG org.hibernate.SQL.logStatement - select r1_0.`user_id`,r1_1.`id`,r1_1.`name` from `user_role` r1_0 join `rol` r1_1 on r1_1.`id`=r1_0.`role_id` where r1_0.`user_id`=?
2024-04-26 12:59:28.203 [http-nio-5000-exec-9] DEBUG org.hibernate.SQL.logStatement - select r1_0.`id`,r1_0.`comunidad_autonoma`,r1_0.`tipo_moto`,r1_0.`descripcion`,r1_0.`fecha_creacion`,r1_0.`imageurl`,r1_0.`titulo`,r1_0.`user_id` from `ruta` r1_0 where r1_0.`id`=?
2024-04-26 12:59:28.237 [http-nio-5000-exec-9] DEBUG org.hibernate.SQL.logStatement - delete from `ruta` where `id`=?
2024-04-26 12:59:28.251 [http-nio-5000-exec-9] INFO  c.e.R.c.RutasMoterasController.deleteRuta - Mecanico borrado correctamente: 47
2024-04-26 12:59:31.117 [http-nio-5000-exec-10] DEBUG org.hibernate.SQL.logStatement - select u1_0.`id`,u1_0.`city`,u1_0.`creation_date`,u1_0.`email`,u1_0.`image`,u1_0.`name`,u1_0.`password`,u1_0.`postal_code`,u1_0.`surname`,u1_0.`username` from `user` u1_0 where u1_0.`username`=?
2024-04-26 12:59:31.121 [http-nio-5000-exec-10] DEBUG org.hibernate.SQL.logStatement - select r1_0.`user_id`,r1_1.`id`,r1_1.`name` from `user_role` r1_0 join `rol` r1_1 on r1_1.`id`=r1_0.`role_id` where r1_0.`user_id`=?
2024-04-26 12:59:31.133 [http-nio-5000-exec-10] DEBUG org.hibernate.SQL.logStatement - select r1_0.`id`,r1_0.`comunidad_autonoma`,r1_0.`tipo_moto`,r1_0.`descripcion`,r1_0.`fecha_creacion`,r1_0.`imageurl`,r1_0.`titulo`,r1_0.`user_id` from `ruta` r1_0 where r1_0.`id`=?
2024-04-26 12:59:31.136 [http-nio-5000-exec-10] DEBUG org.hibernate.SQL.logStatement - delete from `ruta` where `id`=?
2024-04-26 12:59:31.140 [http-nio-5000-exec-10] INFO  c.e.R.c.RutasMoterasController.deleteRuta - Mecanico borrado correctamente: 46
2024-04-26 12:59:32.200 [http-nio-5000-exec-8] DEBUG org.hibernate.SQL.logStatement - select u1_0.`id`,u1_0.`city`,u1_0.`creation_date`,u1_0.`email`,u1_0.`image`,u1_0.`name`,u1_0.`password`,u1_0.`postal_code`,u1_0.`surname`,u1_0.`username` from `user` u1_0 where u1_0.`username`=?
2024-04-26 12:59:32.203 [http-nio-5000-exec-8] DEBUG org.hibernate.SQL.logStatement - select r1_0.`user_id`,r1_1.`id`,r1_1.`name` from `user_role` r1_0 join `rol` r1_1 on r1_1.`id`=r1_0.`role_id` where r1_0.`user_id`=?
2024-04-26 12:59:32.211 [http-nio-5000-exec-8] DEBUG org.hibernate.SQL.logStatement - select r1_0.`id`,r1_0.`comunidad_autonoma`,r1_0.`tipo_moto`,r1_0.`descripcion`,r1_0.`fecha_creacion`,r1_0.`imageurl`,r1_0.`titulo`,r1_0.`user_id` from `ruta` r1_0
2024-04-26 12:59:36.373 [http-nio-5000-exec-1] DEBUG org.hibernate.SQL.logStatement - select u1_0.`id`,u1_0.`city`,u1_0.`creation_date`,u1_0.`email`,u1_0.`image`,u1_0.`name`,u1_0.`password`,u1_0.`postal_code`,u1_0.`surname`,u1_0.`username` from `user` u1_0 where u1_0.`username`=?
2024-04-26 12:59:36.375 [http-nio-5000-exec-1] DEBUG org.hibernate.SQL.logStatement - select r1_0.`user_id`,r1_1.`id`,r1_1.`name` from `user_role` r1_0 join `rol` r1_1 on r1_1.`id`=r1_0.`role_id` where r1_0.`user_id`=?
2024-04-26 12:59:36.384 [http-nio-5000-exec-1] DEBUG org.hibernate.SQL.logStatement - select r1_0.`id`,r1_0.`comunidad_autonoma`,r1_0.`tipo_moto`,r1_0.`descripcion`,r1_0.`fecha_creacion`,r1_0.`imageurl`,r1_0.`titulo`,r1_0.`user_id` from `ruta` r1_0 where r1_0.`user_id`=?
2024-04-26 12:59:39.633 [http-nio-5000-exec-2] DEBUG org.hibernate.SQL.logStatement - select u1_0.`id`,u1_0.`city`,u1_0.`creation_date`,u1_0.`email`,u1_0.`image`,u1_0.`name`,u1_0.`password`,u1_0.`postal_code`,u1_0.`surname`,u1_0.`username` from `user` u1_0 where u1_0.`username`=?
2024-04-26 12:59:39.636 [http-nio-5000-exec-2] DEBUG org.hibernate.SQL.logStatement - select r1_0.`user_id`,r1_1.`id`,r1_1.`name` from `user_role` r1_0 join `rol` r1_1 on r1_1.`id`=r1_0.`role_id` where r1_0.`user_id`=?
2024-04-26 12:59:39.650 [http-nio-5000-exec-2] DEBUG org.hibernate.SQL.logStatement - select r1_0.`id`,r1_0.`comunidad_autonoma`,r1_0.`tipo_moto`,r1_0.`descripcion`,r1_0.`fecha_creacion`,r1_0.`imageurl`,r1_0.`titulo`,r1_0.`user_id` from `ruta` r1_0 where r1_0.`id`=?
2024-04-26 12:59:39.653 [http-nio-5000-exec-2] DEBUG org.hibernate.SQL.logStatement - delete from `ruta` where `id`=?
2024-04-26 12:59:39.658 [http-nio-5000-exec-2] INFO  c.e.R.c.RutasMoterasController.deleteRuta - Mecanico borrado correctamente: 21
2024-04-26 12:59:40.511 [http-nio-5000-exec-5] DEBUG org.hibernate.SQL.logStatement - select u1_0.`id`,u1_0.`city`,u1_0.`creation_date`,u1_0.`email`,u1_0.`image`,u1_0.`name`,u1_0.`password`,u1_0.`postal_code`,u1_0.`surname`,u1_0.`username` from `user` u1_0 where u1_0.`username`=?
2024-04-26 12:59:40.515 [http-nio-5000-exec-5] DEBUG org.hibernate.SQL.logStatement - select r1_0.`user_id`,r1_1.`id`,r1_1.`name` from `user_role` r1_0 join `rol` r1_1 on r1_1.`id`=r1_0.`role_id` where r1_0.`user_id`=?
2024-04-26 12:59:40.526 [http-nio-5000-exec-5] DEBUG org.hibernate.SQL.logStatement - select r1_0.`id`,r1_0.`comunidad_autonoma`,r1_0.`tipo_moto`,r1_0.`descripcion`,r1_0.`fecha_creacion`,r1_0.`imageurl`,r1_0.`titulo`,r1_0.`user_id` from `ruta` r1_0
2024-04-26 12:59:57.800 [http-nio-5000-exec-3] DEBUG org.hibernate.SQL.logStatement - select u1_0.`id`,u1_0.`city`,u1_0.`creation_date`,u1_0.`email`,u1_0.`image`,u1_0.`name`,u1_0.`password`,u1_0.`postal_code`,u1_0.`surname`,u1_0.`username` from `user` u1_0 where u1_0.`username`=?
2024-04-26 12:59:57.802 [http-nio-5000-exec-3] DEBUG org.hibernate.SQL.logStatement - select r1_0.`user_id`,r1_1.`id`,r1_1.`name` from `user_role` r1_0 join `rol` r1_1 on r1_1.`id`=r1_0.`role_id` where r1_0.`user_id`=?
2024-04-26 12:59:57.812 [http-nio-5000-exec-3] DEBUG org.hibernate.SQL.logStatement - select r1_0.`id`,r1_0.`comunidad_autonoma`,r1_0.`tipo_moto`,r1_0.`descripcion`,r1_0.`fecha_creacion`,r1_0.`imageurl`,r1_0.`titulo`,r1_0.`user_id` from `ruta` r1_0 where r1_0.`id`=?
2024-04-26 12:59:59.708 [http-nio-5000-exec-4] DEBUG org.hibernate.SQL.logStatement - select u1_0.`id`,u1_0.`city`,u1_0.`creation_date`,u1_0.`email`,u1_0.`image`,u1_0.`name`,u1_0.`password`,u1_0.`postal_code`,u1_0.`surname`,u1_0.`username` from `user` u1_0 where u1_0.`username`=?
2024-04-26 12:59:59.710 [http-nio-5000-exec-4] DEBUG org.hibernate.SQL.logStatement - select r1_0.`user_id`,r1_1.`id`,r1_1.`name` from `user_role` r1_0 join `rol` r1_1 on r1_1.`id`=r1_0.`role_id` where r1_0.`user_id`=?
2024-04-26 12:59:59.723 [http-nio-5000-exec-4] DEBUG org.hibernate.SQL.logStatement - select r1_0.`id`,r1_0.`comunidad_autonoma`,r1_0.`tipo_moto`,r1_0.`descripcion`,r1_0.`fecha_creacion`,r1_0.`imageurl`,r1_0.`titulo`,r1_0.`user_id` from `ruta` r1_0 where r1_0.`user_id`=?
2024-04-26 12:59:59.783 [http-nio-5000-exec-6] DEBUG org.hibernate.SQL.logStatement - select u1_0.`id`,u1_0.`city`,u1_0.`creation_date`,u1_0.`email`,u1_0.`image`,u1_0.`name`,u1_0.`password`,u1_0.`postal_code`,u1_0.`surname`,u1_0.`username` from `user` u1_0 where u1_0.`username`=?
2024-04-26 12:59:59.784 [http-nio-5000-exec-6] DEBUG org.hibernate.SQL.logStatement - select r1_0.`user_id`,r1_1.`id`,r1_1.`name` from `user_role` r1_0 join `rol` r1_1 on r1_1.`id`=r1_0.`role_id` where r1_0.`user_id`=?
2024-04-26 12:59:59.798 [http-nio-5000-exec-6] DEBUG org.hibernate.SQL.logStatement - select u1_0.`id`,u1_0.`city`,u1_0.`creation_date`,u1_0.`email`,u1_0.`image`,u1_0.`name`,u1_0.`password`,u1_0.`postal_code`,u1_0.`surname`,u1_0.`username`,r1_0.`user_id`,r1_1.`id`,r1_1.`name` from `user` u1_0 left join `user_role` r1_0 on u1_0.`id`=r1_0.`user_id` left join `rol` r1_1 on r1_1.`id`=r1_0.`role_id` where u1_0.`id`=?
2024-04-26 13:00:02.687 [http-nio-5000-exec-7] DEBUG org.hibernate.SQL.logStatement - select u1_0.`id`,u1_0.`city`,u1_0.`creation_date`,u1_0.`email`,u1_0.`image`,u1_0.`name`,u1_0.`password`,u1_0.`postal_code`,u1_0.`surname`,u1_0.`username` from `user` u1_0 where u1_0.`username`=?
2024-04-26 13:00:02.689 [http-nio-5000-exec-7] DEBUG org.hibernate.SQL.logStatement - select r1_0.`user_id`,r1_1.`id`,r1_1.`name` from `user_role` r1_0 join `rol` r1_1 on r1_1.`id`=r1_0.`role_id` where r1_0.`user_id`=?
2024-04-26 13:00:02.702 [http-nio-5000-exec-7] DEBUG org.hibernate.SQL.logStatement - select r1_0.`id`,r1_0.`comunidad_autonoma`,r1_0.`tipo_moto`,r1_0.`descripcion`,r1_0.`fecha_creacion`,r1_0.`imageurl`,r1_0.`titulo`,r1_0.`user_id` from `ruta` r1_0 where r1_0.`id`=?
2024-04-26 13:00:03.316 [http-nio-5000-exec-9] DEBUG org.hibernate.SQL.logStatement - select u1_0.`id`,u1_0.`city`,u1_0.`creation_date`,u1_0.`email`,u1_0.`image`,u1_0.`name`,u1_0.`password`,u1_0.`postal_code`,u1_0.`surname`,u1_0.`username` from `user` u1_0 where u1_0.`username`=?
2024-04-26 13:00:03.318 [http-nio-5000-exec-9] DEBUG org.hibernate.SQL.logStatement - select r1_0.`user_id`,r1_1.`id`,r1_1.`name` from `user_role` r1_0 join `rol` r1_1 on r1_1.`id`=r1_0.`role_id` where r1_0.`user_id`=?
2024-04-26 13:00:03.336 [http-nio-5000-exec-9] DEBUG org.hibernate.SQL.logStatement - select r1_0.`id`,r1_0.`comunidad_autonoma`,r1_0.`tipo_moto`,r1_0.`descripcion`,r1_0.`fecha_creacion`,r1_0.`imageurl`,r1_0.`titulo`,r1_0.`user_id` from `ruta` r1_0 where r1_0.`user_id`=?
2024-04-26 13:00:03.428 [http-nio-5000-exec-10] DEBUG org.hibernate.SQL.logStatement - select u1_0.`id`,u1_0.`city`,u1_0.`creation_date`,u1_0.`email`,u1_0.`image`,u1_0.`name`,u1_0.`password`,u1_0.`postal_code`,u1_0.`surname`,u1_0.`username` from `user` u1_0 where u1_0.`username`=?
2024-04-26 13:00:03.433 [http-nio-5000-exec-10] DEBUG org.hibernate.SQL.logStatement - select r1_0.`user_id`,r1_1.`id`,r1_1.`name` from `user_role` r1_0 join `rol` r1_1 on r1_1.`id`=r1_0.`role_id` where r1_0.`user_id`=?
2024-04-26 13:00:03.444 [http-nio-5000-exec-10] DEBUG org.hibernate.SQL.logStatement - select u1_0.`id`,u1_0.`city`,u1_0.`creation_date`,u1_0.`email`,u1_0.`image`,u1_0.`name`,u1_0.`password`,u1_0.`postal_code`,u1_0.`surname`,u1_0.`username`,r1_0.`user_id`,r1_1.`id`,r1_1.`name` from `user` u1_0 left join `user_role` r1_0 on u1_0.`id`=r1_0.`user_id` left join `rol` r1_1 on r1_1.`id`=r1_0.`role_id` where u1_0.`id`=?
2024-04-26 13:00:03.878 [http-nio-5000-exec-8] DEBUG org.hibernate.SQL.logStatement - select u1_0.`id`,u1_0.`city`,u1_0.`creation_date`,u1_0.`email`,u1_0.`image`,u1_0.`name`,u1_0.`password`,u1_0.`postal_code`,u1_0.`surname`,u1_0.`username` from `user` u1_0 where u1_0.`username`=?
2024-04-26 13:00:03.882 [http-nio-5000-exec-8] DEBUG org.hibernate.SQL.logStatement - select r1_0.`user_id`,r1_1.`id`,r1_1.`name` from `user_role` r1_0 join `rol` r1_1 on r1_1.`id`=r1_0.`role_id` where r1_0.`user_id`=?
2024-04-26 13:00:03.892 [http-nio-5000-exec-8] DEBUG org.hibernate.SQL.logStatement - select r1_0.`id`,r1_0.`comunidad_autonoma`,r1_0.`tipo_moto`,r1_0.`descripcion`,r1_0.`fecha_creacion`,r1_0.`imageurl`,r1_0.`titulo`,r1_0.`user_id` from `ruta` r1_0 where r1_0.`id`=?
2024-04-26 13:00:04.362 [http-nio-5000-exec-1] DEBUG org.hibernate.SQL.logStatement - select u1_0.`id`,u1_0.`city`,u1_0.`creation_date`,u1_0.`email`,u1_0.`image`,u1_0.`name`,u1_0.`password`,u1_0.`postal_code`,u1_0.`surname`,u1_0.`username` from `user` u1_0 where u1_0.`username`=?
2024-04-26 13:00:04.365 [http-nio-5000-exec-1] DEBUG org.hibernate.SQL.logStatement - select r1_0.`user_id`,r1_1.`id`,r1_1.`name` from `user_role` r1_0 join `rol` r1_1 on r1_1.`id`=r1_0.`role_id` where r1_0.`user_id`=?
2024-04-26 13:00:04.377 [http-nio-5000-exec-1] DEBUG org.hibernate.SQL.logStatement - select r1_0.`id`,r1_0.`comunidad_autonoma`,r1_0.`tipo_moto`,r1_0.`descripcion`,r1_0.`fecha_creacion`,r1_0.`imageurl`,r1_0.`titulo`,r1_0.`user_id` from `ruta` r1_0 where r1_0.`user_id`=?
2024-04-26 13:00:04.452 [http-nio-5000-exec-2] DEBUG org.hibernate.SQL.logStatement - select u1_0.`id`,u1_0.`city`,u1_0.`creation_date`,u1_0.`email`,u1_0.`image`,u1_0.`name`,u1_0.`password`,u1_0.`postal_code`,u1_0.`surname`,u1_0.`username` from `user` u1_0 where u1_0.`username`=?
2024-04-26 13:00:04.456 [http-nio-5000-exec-2] DEBUG org.hibernate.SQL.logStatement - select r1_0.`user_id`,r1_1.`id`,r1_1.`name` from `user_role` r1_0 join `rol` r1_1 on r1_1.`id`=r1_0.`role_id` where r1_0.`user_id`=?
2024-04-26 13:00:04.469 [http-nio-5000-exec-2] DEBUG org.hibernate.SQL.logStatement - select u1_0.`id`,u1_0.`city`,u1_0.`creation_date`,u1_0.`email`,u1_0.`image`,u1_0.`name`,u1_0.`password`,u1_0.`postal_code`,u1_0.`surname`,u1_0.`username`,r1_0.`user_id`,r1_1.`id`,r1_1.`name` from `user` u1_0 left join `user_role` r1_0 on u1_0.`id`=r1_0.`user_id` left join `rol` r1_1 on r1_1.`id`=r1_0.`role_id` where u1_0.`id`=?
2024-04-26 13:00:04.932 [http-nio-5000-exec-5] DEBUG org.hibernate.SQL.logStatement - select u1_0.`id`,u1_0.`city`,u1_0.`creation_date`,u1_0.`email`,u1_0.`image`,u1_0.`name`,u1_0.`password`,u1_0.`postal_code`,u1_0.`surname`,u1_0.`username` from `user` u1_0 where u1_0.`username`=?
2024-04-26 13:00:04.935 [http-nio-5000-exec-5] DEBUG org.hibernate.SQL.logStatement - select r1_0.`user_id`,r1_1.`id`,r1_1.`name` from `user_role` r1_0 join `rol` r1_1 on r1_1.`id`=r1_0.`role_id` where r1_0.`user_id`=?
2024-04-26 13:00:04.943 [http-nio-5000-exec-5] DEBUG org.hibernate.SQL.logStatement - select r1_0.`id`,r1_0.`comunidad_autonoma`,r1_0.`tipo_moto`,r1_0.`descripcion`,r1_0.`fecha_creacion`,r1_0.`imageurl`,r1_0.`titulo`,r1_0.`user_id` from `ruta` r1_0 where r1_0.`id`=?
2024-04-26 13:00:05.439 [http-nio-5000-exec-3] DEBUG org.hibernate.SQL.logStatement - select u1_0.`id`,u1_0.`city`,u1_0.`creation_date`,u1_0.`email`,u1_0.`image`,u1_0.`name`,u1_0.`password`,u1_0.`postal_code`,u1_0.`surname`,u1_0.`username` from `user` u1_0 where u1_0.`username`=?
2024-04-26 13:00:05.441 [http-nio-5000-exec-3] DEBUG org.hibernate.SQL.logStatement - select r1_0.`user_id`,r1_1.`id`,r1_1.`name` from `user_role` r1_0 join `rol` r1_1 on r1_1.`id`=r1_0.`role_id` where r1_0.`user_id`=?
2024-04-26 13:00:05.457 [http-nio-5000-exec-3] DEBUG org.hibernate.SQL.logStatement - select r1_0.`id`,r1_0.`comunidad_autonoma`,r1_0.`tipo_moto`,r1_0.`descripcion`,r1_0.`fecha_creacion`,r1_0.`imageurl`,r1_0.`titulo`,r1_0.`user_id` from `ruta` r1_0 where r1_0.`user_id`=?
2024-04-26 13:00:05.507 [http-nio-5000-exec-4] DEBUG org.hibernate.SQL.logStatement - select u1_0.`id`,u1_0.`city`,u1_0.`creation_date`,u1_0.`email`,u1_0.`image`,u1_0.`name`,u1_0.`password`,u1_0.`postal_code`,u1_0.`surname`,u1_0.`username` from `user` u1_0 where u1_0.`username`=?
2024-04-26 13:00:05.510 [http-nio-5000-exec-4] DEBUG org.hibernate.SQL.logStatement - select r1_0.`user_id`,r1_1.`id`,r1_1.`name` from `user_role` r1_0 join `rol` r1_1 on r1_1.`id`=r1_0.`role_id` where r1_0.`user_id`=?
2024-04-26 13:00:05.523 [http-nio-5000-exec-4] DEBUG org.hibernate.SQL.logStatement - select u1_0.`id`,u1_0.`city`,u1_0.`creation_date`,u1_0.`email`,u1_0.`image`,u1_0.`name`,u1_0.`password`,u1_0.`postal_code`,u1_0.`surname`,u1_0.`username`,r1_0.`user_id`,r1_1.`id`,r1_1.`name` from `user` u1_0 left join `user_role` r1_0 on u1_0.`id`=r1_0.`user_id` left join `rol` r1_1 on r1_1.`id`=r1_0.`role_id` where u1_0.`id`=?
2024-04-26 13:00:17.109 [http-nio-5000-exec-6] DEBUG org.hibernate.SQL.logStatement - select u1_0.`id`,u1_0.`city`,u1_0.`creation_date`,u1_0.`email`,u1_0.`image`,u1_0.`name`,u1_0.`password`,u1_0.`postal_code`,u1_0.`surname`,u1_0.`username` from `user` u1_0 where u1_0.`username`=?
2024-04-26 13:00:17.111 [http-nio-5000-exec-6] DEBUG org.hibernate.SQL.logStatement - select r1_0.`user_id`,r1_1.`id`,r1_1.`name` from `user_role` r1_0 join `rol` r1_1 on r1_1.`id`=r1_0.`role_id` where r1_0.`user_id`=?
2024-04-26 13:00:17.123 [http-nio-5000-exec-6] DEBUG org.hibernate.SQL.logStatement - select r1_0.`id`,r1_0.`comunidad_autonoma`,r1_0.`tipo_moto`,r1_0.`descripcion`,r1_0.`fecha_creacion`,r1_0.`imageurl`,r1_0.`titulo`,r1_0.`user_id` from `ruta` r1_0 where r1_0.`id`=?
2024-04-26 13:00:18.874 [http-nio-5000-exec-7] DEBUG org.hibernate.SQL.logStatement - select u1_0.`id`,u1_0.`city`,u1_0.`creation_date`,u1_0.`email`,u1_0.`image`,u1_0.`name`,u1_0.`password`,u1_0.`postal_code`,u1_0.`surname`,u1_0.`username` from `user` u1_0 where u1_0.`username`=?
2024-04-26 13:00:18.876 [http-nio-5000-exec-7] DEBUG org.hibernate.SQL.logStatement - select r1_0.`user_id`,r1_1.`id`,r1_1.`name` from `user_role` r1_0 join `rol` r1_1 on r1_1.`id`=r1_0.`role_id` where r1_0.`user_id`=?
2024-04-26 13:00:18.888 [http-nio-5000-exec-7] DEBUG org.hibernate.SQL.logStatement - select r1_0.`id`,r1_0.`comunidad_autonoma`,r1_0.`tipo_moto`,r1_0.`descripcion`,r1_0.`fecha_creacion`,r1_0.`imageurl`,r1_0.`titulo`,r1_0.`user_id` from `ruta` r1_0 where r1_0.`user_id`=?
2024-04-26 13:00:18.951 [http-nio-5000-exec-9] DEBUG org.hibernate.SQL.logStatement - select u1_0.`id`,u1_0.`city`,u1_0.`creation_date`,u1_0.`email`,u1_0.`image`,u1_0.`name`,u1_0.`password`,u1_0.`postal_code`,u1_0.`surname`,u1_0.`username` from `user` u1_0 where u1_0.`username`=?
2024-04-26 13:00:18.955 [http-nio-5000-exec-9] DEBUG org.hibernate.SQL.logStatement - select r1_0.`user_id`,r1_1.`id`,r1_1.`name` from `user_role` r1_0 join `rol` r1_1 on r1_1.`id`=r1_0.`role_id` where r1_0.`user_id`=?
2024-04-26 13:00:18.970 [http-nio-5000-exec-9] DEBUG org.hibernate.SQL.logStatement - select u1_0.`id`,u1_0.`city`,u1_0.`creation_date`,u1_0.`email`,u1_0.`image`,u1_0.`name`,u1_0.`password`,u1_0.`postal_code`,u1_0.`surname`,u1_0.`username`,r1_0.`user_id`,r1_1.`id`,r1_1.`name` from `user` u1_0 left join `user_role` r1_0 on u1_0.`id`=r1_0.`user_id` left join `rol` r1_1 on r1_1.`id`=r1_0.`role_id` where u1_0.`id`=?
2024-04-26 13:00:19.717 [http-nio-5000-exec-10] DEBUG org.hibernate.SQL.logStatement - select u1_0.`id`,u1_0.`city`,u1_0.`creation_date`,u1_0.`email`,u1_0.`image`,u1_0.`name`,u1_0.`password`,u1_0.`postal_code`,u1_0.`surname`,u1_0.`username` from `user` u1_0 where u1_0.`username`=?
2024-04-26 13:00:19.720 [http-nio-5000-exec-10] DEBUG org.hibernate.SQL.logStatement - select r1_0.`user_id`,r1_1.`id`,r1_1.`name` from `user_role` r1_0 join `rol` r1_1 on r1_1.`id`=r1_0.`role_id` where r1_0.`user_id`=?
2024-04-26 13:00:19.732 [http-nio-5000-exec-10] DEBUG org.hibernate.SQL.logStatement - select r1_0.`id`,r1_0.`comunidad_autonoma`,r1_0.`tipo_moto`,r1_0.`descripcion`,r1_0.`fecha_creacion`,r1_0.`imageurl`,r1_0.`titulo`,r1_0.`user_id` from `ruta` r1_0 where r1_0.`id`=?
2024-04-26 13:00:20.975 [http-nio-5000-exec-8] DEBUG org.hibernate.SQL.logStatement - select u1_0.`id`,u1_0.`city`,u1_0.`creation_date`,u1_0.`email`,u1_0.`image`,u1_0.`name`,u1_0.`password`,u1_0.`postal_code`,u1_0.`surname`,u1_0.`username` from `user` u1_0 where u1_0.`username`=?
2024-04-26 13:00:20.977 [http-nio-5000-exec-8] DEBUG org.hibernate.SQL.logStatement - select r1_0.`user_id`,r1_1.`id`,r1_1.`name` from `user_role` r1_0 join `rol` r1_1 on r1_1.`id`=r1_0.`role_id` where r1_0.`user_id`=?
2024-04-26 13:00:20.989 [http-nio-5000-exec-8] DEBUG org.hibernate.SQL.logStatement - select r1_0.`id`,r1_0.`comunidad_autonoma`,r1_0.`tipo_moto`,r1_0.`descripcion`,r1_0.`fecha_creacion`,r1_0.`imageurl`,r1_0.`titulo`,r1_0.`user_id` from `ruta` r1_0 where r1_0.`user_id`=?
2024-04-26 13:00:21.028 [http-nio-5000-exec-1] DEBUG org.hibernate.SQL.logStatement - select u1_0.`id`,u1_0.`city`,u1_0.`creation_date`,u1_0.`email`,u1_0.`image`,u1_0.`name`,u1_0.`password`,u1_0.`postal_code`,u1_0.`surname`,u1_0.`username` from `user` u1_0 where u1_0.`username`=?
2024-04-26 13:00:21.032 [http-nio-5000-exec-1] DEBUG org.hibernate.SQL.logStatement - select r1_0.`user_id`,r1_1.`id`,r1_1.`name` from `user_role` r1_0 join `rol` r1_1 on r1_1.`id`=r1_0.`role_id` where r1_0.`user_id`=?
2024-04-26 13:00:21.043 [http-nio-5000-exec-1] DEBUG org.hibernate.SQL.logStatement - select u1_0.`id`,u1_0.`city`,u1_0.`creation_date`,u1_0.`email`,u1_0.`image`,u1_0.`name`,u1_0.`password`,u1_0.`postal_code`,u1_0.`surname`,u1_0.`username`,r1_0.`user_id`,r1_1.`id`,r1_1.`name` from `user` u1_0 left join `user_role` r1_0 on u1_0.`id`=r1_0.`user_id` left join `rol` r1_1 on r1_1.`id`=r1_0.`role_id` where u1_0.`id`=?
2024-04-26 13:00:26.976 [http-nio-5000-exec-2] DEBUG org.hibernate.SQL.logStatement - select u1_0.`id`,u1_0.`city`,u1_0.`creation_date`,u1_0.`email`,u1_0.`image`,u1_0.`name`,u1_0.`password`,u1_0.`postal_code`,u1_0.`surname`,u1_0.`username` from `user` u1_0 where u1_0.`username`=?
2024-04-26 13:00:26.978 [http-nio-5000-exec-2] DEBUG org.hibernate.SQL.logStatement - select r1_0.`user_id`,r1_1.`id`,r1_1.`name` from `user_role` r1_0 join `rol` r1_1 on r1_1.`id`=r1_0.`role_id` where r1_0.`user_id`=?
2024-04-26 13:00:26.984 [http-nio-5000-exec-2] DEBUG org.hibernate.SQL.logStatement - select r1_0.`id`,r1_0.`comunidad_autonoma`,r1_0.`tipo_moto`,r1_0.`descripcion`,r1_0.`fecha_creacion`,r1_0.`imageurl`,r1_0.`titulo`,r1_0.`user_id` from `ruta` r1_0
2024-04-26 13:00:27.654 [http-nio-5000-exec-5] DEBUG org.hibernate.SQL.logStatement - select u1_0.`id`,u1_0.`city`,u1_0.`creation_date`,u1_0.`email`,u1_0.`image`,u1_0.`name`,u1_0.`password`,u1_0.`postal_code`,u1_0.`surname`,u1_0.`username` from `user` u1_0 where u1_0.`username`=?
2024-04-26 13:00:27.657 [http-nio-5000-exec-5] DEBUG org.hibernate.SQL.logStatement - select r1_0.`user_id`,r1_1.`id`,r1_1.`name` from `user_role` r1_0 join `rol` r1_1 on r1_1.`id`=r1_0.`role_id` where r1_0.`user_id`=?
2024-04-26 13:00:27.668 [http-nio-5000-exec-5] DEBUG org.hibernate.SQL.logStatement - select r1_0.`id`,r1_0.`comunidad_autonoma`,r1_0.`tipo_moto`,r1_0.`descripcion`,r1_0.`fecha_creacion`,r1_0.`imageurl`,r1_0.`titulo`,r1_0.`user_id` from `ruta` r1_0 where r1_0.`id`=?
2024-04-26 13:00:45.813 [http-nio-5000-exec-3] DEBUG org.hibernate.SQL.logStatement - select u1_0.`id`,u1_0.`city`,u1_0.`creation_date`,u1_0.`email`,u1_0.`image`,u1_0.`name`,u1_0.`password`,u1_0.`postal_code`,u1_0.`surname`,u1_0.`username` from `user` u1_0 where u1_0.`username`=?
2024-04-26 13:00:45.817 [http-nio-5000-exec-3] DEBUG org.hibernate.SQL.logStatement - select r1_0.`user_id`,r1_1.`id`,r1_1.`name` from `user_role` r1_0 join `rol` r1_1 on r1_1.`id`=r1_0.`role_id` where r1_0.`user_id`=?
2024-04-26 13:00:45.828 [http-nio-5000-exec-3] DEBUG org.hibernate.SQL.logStatement - select r1_0.`id`,r1_0.`comunidad_autonoma`,r1_0.`tipo_moto`,r1_0.`descripcion`,r1_0.`fecha_creacion`,r1_0.`imageurl`,r1_0.`titulo`,r1_0.`user_id` from `ruta` r1_0 where r1_0.`id`=?
2024-04-26 13:00:47.043 [http-nio-5000-exec-4] DEBUG org.hibernate.SQL.logStatement - select u1_0.`id`,u1_0.`city`,u1_0.`creation_date`,u1_0.`email`,u1_0.`image`,u1_0.`name`,u1_0.`password`,u1_0.`postal_code`,u1_0.`surname`,u1_0.`username` from `user` u1_0 where u1_0.`username`=?
2024-04-26 13:00:47.046 [http-nio-5000-exec-4] DEBUG org.hibernate.SQL.logStatement - select r1_0.`user_id`,r1_1.`id`,r1_1.`name` from `user_role` r1_0 join `rol` r1_1 on r1_1.`id`=r1_0.`role_id` where r1_0.`user_id`=?
2024-04-26 13:00:47.059 [http-nio-5000-exec-4] DEBUG org.hibernate.SQL.logStatement - select r1_0.`id`,r1_0.`comunidad_autonoma`,r1_0.`tipo_moto`,r1_0.`descripcion`,r1_0.`fecha_creacion`,r1_0.`imageurl`,r1_0.`titulo`,r1_0.`user_id` from `ruta` r1_0 where r1_0.`user_id`=?
2024-04-26 13:00:47.111 [http-nio-5000-exec-6] DEBUG org.hibernate.SQL.logStatement - select u1_0.`id`,u1_0.`city`,u1_0.`creation_date`,u1_0.`email`,u1_0.`image`,u1_0.`name`,u1_0.`password`,u1_0.`postal_code`,u1_0.`surname`,u1_0.`username` from `user` u1_0 where u1_0.`username`=?
2024-04-26 13:00:47.113 [http-nio-5000-exec-6] DEBUG org.hibernate.SQL.logStatement - select r1_0.`user_id`,r1_1.`id`,r1_1.`name` from `user_role` r1_0 join `rol` r1_1 on r1_1.`id`=r1_0.`role_id` where r1_0.`user_id`=?
2024-04-26 13:00:47.124 [http-nio-5000-exec-6] DEBUG org.hibernate.SQL.logStatement - select u1_0.`id`,u1_0.`city`,u1_0.`creation_date`,u1_0.`email`,u1_0.`image`,u1_0.`name`,u1_0.`password`,u1_0.`postal_code`,u1_0.`surname`,u1_0.`username`,r1_0.`user_id`,r1_1.`id`,r1_1.`name` from `user` u1_0 left join `user_role` r1_0 on u1_0.`id`=r1_0.`user_id` left join `rol` r1_1 on r1_1.`id`=r1_0.`role_id` where u1_0.`id`=?
2024-04-26 13:00:47.837 [http-nio-5000-exec-7] DEBUG org.hibernate.SQL.logStatement - select u1_0.`id`,u1_0.`city`,u1_0.`creation_date`,u1_0.`email`,u1_0.`image`,u1_0.`name`,u1_0.`password`,u1_0.`postal_code`,u1_0.`surname`,u1_0.`username` from `user` u1_0 where u1_0.`username`=?
2024-04-26 13:00:47.838 [http-nio-5000-exec-7] DEBUG org.hibernate.SQL.logStatement - select r1_0.`user_id`,r1_1.`id`,r1_1.`name` from `user_role` r1_0 join `rol` r1_1 on r1_1.`id`=r1_0.`role_id` where r1_0.`user_id`=?
2024-04-26 13:00:47.847 [http-nio-5000-exec-7] DEBUG org.hibernate.SQL.logStatement - select r1_0.`id`,r1_0.`comunidad_autonoma`,r1_0.`tipo_moto`,r1_0.`descripcion`,r1_0.`fecha_creacion`,r1_0.`imageurl`,r1_0.`titulo`,r1_0.`user_id` from `ruta` r1_0 where r1_0.`id`=?
2024-04-26 13:00:48.469 [http-nio-5000-exec-9] DEBUG org.hibernate.SQL.logStatement - select u1_0.`id`,u1_0.`city`,u1_0.`creation_date`,u1_0.`email`,u1_0.`image`,u1_0.`name`,u1_0.`password`,u1_0.`postal_code`,u1_0.`surname`,u1_0.`username` from `user` u1_0 where u1_0.`username`=?
2024-04-26 13:00:48.471 [http-nio-5000-exec-9] DEBUG org.hibernate.SQL.logStatement - select r1_0.`user_id`,r1_1.`id`,r1_1.`name` from `user_role` r1_0 join `rol` r1_1 on r1_1.`id`=r1_0.`role_id` where r1_0.`user_id`=?
2024-04-26 13:00:48.478 [http-nio-5000-exec-9] DEBUG org.hibernate.SQL.logStatement - select r1_0.`id`,r1_0.`comunidad_autonoma`,r1_0.`tipo_moto`,r1_0.`descripcion`,r1_0.`fecha_creacion`,r1_0.`imageurl`,r1_0.`titulo`,r1_0.`user_id` from `ruta` r1_0 where r1_0.`user_id`=?
2024-04-26 13:00:48.525 [http-nio-5000-exec-10] DEBUG org.hibernate.SQL.logStatement - select u1_0.`id`,u1_0.`city`,u1_0.`creation_date`,u1_0.`email`,u1_0.`image`,u1_0.`name`,u1_0.`password`,u1_0.`postal_code`,u1_0.`surname`,u1_0.`username` from `user` u1_0 where u1_0.`username`=?
2024-04-26 13:00:48.528 [http-nio-5000-exec-10] DEBUG org.hibernate.SQL.logStatement - select r1_0.`user_id`,r1_1.`id`,r1_1.`name` from `user_role` r1_0 join `rol` r1_1 on r1_1.`id`=r1_0.`role_id` where r1_0.`user_id`=?
2024-04-26 13:00:48.541 [http-nio-5000-exec-10] DEBUG org.hibernate.SQL.logStatement - select u1_0.`id`,u1_0.`city`,u1_0.`creation_date`,u1_0.`email`,u1_0.`image`,u1_0.`name`,u1_0.`password`,u1_0.`postal_code`,u1_0.`surname`,u1_0.`username`,r1_0.`user_id`,r1_1.`id`,r1_1.`name` from `user` u1_0 left join `user_role` r1_0 on u1_0.`id`=r1_0.`user_id` left join `rol` r1_1 on r1_1.`id`=r1_0.`role_id` where u1_0.`id`=?
2024-04-26 13:00:48.895 [http-nio-5000-exec-8] DEBUG org.hibernate.SQL.logStatement - select u1_0.`id`,u1_0.`city`,u1_0.`creation_date`,u1_0.`email`,u1_0.`image`,u1_0.`name`,u1_0.`password`,u1_0.`postal_code`,u1_0.`surname`,u1_0.`username` from `user` u1_0 where u1_0.`username`=?
2024-04-26 13:00:48.898 [http-nio-5000-exec-8] DEBUG org.hibernate.SQL.logStatement - select r1_0.`user_id`,r1_1.`id`,r1_1.`name` from `user_role` r1_0 join `rol` r1_1 on r1_1.`id`=r1_0.`role_id` where r1_0.`user_id`=?
2024-04-26 13:00:48.909 [http-nio-5000-exec-8] DEBUG org.hibernate.SQL.logStatement - select r1_0.`id`,r1_0.`comunidad_autonoma`,r1_0.`tipo_moto`,r1_0.`descripcion`,r1_0.`fecha_creacion`,r1_0.`imageurl`,r1_0.`titulo`,r1_0.`user_id` from `ruta` r1_0 where r1_0.`id`=?
2024-04-26 13:00:49.382 [http-nio-5000-exec-1] DEBUG org.hibernate.SQL.logStatement - select u1_0.`id`,u1_0.`city`,u1_0.`creation_date`,u1_0.`email`,u1_0.`image`,u1_0.`name`,u1_0.`password`,u1_0.`postal_code`,u1_0.`surname`,u1_0.`username` from `user` u1_0 where u1_0.`username`=?
2024-04-26 13:00:49.383 [http-nio-5000-exec-1] DEBUG org.hibernate.SQL.logStatement - select r1_0.`user_id`,r1_1.`id`,r1_1.`name` from `user_role` r1_0 join `rol` r1_1 on r1_1.`id`=r1_0.`role_id` where r1_0.`user_id`=?
2024-04-26 13:00:49.397 [http-nio-5000-exec-1] DEBUG org.hibernate.SQL.logStatement - select r1_0.`id`,r1_0.`comunidad_autonoma`,r1_0.`tipo_moto`,r1_0.`descripcion`,r1_0.`fecha_creacion`,r1_0.`imageurl`,r1_0.`titulo`,r1_0.`user_id` from `ruta` r1_0 where r1_0.`user_id`=?
2024-04-26 13:00:49.499 [http-nio-5000-exec-2] DEBUG org.hibernate.SQL.logStatement - select u1_0.`id`,u1_0.`city`,u1_0.`creation_date`,u1_0.`email`,u1_0.`image`,u1_0.`name`,u1_0.`password`,u1_0.`postal_code`,u1_0.`surname`,u1_0.`username` from `user` u1_0 where u1_0.`username`=?
2024-04-26 13:00:49.504 [http-nio-5000-exec-2] DEBUG org.hibernate.SQL.logStatement - select r1_0.`user_id`,r1_1.`id`,r1_1.`name` from `user_role` r1_0 join `rol` r1_1 on r1_1.`id`=r1_0.`role_id` where r1_0.`user_id`=?
2024-04-26 13:00:49.513 [http-nio-5000-exec-2] DEBUG org.hibernate.SQL.logStatement - select u1_0.`id`,u1_0.`city`,u1_0.`creation_date`,u1_0.`email`,u1_0.`image`,u1_0.`name`,u1_0.`password`,u1_0.`postal_code`,u1_0.`surname`,u1_0.`username`,r1_0.`user_id`,r1_1.`id`,r1_1.`name` from `user` u1_0 left join `user_role` r1_0 on u1_0.`id`=r1_0.`user_id` left join `rol` r1_1 on r1_1.`id`=r1_0.`role_id` where u1_0.`id`=?
2024-04-26 13:00:49.880 [http-nio-5000-exec-5] DEBUG org.hibernate.SQL.logStatement - select u1_0.`id`,u1_0.`city`,u1_0.`creation_date`,u1_0.`email`,u1_0.`image`,u1_0.`name`,u1_0.`password`,u1_0.`postal_code`,u1_0.`surname`,u1_0.`username` from `user` u1_0 where u1_0.`username`=?
2024-04-26 13:00:49.882 [http-nio-5000-exec-5] DEBUG org.hibernate.SQL.logStatement - select r1_0.`user_id`,r1_1.`id`,r1_1.`name` from `user_role` r1_0 join `rol` r1_1 on r1_1.`id`=r1_0.`role_id` where r1_0.`user_id`=?
2024-04-26 13:00:49.894 [http-nio-5000-exec-5] DEBUG org.hibernate.SQL.logStatement - select r1_0.`id`,r1_0.`comunidad_autonoma`,r1_0.`tipo_moto`,r1_0.`descripcion`,r1_0.`fecha_creacion`,r1_0.`imageurl`,r1_0.`titulo`,r1_0.`user_id` from `ruta` r1_0 where r1_0.`id`=?
2024-04-26 13:00:50.384 [http-nio-5000-exec-3] DEBUG org.hibernate.SQL.logStatement - select u1_0.`id`,u1_0.`city`,u1_0.`creation_date`,u1_0.`email`,u1_0.`image`,u1_0.`name`,u1_0.`password`,u1_0.`postal_code`,u1_0.`surname`,u1_0.`username` from `user` u1_0 where u1_0.`username`=?
2024-04-26 13:00:50.386 [http-nio-5000-exec-3] DEBUG org.hibernate.SQL.logStatement - select r1_0.`user_id`,r1_1.`id`,r1_1.`name` from `user_role` r1_0 join `rol` r1_1 on r1_1.`id`=r1_0.`role_id` where r1_0.`user_id`=?
2024-04-26 13:00:50.400 [http-nio-5000-exec-3] DEBUG org.hibernate.SQL.logStatement - select r1_0.`id`,r1_0.`comunidad_autonoma`,r1_0.`tipo_moto`,r1_0.`descripcion`,r1_0.`fecha_creacion`,r1_0.`imageurl`,r1_0.`titulo`,r1_0.`user_id` from `ruta` r1_0 where r1_0.`user_id`=?
2024-04-26 13:00:50.461 [http-nio-5000-exec-4] DEBUG org.hibernate.SQL.logStatement - select u1_0.`id`,u1_0.`city`,u1_0.`creation_date`,u1_0.`email`,u1_0.`image`,u1_0.`name`,u1_0.`password`,u1_0.`postal_code`,u1_0.`surname`,u1_0.`username` from `user` u1_0 where u1_0.`username`=?
2024-04-26 13:00:50.464 [http-nio-5000-exec-4] DEBUG org.hibernate.SQL.logStatement - select r1_0.`user_id`,r1_1.`id`,r1_1.`name` from `user_role` r1_0 join `rol` r1_1 on r1_1.`id`=r1_0.`role_id` where r1_0.`user_id`=?
2024-04-26 13:00:50.475 [http-nio-5000-exec-4] DEBUG org.hibernate.SQL.logStatement - select u1_0.`id`,u1_0.`city`,u1_0.`creation_date`,u1_0.`email`,u1_0.`image`,u1_0.`name`,u1_0.`password`,u1_0.`postal_code`,u1_0.`surname`,u1_0.`username`,r1_0.`user_id`,r1_1.`id`,r1_1.`name` from `user` u1_0 left join `user_role` r1_0 on u1_0.`id`=r1_0.`user_id` left join `rol` r1_1 on r1_1.`id`=r1_0.`role_id` where u1_0.`id`=?
2024-04-26 13:00:50.904 [http-nio-5000-exec-6] DEBUG org.hibernate.SQL.logStatement - select u1_0.`id`,u1_0.`city`,u1_0.`creation_date`,u1_0.`email`,u1_0.`image`,u1_0.`name`,u1_0.`password`,u1_0.`postal_code`,u1_0.`surname`,u1_0.`username` from `user` u1_0 where u1_0.`username`=?
2024-04-26 13:00:50.906 [http-nio-5000-exec-6] DEBUG org.hibernate.SQL.logStatement - select r1_0.`user_id`,r1_1.`id`,r1_1.`name` from `user_role` r1_0 join `rol` r1_1 on r1_1.`id`=r1_0.`role_id` where r1_0.`user_id`=?
2024-04-26 13:00:50.915 [http-nio-5000-exec-6] DEBUG org.hibernate.SQL.logStatement - select r1_0.`id`,r1_0.`comunidad_autonoma`,r1_0.`tipo_moto`,r1_0.`descripcion`,r1_0.`fecha_creacion`,r1_0.`imageurl`,r1_0.`titulo`,r1_0.`user_id` from `ruta` r1_0 where r1_0.`id`=?
2024-04-26 13:00:51.416 [http-nio-5000-exec-7] DEBUG org.hibernate.SQL.logStatement - select u1_0.`id`,u1_0.`city`,u1_0.`creation_date`,u1_0.`email`,u1_0.`image`,u1_0.`name`,u1_0.`password`,u1_0.`postal_code`,u1_0.`surname`,u1_0.`username` from `user` u1_0 where u1_0.`username`=?
2024-04-26 13:00:51.418 [http-nio-5000-exec-7] DEBUG org.hibernate.SQL.logStatement - select r1_0.`user_id`,r1_1.`id`,r1_1.`name` from `user_role` r1_0 join `rol` r1_1 on r1_1.`id`=r1_0.`role_id` where r1_0.`user_id`=?
2024-04-26 13:00:51.428 [http-nio-5000-exec-7] DEBUG org.hibernate.SQL.logStatement - select r1_0.`id`,r1_0.`comunidad_autonoma`,r1_0.`tipo_moto`,r1_0.`descripcion`,r1_0.`fecha_creacion`,r1_0.`imageurl`,r1_0.`titulo`,r1_0.`user_id` from `ruta` r1_0 where r1_0.`user_id`=?
2024-04-26 13:00:51.469 [http-nio-5000-exec-9] DEBUG org.hibernate.SQL.logStatement - select u1_0.`id`,u1_0.`city`,u1_0.`creation_date`,u1_0.`email`,u1_0.`image`,u1_0.`name`,u1_0.`password`,u1_0.`postal_code`,u1_0.`surname`,u1_0.`username` from `user` u1_0 where u1_0.`username`=?
2024-04-26 13:00:51.470 [http-nio-5000-exec-9] DEBUG org.hibernate.SQL.logStatement - select r1_0.`user_id`,r1_1.`id`,r1_1.`name` from `user_role` r1_0 join `rol` r1_1 on r1_1.`id`=r1_0.`role_id` where r1_0.`user_id`=?
2024-04-26 13:00:51.480 [http-nio-5000-exec-9] DEBUG org.hibernate.SQL.logStatement - select u1_0.`id`,u1_0.`city`,u1_0.`creation_date`,u1_0.`email`,u1_0.`image`,u1_0.`name`,u1_0.`password`,u1_0.`postal_code`,u1_0.`surname`,u1_0.`username`,r1_0.`user_id`,r1_1.`id`,r1_1.`name` from `user` u1_0 left join `user_role` r1_0 on u1_0.`id`=r1_0.`user_id` left join `rol` r1_1 on r1_1.`id`=r1_0.`role_id` where u1_0.`id`=?
2024-04-26 13:01:11.494 [http-nio-5000-exec-10] DEBUG org.hibernate.SQL.logStatement - select u1_0.`id`,u1_0.`city`,u1_0.`creation_date`,u1_0.`email`,u1_0.`image`,u1_0.`name`,u1_0.`password`,u1_0.`postal_code`,u1_0.`surname`,u1_0.`username` from `user` u1_0 where u1_0.`username`=?
2024-04-26 13:01:11.498 [http-nio-5000-exec-10] DEBUG org.hibernate.SQL.logStatement - select r1_0.`user_id`,r1_1.`id`,r1_1.`name` from `user_role` r1_0 join `rol` r1_1 on r1_1.`id`=r1_0.`role_id` where r1_0.`user_id`=?
2024-04-26 13:01:11.505 [http-nio-5000-exec-10] DEBUG org.hibernate.SQL.logStatement - select r1_0.`id`,r1_0.`comunidad_autonoma`,r1_0.`tipo_moto`,r1_0.`descripcion`,r1_0.`fecha_creacion`,r1_0.`imageurl`,r1_0.`titulo`,r1_0.`user_id` from `ruta` r1_0 where r1_0.`user_id`=?
2024-04-26 13:01:12.805 [http-nio-5000-exec-8] DEBUG org.hibernate.SQL.logStatement - select u1_0.`id`,u1_0.`city`,u1_0.`creation_date`,u1_0.`email`,u1_0.`image`,u1_0.`name`,u1_0.`password`,u1_0.`postal_code`,u1_0.`surname`,u1_0.`username` from `user` u1_0 where u1_0.`username`=?
2024-04-26 13:01:12.808 [http-nio-5000-exec-8] DEBUG org.hibernate.SQL.logStatement - select r1_0.`user_id`,r1_1.`id`,r1_1.`name` from `user_role` r1_0 join `rol` r1_1 on r1_1.`id`=r1_0.`role_id` where r1_0.`user_id`=?
2024-04-26 13:01:12.821 [http-nio-5000-exec-8] DEBUG org.hibernate.SQL.logStatement - select r1_0.`id`,r1_0.`comunidad_autonoma`,r1_0.`tipo_moto`,r1_0.`descripcion`,r1_0.`fecha_creacion`,r1_0.`imageurl`,r1_0.`titulo`,r1_0.`user_id` from `ruta` r1_0
2024-04-26 13:01:14.805 [http-nio-5000-exec-1] DEBUG org.hibernate.SQL.logStatement - select u1_0.`id`,u1_0.`city`,u1_0.`creation_date`,u1_0.`email`,u1_0.`image`,u1_0.`name`,u1_0.`password`,u1_0.`postal_code`,u1_0.`surname`,u1_0.`username` from `user` u1_0 where u1_0.`username`=?
2024-04-26 13:01:14.807 [http-nio-5000-exec-1] DEBUG org.hibernate.SQL.logStatement - select r1_0.`user_id`,r1_1.`id`,r1_1.`name` from `user_role` r1_0 join `rol` r1_1 on r1_1.`id`=r1_0.`role_id` where r1_0.`user_id`=?
2024-04-26 13:01:14.816 [http-nio-5000-exec-1] DEBUG org.hibernate.SQL.logStatement - select r1_0.`id`,r1_0.`comunidad_autonoma`,r1_0.`tipo_moto`,r1_0.`descripcion`,r1_0.`fecha_creacion`,r1_0.`imageurl`,r1_0.`titulo`,r1_0.`user_id` from `ruta` r1_0 where r1_0.`user_id`=?
2024-04-26 13:01:15.571 [http-nio-5000-exec-2] DEBUG org.hibernate.SQL.logStatement - select u1_0.`id`,u1_0.`city`,u1_0.`creation_date`,u1_0.`email`,u1_0.`image`,u1_0.`name`,u1_0.`password`,u1_0.`postal_code`,u1_0.`surname`,u1_0.`username` from `user` u1_0 where u1_0.`username`=?
2024-04-26 13:01:15.572 [http-nio-5000-exec-2] DEBUG org.hibernate.SQL.logStatement - select r1_0.`user_id`,r1_1.`id`,r1_1.`name` from `user_role` r1_0 join `rol` r1_1 on r1_1.`id`=r1_0.`role_id` where r1_0.`user_id`=?
2024-04-26 13:01:15.577 [http-nio-5000-exec-2] DEBUG org.hibernate.SQL.logStatement - select r1_0.`id`,r1_0.`comunidad_autonoma`,r1_0.`tipo_moto`,r1_0.`descripcion`,r1_0.`fecha_creacion`,r1_0.`imageurl`,r1_0.`titulo`,r1_0.`user_id` from `ruta` r1_0
2024-04-26 13:03:52.884 [http-nio-5000-exec-3] DEBUG org.hibernate.SQL.logStatement - select u1_0.`id`,u1_0.`city`,u1_0.`creation_date`,u1_0.`email`,u1_0.`image`,u1_0.`name`,u1_0.`password`,u1_0.`postal_code`,u1_0.`surname`,u1_0.`username` from `user` u1_0 where u1_0.`username`=?
2024-04-26 13:03:52.886 [http-nio-5000-exec-3] DEBUG org.hibernate.SQL.logStatement - select r1_0.`user_id`,r1_1.`id`,r1_1.`name` from `user_role` r1_0 join `rol` r1_1 on r1_1.`id`=r1_0.`role_id` where r1_0.`user_id`=?
2024-04-26 13:03:53.061 [http-nio-5000-exec-3] DEBUG org.hibernate.SQL.logStatement - select u1_0.`id`,u1_0.`city`,u1_0.`creation_date`,u1_0.`email`,u1_0.`image`,u1_0.`name`,u1_0.`password`,u1_0.`postal_code`,u1_0.`surname`,u1_0.`username` from `user` u1_0 where u1_0.`email`=?
2024-04-26 13:05:34.599 [http-nio-5000-exec-6] DEBUG org.hibernate.SQL.logStatement - select r1_0.`id`,r1_0.`comunidad_autonoma`,r1_0.`tipo_moto`,r1_0.`descripcion`,r1_0.`fecha_creacion`,r1_0.`imageurl`,r1_0.`titulo`,r1_0.`user_id` from `ruta` r1_0
2024-04-26 13:06:05.960 [http-nio-5000-exec-7] ERROR c.e.R.security.JwtAuthEntryPoint.commence - Unauthorized error: Full authentication is required to access this resource
2024-04-26 13:06:25.506 [http-nio-5000-exec-9] DEBUG org.hibernate.SQL.logStatement - select u1_0.`id`,u1_0.`city`,u1_0.`creation_date`,u1_0.`email`,u1_0.`image`,u1_0.`name`,u1_0.`password`,u1_0.`postal_code`,u1_0.`surname`,u1_0.`username` from `user` u1_0 where u1_0.`username`=?
2024-04-26 13:06:25.508 [http-nio-5000-exec-9] DEBUG org.hibernate.SQL.logStatement - select r1_0.`user_id`,r1_1.`id`,r1_1.`name` from `user_role` r1_0 join `rol` r1_1 on r1_1.`id`=r1_0.`role_id` where r1_0.`user_id`=?
2024-04-26 13:06:25.521 [http-nio-5000-exec-9] DEBUG org.hibernate.SQL.logStatement - select u1_0.`id`,u1_0.`city`,u1_0.`creation_date`,u1_0.`email`,u1_0.`image`,u1_0.`name`,u1_0.`password`,u1_0.`postal_code`,u1_0.`surname`,u1_0.`username` from `user` u1_0 where u1_0.`email`=?
2024-04-26 13:06:25.524 [http-nio-5000-exec-9] DEBUG org.hibernate.SQL.logStatement - select r1_0.`user_id`,r1_1.`id`,r1_1.`name` from `user_role` r1_0 join `rol` r1_1 on r1_1.`id`=r1_0.`role_id` where r1_0.`user_id`=?
2024-04-26 13:09:17.644 [http-nio-5000-exec-8] DEBUG org.hibernate.SQL.logStatement - select u1_0.`id`,u1_0.`city`,u1_0.`creation_date`,u1_0.`email`,u1_0.`image`,u1_0.`name`,u1_0.`password`,u1_0.`postal_code`,u1_0.`surname`,u1_0.`username` from `user` u1_0 where u1_0.`username`=?
2024-04-26 13:09:17.647 [http-nio-5000-exec-8] DEBUG org.hibernate.SQL.logStatement - select r1_0.`user_id`,r1_1.`id`,r1_1.`name` from `user_role` r1_0 join `rol` r1_1 on r1_1.`id`=r1_0.`role_id` where r1_0.`user_id`=?
2024-04-26 13:09:17.658 [http-nio-5000-exec-8] DEBUG org.hibernate.SQL.logStatement - select r1_0.`id`,r1_0.`comunidad_autonoma`,r1_0.`tipo_moto`,r1_0.`descripcion`,r1_0.`fecha_creacion`,r1_0.`imageurl`,r1_0.`titulo`,r1_0.`user_id` from `ruta` r1_0 where r1_0.`user_id`=?
2024-04-26 13:09:22.131 [http-nio-5000-exec-1] DEBUG org.hibernate.SQL.logStatement - select u1_0.`id`,u1_0.`city`,u1_0.`creation_date`,u1_0.`email`,u1_0.`image`,u1_0.`name`,u1_0.`password`,u1_0.`postal_code`,u1_0.`surname`,u1_0.`username` from `user` u1_0 where u1_0.`username`=?
2024-04-26 13:09:22.133 [http-nio-5000-exec-1] DEBUG org.hibernate.SQL.logStatement - select r1_0.`user_id`,r1_1.`id`,r1_1.`name` from `user_role` r1_0 join `rol` r1_1 on r1_1.`id`=r1_0.`role_id` where r1_0.`user_id`=?
2024-04-26 13:09:22.143 [http-nio-5000-exec-1] DEBUG org.hibernate.SQL.logStatement - select r1_0.`id`,r1_0.`comunidad_autonoma`,r1_0.`tipo_moto`,r1_0.`descripcion`,r1_0.`fecha_creacion`,r1_0.`imageurl`,r1_0.`titulo`,r1_0.`user_id` from `ruta` r1_0
2024-04-26 13:09:37.104 [http-nio-5000-exec-2] DEBUG org.hibernate.SQL.logStatement - select u1_0.`id`,u1_0.`city`,u1_0.`creation_date`,u1_0.`email`,u1_0.`image`,u1_0.`name`,u1_0.`password`,u1_0.`postal_code`,u1_0.`surname`,u1_0.`username` from `user` u1_0 where u1_0.`username`=?
2024-04-26 13:09:37.106 [http-nio-5000-exec-2] DEBUG org.hibernate.SQL.logStatement - select r1_0.`user_id`,r1_1.`id`,r1_1.`name` from `user_role` r1_0 join `rol` r1_1 on r1_1.`id`=r1_0.`role_id` where r1_0.`user_id`=?
2024-04-26 13:09:37.116 [http-nio-5000-exec-2] DEBUG org.hibernate.SQL.logStatement - select r1_0.`id`,r1_0.`comunidad_autonoma`,r1_0.`tipo_moto`,r1_0.`descripcion`,r1_0.`fecha_creacion`,r1_0.`imageurl`,r1_0.`titulo`,r1_0.`user_id` from `ruta` r1_0 where r1_0.`user_id`=?
2024-04-26 13:09:38.018 [http-nio-5000-exec-5] DEBUG org.hibernate.SQL.logStatement - select u1_0.`id`,u1_0.`city`,u1_0.`creation_date`,u1_0.`email`,u1_0.`image`,u1_0.`name`,u1_0.`password`,u1_0.`postal_code`,u1_0.`surname`,u1_0.`username` from `user` u1_0 where u1_0.`username`=?
2024-04-26 13:09:38.021 [http-nio-5000-exec-5] DEBUG org.hibernate.SQL.logStatement - select r1_0.`user_id`,r1_1.`id`,r1_1.`name` from `user_role` r1_0 join `rol` r1_1 on r1_1.`id`=r1_0.`role_id` where r1_0.`user_id`=?
2024-04-26 13:09:38.033 [http-nio-5000-exec-5] DEBUG org.hibernate.SQL.logStatement - select r1_0.`id`,r1_0.`comunidad_autonoma`,r1_0.`tipo_moto`,r1_0.`descripcion`,r1_0.`fecha_creacion`,r1_0.`imageurl`,r1_0.`titulo`,r1_0.`user_id` from `ruta` r1_0 where r1_0.`id`=?
2024-04-26 13:09:39.534 [http-nio-5000-exec-3] DEBUG org.hibernate.SQL.logStatement - select u1_0.`id`,u1_0.`city`,u1_0.`creation_date`,u1_0.`email`,u1_0.`image`,u1_0.`name`,u1_0.`password`,u1_0.`postal_code`,u1_0.`surname`,u1_0.`username` from `user` u1_0 where u1_0.`username`=?
2024-04-26 13:09:39.536 [http-nio-5000-exec-3] DEBUG org.hibernate.SQL.logStatement - select r1_0.`user_id`,r1_1.`id`,r1_1.`name` from `user_role` r1_0 join `rol` r1_1 on r1_1.`id`=r1_0.`role_id` where r1_0.`user_id`=?
2024-04-26 13:09:39.547 [http-nio-5000-exec-3] DEBUG org.hibernate.SQL.logStatement - select r1_0.`id`,r1_0.`comunidad_autonoma`,r1_0.`tipo_moto`,r1_0.`descripcion`,r1_0.`fecha_creacion`,r1_0.`imageurl`,r1_0.`titulo`,r1_0.`user_id` from `ruta` r1_0 where r1_0.`id`=?
2024-04-26 13:19:29.132 [File Watcher] INFO  o.s.b.d.a.LocalDevToolsAutoConfiguration$RestartingClassPathChangeChangedEventListener.onApplicationEvent - Restarting due to 1 class path change (0 additions, 1 deletion, 0 modifications)
2024-04-26 13:19:29.152 [Thread-5] INFO  o.s.o.j.LocalContainerEntityManagerFactoryBean.destroy - Closing JPA EntityManagerFactory for persistence unit 'default'
2024-04-26 13:19:29.164 [Thread-5] INFO  com.zaxxer.hikari.HikariDataSource.close - HikariPool-1 - Shutdown initiated...
2024-04-26 13:19:29.170 [Thread-5] INFO  com.zaxxer.hikari.HikariDataSource.close - HikariPool-1 - Shutdown completed.
2024-04-26 13:19:29.422 [restartedMain] INFO  c.e.R.RutasMoterasApplication.logStarting - Starting RutasMoterasApplication using Java 21.0.1 with PID 25228 (C:\Users\ivanc\Downloads\RutasMoterasHibernate\RutasMoteras\target\classes started by ivanc in C:\Users\ivanc\Downloads\RutasMoterasHibernate\RutasMoteras)
2024-04-26 13:19:29.423 [restartedMain] INFO  c.e.R.RutasMoterasApplication.logStartupProfileInfo - No active profile set, falling back to 1 default profile: "default"
2024-04-26 13:19:29.932 [restartedMain] INFO  o.s.d.r.c.RepositoryConfigurationDelegate.registerRepositoriesIn - Bootstrapping Spring Data JPA repositories in DEFAULT mode.
2024-04-26 13:19:29.954 [restartedMain] INFO  o.s.d.r.c.RepositoryConfigurationDelegate.registerRepositoriesIn - Finished Spring Data repository scanning in 21 ms. Found 2 JPA repository interfaces.
2024-04-26 13:19:30.188 [restartedMain] INFO  o.s.b.w.e.tomcat.TomcatWebServer.initialize - Tomcat initialized with port 5000 (http)
2024-04-26 13:19:30.190 [restartedMain] INFO  o.a.catalina.core.StandardService.log - Starting service [Tomcat]
2024-04-26 13:19:30.190 [restartedMain] INFO  o.a.catalina.core.StandardEngine.log - Starting Servlet engine: [Apache Tomcat/10.1.18]
2024-04-26 13:19:30.227 [restartedMain] INFO  o.a.c.c.C.[Tomcat].[localhost].[/].log - Initializing Spring embedded WebApplicationContext
2024-04-26 13:19:30.227 [restartedMain] INFO  o.s.b.w.s.c.ServletWebServerApplicationContext.prepareWebApplicationContext - Root WebApplicationContext: initialization completed in 798 ms
2024-04-26 13:19:30.322 [restartedMain] WARN  o.s.b.a.o.j.JpaBaseConfiguration$JpaWebConfiguration.openEntityManagerInViewInterceptor - spring.jpa.open-in-view is enabled by default. Therefore, database queries may be performed during view rendering. Explicitly configure spring.jpa.open-in-view to disable this warning
2024-04-26 13:19:30.405 [restartedMain] INFO  o.h.jpa.internal.util.LogHelper.logPersistenceUnitInformation - HHH000204: Processing PersistenceUnitInfo [name: default]
2024-04-26 13:19:30.412 [restartedMain] INFO  o.h.c.i.RegionFactoryInitiator.initiateService - HHH000026: Second-level cache disabled
2024-04-26 13:19:30.419 [restartedMain] INFO  o.s.o.j.p.SpringPersistenceUnitInfo.addTransformer - No LoadTimeWeaver setup: ignoring JPA class transformer
2024-04-26 13:19:30.422 [restartedMain] INFO  com.zaxxer.hikari.HikariDataSource.getConnection - HikariPool-2 - Starting...
2024-04-26 13:19:30.430 [restartedMain] INFO  com.zaxxer.hikari.pool.HikariPool.checkFailFast - HikariPool-2 - Added connection org.mariadb.jdbc.Connection@4612d355
2024-04-26 13:19:30.431 [restartedMain] INFO  com.zaxxer.hikari.HikariDataSource.getConnection - HikariPool-2 - Start completed.
2024-04-26 13:19:30.579 [restartedMain] INFO  o.h.e.t.j.p.i.JtaPlatformInitiator.initiateService - HHH000489: No JTA platform available (set 'hibernate.transaction.jta.platform' to enable JTA platform integration)
2024-04-26 13:19:30.609 [restartedMain] INFO  o.s.o.j.LocalContainerEntityManagerFactoryBean.buildNativeEntityManagerFactory - Initialized JPA EntityManagerFactory for persistence unit 'default'
2024-04-26 13:19:30.752 [restartedMain] ERROR o.s.b.w.e.tomcat.TomcatStarter.onStartup - Error starting Tomcat context. Exception: org.springframework.beans.factory.UnsatisfiedDependencyException. Message: Error creating bean with name 'jwtAuthenticationFilter': Unsatisfied dependency expressed through field 'jwtService': Error creating bean with name 'jwtTokenProvider': Unsatisfied dependency expressed through field 'userService': Error creating bean with name 'userService': Unsatisfied dependency expressed through field 'userRepository': No qualifying bean of type 'com.example.RutasMoteras.model.repository.IUserRepository' available: expected at least 1 bean which qualifies as autowire candidate. Dependency annotations: {@org.springframework.beans.factory.annotation.Autowired(required=true)}
2024-04-26 13:19:30.755 [restartedMain] INFO  o.a.catalina.core.StandardService.log - Stopping service [Tomcat]
2024-04-26 13:19:30.758 [restartedMain] WARN  o.a.c.loader.WebappClassLoaderBase.log - The web application [ROOT] appears to have started a thread named [HikariPool-2 housekeeper] but has failed to stop it. This is very likely to create a memory leak. Stack trace of thread:
 java.base/jdk.internal.misc.Unsafe.park(Native Method)
 java.base/java.util.concurrent.locks.LockSupport.parkNanos(LockSupport.java:269)
 java.base/java.util.concurrent.locks.AbstractQueuedSynchronizer$ConditionObject.awaitNanos(AbstractQueuedSynchronizer.java:1758)
 java.base/java.util.concurrent.ScheduledThreadPoolExecutor$DelayedWorkQueue.take(ScheduledThreadPoolExecutor.java:1182)
 java.base/java.util.concurrent.ScheduledThreadPoolExecutor$DelayedWorkQueue.take(ScheduledThreadPoolExecutor.java:899)
 java.base/java.util.concurrent.ThreadPoolExecutor.getTask(ThreadPoolExecutor.java:1070)
 java.base/java.util.concurrent.ThreadPoolExecutor.runWorker(ThreadPoolExecutor.java:1130)
 java.base/java.util.concurrent.ThreadPoolExecutor$Worker.run(ThreadPoolExecutor.java:642)
 java.base/java.lang.Thread.run(Thread.java:1583)
2024-04-26 13:19:30.759 [restartedMain] WARN  o.a.c.loader.WebappClassLoaderBase.log - The web application [ROOT] appears to have started a thread named [HikariPool-2 connection adder] but has failed to stop it. This is very likely to create a memory leak. Stack trace of thread:
 java.base/jdk.internal.misc.Unsafe.park(Native Method)
 java.base/java.util.concurrent.locks.LockSupport.parkNanos(LockSupport.java:269)
 java.base/java.util.concurrent.locks.AbstractQueuedSynchronizer$ConditionObject.awaitNanos(AbstractQueuedSynchronizer.java:1758)
 java.base/java.util.concurrent.LinkedBlockingQueue.poll(LinkedBlockingQueue.java:460)
 java.base/java.util.concurrent.ThreadPoolExecutor.getTask(ThreadPoolExecutor.java:1069)
 java.base/java.util.concurrent.ThreadPoolExecutor.runWorker(ThreadPoolExecutor.java:1130)
 java.base/java.util.concurrent.ThreadPoolExecutor$Worker.run(ThreadPoolExecutor.java:642)
 java.base/java.lang.Thread.run(Thread.java:1583)
2024-04-26 13:19:30.760 [restartedMain] WARN  o.s.b.w.s.c.AnnotationConfigServletWebServerApplicationContext.refresh - Exception encountered during context initialization - cancelling refresh attempt: org.springframework.context.ApplicationContextException: Unable to start web server
2024-04-26 13:19:30.761 [restartedMain] INFO  o.s.o.j.LocalContainerEntityManagerFactoryBean.destroy - Closing JPA EntityManagerFactory for persistence unit 'default'
2024-04-26 13:19:30.762 [restartedMain] INFO  com.zaxxer.hikari.HikariDataSource.close - HikariPool-2 - Shutdown initiated...
2024-04-26 13:19:30.767 [restartedMain] INFO  com.zaxxer.hikari.HikariDataSource.close - HikariPool-2 - Shutdown completed.
2024-04-26 13:19:30.771 [restartedMain] INFO  o.s.b.a.l.ConditionEvaluationReportLogger.logMessage - 

Error starting ApplicationContext. To display the condition evaluation report re-run your application with 'debug' enabled.
2024-04-26 13:19:30.804 [restartedMain] ERROR o.s.b.d.LoggingFailureAnalysisReporter.report - 

***************************
APPLICATION FAILED TO START
***************************

Description:

Field userRepository in com.example.RutasMoteras.model.service.User.UserService required a bean of type 'com.example.RutasMoteras.model.repository.IUserRepository' that could not be found.

The injection point has the following annotations:
	- @org.springframework.beans.factory.annotation.Autowired(required=true)


Action:

Consider defining a bean of type 'com.example.RutasMoteras.model.repository.IUserRepository' in your configuration.

2024-04-26 13:19:32.346 [restartedMain] INFO  c.e.R.RutasMoterasApplication.logStarting - Starting RutasMoterasApplication using Java 21.0.1 with PID 25228 (C:\Users\ivanc\Downloads\RutasMoterasHibernate\RutasMoteras\target\classes started by ivanc in C:\Users\ivanc\Downloads\RutasMoterasHibernate\RutasMoteras)
2024-04-26 13:19:32.346 [restartedMain] INFO  c.e.R.RutasMoterasApplication.logStartupProfileInfo - No active profile set, falling back to 1 default profile: "default"
2024-04-26 13:19:32.902 [restartedMain] INFO  o.s.d.r.c.RepositoryConfigurationDelegate.registerRepositoriesIn - Bootstrapping Spring Data JPA repositories in DEFAULT mode.
2024-04-26 13:19:32.938 [restartedMain] INFO  o.s.d.r.c.RepositoryConfigurationDelegate.registerRepositoriesIn - Finished Spring Data repository scanning in 34 ms. Found 3 JPA repository interfaces.
2024-04-26 13:19:33.184 [restartedMain] INFO  o.s.b.w.e.tomcat.TomcatWebServer.initialize - Tomcat initialized with port 5000 (http)
2024-04-26 13:19:33.187 [restartedMain] INFO  o.a.catalina.core.StandardService.log - Starting service [Tomcat]
2024-04-26 13:19:33.187 [restartedMain] INFO  o.a.catalina.core.StandardEngine.log - Starting Servlet engine: [Apache Tomcat/10.1.18]
2024-04-26 13:19:33.236 [restartedMain] INFO  o.a.c.c.C.[Tomcat-1].[localhost].[/].log - Initializing Spring embedded WebApplicationContext
2024-04-26 13:19:33.236 [restartedMain] INFO  o.s.b.w.s.c.ServletWebServerApplicationContext.prepareWebApplicationContext - Root WebApplicationContext: initialization completed in 888 ms
2024-04-26 13:19:33.330 [restartedMain] WARN  o.s.b.a.o.j.JpaBaseConfiguration$JpaWebConfiguration.openEntityManagerInViewInterceptor - spring.jpa.open-in-view is enabled by default. Therefore, database queries may be performed during view rendering. Explicitly configure spring.jpa.open-in-view to disable this warning
2024-04-26 13:19:33.401 [restartedMain] INFO  o.h.jpa.internal.util.LogHelper.logPersistenceUnitInformation - HHH000204: Processing PersistenceUnitInfo [name: default]
2024-04-26 13:19:33.405 [restartedMain] INFO  o.h.c.i.RegionFactoryInitiator.initiateService - HHH000026: Second-level cache disabled
2024-04-26 13:19:33.412 [restartedMain] INFO  o.s.o.j.p.SpringPersistenceUnitInfo.addTransformer - No LoadTimeWeaver setup: ignoring JPA class transformer
2024-04-26 13:19:33.414 [restartedMain] INFO  com.zaxxer.hikari.HikariDataSource.getConnection - HikariPool-3 - Starting...
2024-04-26 13:19:33.419 [restartedMain] INFO  com.zaxxer.hikari.pool.HikariPool.checkFailFast - HikariPool-3 - Added connection org.mariadb.jdbc.Connection@e916a6f
2024-04-26 13:19:33.420 [restartedMain] INFO  com.zaxxer.hikari.HikariDataSource.getConnection - HikariPool-3 - Start completed.
2024-04-26 13:19:33.549 [restartedMain] INFO  o.h.e.t.j.p.i.JtaPlatformInitiator.initiateService - HHH000489: No JTA platform available (set 'hibernate.transaction.jta.platform' to enable JTA platform integration)
2024-04-26 13:19:33.584 [restartedMain] INFO  o.s.o.j.LocalContainerEntityManagerFactoryBean.buildNativeEntityManagerFactory - Initialized JPA EntityManagerFactory for persistence unit 'default'
2024-04-26 13:19:34.222 [restartedMain] INFO  o.s.s.web.DefaultSecurityFilterChain.<init> - Will secure any request with [org.springframework.security.web.session.DisableEncodeUrlFilter@58085369, org.springframework.security.web.context.request.async.WebAsyncManagerIntegrationFilter@4bc29c63, org.springframework.security.web.context.SecurityContextHolderFilter@1b6effec, org.springframework.security.web.header.HeaderWriterFilter@71c5be3, org.springframework.security.web.authentication.logout.LogoutFilter@1eb1ad16, com.example.RutasMoteras.security.JwtAuthenticationFilter@18154fcb, org.springframework.security.web.savedrequest.RequestCacheAwareFilter@795d9cb9, org.springframework.security.web.servletapi.SecurityContextHolderAwareRequestFilter@1c7b0332, org.springframework.security.web.authentication.AnonymousAuthenticationFilter@2226220c, org.springframework.security.web.session.SessionManagementFilter@183edcf5, org.springframework.security.web.access.ExceptionTranslationFilter@2d19e919, org.springframework.security.web.access.intercept.AuthorizationFilter@4fbab2ef]
2024-04-26 13:19:34.540 [restartedMain] INFO  o.s.b.d.a.OptionalLiveReloadServer.startServer - LiveReload server is running on port 35729
2024-04-26 13:19:34.570 [restartedMain] INFO  o.s.b.w.e.tomcat.TomcatWebServer.start - Tomcat started on port 5000 (http) with context path ''
2024-04-26 13:19:34.577 [restartedMain] INFO  c.e.R.RutasMoterasApplication.logStarted - Started RutasMoterasApplication in 2.292 seconds (process running for 3158.409)
2024-04-26 13:19:34.580 [restartedMain] INFO  o.s.b.d.a.ConditionEvaluationDeltaLoggingListener.onApplicationEvent - Condition evaluation unchanged
2024-04-26 13:19:55.247 [http-nio-5000-exec-1] INFO  o.a.c.c.C.[Tomcat-1].[localhost].[/].log - Initializing Spring DispatcherServlet 'dispatcherServlet'
2024-04-26 13:19:55.247 [http-nio-5000-exec-1] INFO  o.s.web.servlet.DispatcherServlet.initServletBean - Initializing Servlet 'dispatcherServlet'
2024-04-26 13:19:55.249 [http-nio-5000-exec-1] INFO  o.s.web.servlet.DispatcherServlet.initServletBean - Completed initialization in 1 ms
2024-04-26 13:19:56.451 [http-nio-5000-exec-8] INFO  o.s.api.AbstractOpenApiResource.getOpenApi - Init duration for springdoc-openapi is: 489 ms
2024-04-26 13:22:59.884 [SpringApplicationShutdownHook] INFO  o.s.o.j.LocalContainerEntityManagerFactoryBean.destroy - Closing JPA EntityManagerFactory for persistence unit 'default'
2024-04-26 13:22:59.885 [SpringApplicationShutdownHook] INFO  com.zaxxer.hikari.HikariDataSource.close - HikariPool-3 - Shutdown initiated...
2024-04-26 13:22:59.890 [SpringApplicationShutdownHook] INFO  com.zaxxer.hikari.HikariDataSource.close - HikariPool-3 - Shutdown completed.
