2024-04-25 15:33:59.416 [restartedMain] INFO  c.e.R.RutasMoterasApplication.logStarting - Starting RutasMoterasApplication using Java 21.0.1 with PID 11176 (C:\Users\ivanc\Downloads\RutasMoterasHibernate\RutasMoteras\target\classes started by ivanc in C:\Users\ivanc\Downloads\RutasMoterasHibernate\RutasMoteras)
2024-04-25 15:33:59.430 [restartedMain] INFO  c.e.R.RutasMoterasApplication.logStartupProfileInfo - No active profile set, falling back to 1 default profile: "default"
2024-04-25 15:33:59.528 [restartedMain] INFO  o.s.b.d.e.DevToolsPropertyDefaultsPostProcessor.logTo - Devtools property defaults active! Set 'spring.devtools.add-properties' to 'false' to disable
2024-04-25 15:33:59.530 [restartedMain] INFO  o.s.b.d.e.DevToolsPropertyDefaultsPostProcessor.logTo - For additional web related logging consider setting the 'logging.level.web' property to 'DEBUG'
2024-04-25 15:34:01.404 [restartedMain] INFO  o.s.d.r.c.RepositoryConfigurationDelegate.registerRepositoriesIn - Bootstrapping Spring Data JPA repositories in DEFAULT mode.
2024-04-25 15:34:01.810 [restartedMain] INFO  o.s.d.r.c.RepositoryConfigurationDelegate.registerRepositoriesIn - Finished Spring Data repository scanning in 390 ms. Found 3 JPA repository interfaces.
2024-04-25 15:34:02.796 [restartedMain] INFO  o.s.b.w.e.tomcat.TomcatWebServer.initialize - Tomcat initialized with port 5000 (http)
2024-04-25 15:34:02.818 [restartedMain] INFO  o.a.catalina.core.StandardService.log - Starting service [Tomcat]
2024-04-25 15:34:02.818 [restartedMain] INFO  o.a.catalina.core.StandardEngine.log - Starting Servlet engine: [Apache Tomcat/10.1.18]
2024-04-25 15:34:02.906 [restartedMain] INFO  o.a.c.c.C.[Tomcat].[localhost].[/].log - Initializing Spring embedded WebApplicationContext
2024-04-25 15:34:02.907 [restartedMain] INFO  o.s.b.w.s.c.ServletWebServerApplicationContext.prepareWebApplicationContext - Root WebApplicationContext: initialization completed in 3374 ms
2024-04-25 15:34:03.126 [restartedMain] WARN  o.s.b.a.o.j.JpaBaseConfiguration$JpaWebConfiguration.openEntityManagerInViewInterceptor - spring.jpa.open-in-view is enabled by default. Therefore, database queries may be performed during view rendering. Explicitly configure spring.jpa.open-in-view to disable this warning
2024-04-25 15:34:03.286 [restartedMain] INFO  o.h.jpa.internal.util.LogHelper.logPersistenceUnitInformation - HHH000204: Processing PersistenceUnitInfo [name: default]
2024-04-25 15:34:03.400 [restartedMain] INFO  org.hibernate.Version.logVersion - HHH000412: Hibernate ORM core version 6.4.1.Final
2024-04-25 15:34:03.460 [restartedMain] INFO  o.h.c.i.RegionFactoryInitiator.initiateService - HHH000026: Second-level cache disabled
2024-04-25 15:34:03.868 [restartedMain] INFO  o.s.o.j.p.SpringPersistenceUnitInfo.addTransformer - No LoadTimeWeaver setup: ignoring JPA class transformer
2024-04-25 15:34:03.916 [restartedMain] INFO  com.zaxxer.hikari.HikariDataSource.getConnection - HikariPool-1 - Starting...
2024-04-25 15:34:04.090 [restartedMain] INFO  com.zaxxer.hikari.pool.HikariPool.checkFailFast - HikariPool-1 - Added connection org.mariadb.jdbc.Connection@438ea72b
2024-04-25 15:34:04.092 [restartedMain] INFO  com.zaxxer.hikari.HikariDataSource.getConnection - HikariPool-1 - Start completed.
2024-04-25 15:34:05.728 [restartedMain] INFO  o.h.e.t.j.p.i.JtaPlatformInitiator.initiateService - HHH000489: No JTA platform available (set 'hibernate.transaction.jta.platform' to enable JTA platform integration)
2024-04-25 15:34:05.890 [restartedMain] INFO  o.s.o.j.LocalContainerEntityManagerFactoryBean.buildNativeEntityManagerFactory - Initialized JPA EntityManagerFactory for persistence unit 'default'
2024-04-25 15:34:06.751 [restartedMain] INFO  o.s.d.j.r.query.QueryEnhancerFactory.<clinit> - Hibernate is in classpath; If applicable, HQL parser will be used.
2024-04-25 15:34:07.990 [restartedMain] INFO  o.s.s.web.DefaultSecurityFilterChain.<init> - Will secure any request with [org.springframework.security.web.session.DisableEncodeUrlFilter@26d2977a, org.springframework.security.web.context.request.async.WebAsyncManagerIntegrationFilter@560b7f0b, org.springframework.security.web.context.SecurityContextHolderFilter@78309e, org.springframework.security.web.header.HeaderWriterFilter@62958855, org.springframework.security.web.authentication.logout.LogoutFilter@275584df, com.example.RutasMoteras.security.JwtAuthenticationFilter@5753f313, org.springframework.security.web.savedrequest.RequestCacheAwareFilter@58962807, org.springframework.security.web.servletapi.SecurityContextHolderAwareRequestFilter@6e3423c9, org.springframework.security.web.authentication.AnonymousAuthenticationFilter@4707424b, org.springframework.security.web.session.SessionManagementFilter@a2bd4c2, org.springframework.security.web.access.ExceptionTranslationFilter@57223bda, org.springframework.security.web.access.intercept.AuthorizationFilter@760cf22b]
2024-04-25 15:34:08.475 [restartedMain] INFO  o.s.b.d.a.OptionalLiveReloadServer.startServer - LiveReload server is running on port 35729
2024-04-25 15:34:08.536 [restartedMain] INFO  o.s.b.w.e.tomcat.TomcatWebServer.start - Tomcat started on port 5000 (http) with context path ''
2024-04-25 15:34:08.549 [restartedMain] INFO  c.e.R.RutasMoterasApplication.logStarted - Started RutasMoterasApplication in 9.999 seconds (process running for 16.483)
2024-04-25 15:34:09.537 [http-nio-5000-exec-1] INFO  o.a.c.c.C.[Tomcat].[localhost].[/].log - Initializing Spring DispatcherServlet 'dispatcherServlet'
2024-04-25 15:34:09.537 [http-nio-5000-exec-1] INFO  o.s.web.servlet.DispatcherServlet.initServletBean - Initializing Servlet 'dispatcherServlet'
2024-04-25 15:34:09.538 [http-nio-5000-exec-1] INFO  o.s.web.servlet.DispatcherServlet.initServletBean - Completed initialization in 1 ms
2024-04-25 15:34:09.738 [http-nio-5000-exec-1] DEBUG org.hibernate.SQL.logStatement - select u1_0.`id`,u1_0.`city`,u1_0.`creation_date`,u1_0.`email`,u1_0.`image`,u1_0.`name`,u1_0.`password`,u1_0.`postal_code`,u1_0.`surname`,u1_0.`username` from `user` u1_0 where u1_0.`username`=?
2024-04-25 15:34:09.774 [http-nio-5000-exec-1] DEBUG org.hibernate.SQL.logStatement - select r1_0.`user_id`,r1_1.`id`,r1_1.`name` from `user_role` r1_0 join `rol` r1_1 on r1_1.`id`=r1_0.`role_id` where r1_0.`user_id`=?
2024-04-25 15:34:09.835 [http-nio-5000-exec-1] DEBUG org.hibernate.SQL.logStatement - select r1_0.`id`,r1_0.`comunidad_autonoma`,r1_0.`tipo_moto`,r1_0.`descripcion`,r1_0.`fecha_creacion`,r1_0.`imageurl`,r1_0.`titulo`,r1_0.`user_id` from `ruta` r1_0
2024-04-25 15:34:10.177 [http-nio-5000-exec-2] DEBUG org.hibernate.SQL.logStatement - select u1_0.`id`,u1_0.`city`,u1_0.`creation_date`,u1_0.`email`,u1_0.`image`,u1_0.`name`,u1_0.`password`,u1_0.`postal_code`,u1_0.`surname`,u1_0.`username` from `user` u1_0 where u1_0.`username`=?
2024-04-25 15:34:10.179 [http-nio-5000-exec-2] DEBUG org.hibernate.SQL.logStatement - select r1_0.`user_id`,r1_1.`id`,r1_1.`name` from `user_role` r1_0 join `rol` r1_1 on r1_1.`id`=r1_0.`role_id` where r1_0.`user_id`=?
2024-04-25 15:34:10.188 [http-nio-5000-exec-2] DEBUG org.hibernate.SQL.logStatement - select r1_0.`id`,r1_0.`comunidad_autonoma`,r1_0.`tipo_moto`,r1_0.`descripcion`,r1_0.`fecha_creacion`,r1_0.`imageurl`,r1_0.`titulo`,r1_0.`user_id` from `ruta` r1_0
2024-04-25 15:34:43.306 [SpringApplicationShutdownHook] INFO  o.s.o.j.LocalContainerEntityManagerFactoryBean.destroy - Closing JPA EntityManagerFactory for persistence unit 'default'
2024-04-25 15:34:43.311 [SpringApplicationShutdownHook] INFO  com.zaxxer.hikari.HikariDataSource.close - HikariPool-1 - Shutdown initiated...
2024-04-25 15:34:43.317 [SpringApplicationShutdownHook] INFO  com.zaxxer.hikari.HikariDataSource.close - HikariPool-1 - Shutdown completed.
